Tag Restoration Started: 2026-01-04T06:18:44.697Z

══════════════════════════════════════════════════
🏷️  Restoring Original Chinese Tags from Pixnet
══════════════════════════════════════════════════

Found 770 articles to process

⚠️ 12077829636.md: Could not fetch tags from https://lolwarden.pixnet.net/blog/posts/12077829636
⚠️ 12077251311.md: Could not fetch tags from https://lolwarden.pixnet.net/blog/posts/12077251311
⚠️ 12077829366.md: Could not fetch tags from https://lolwarden.pixnet.net/blog/posts/12077829366
⚠️ 12077832906.md: Could not fetch tags from https://lolwarden.pixnet.net/blog/posts/12077832906
⚠️ 12077263533.md: Could not fetch tags from https://lolwarden.pixnet.net/blog/posts/12077263533

📊 Progress: 5/770 (0 updated)

⚠️ 12082061583.md: Could not fetch tags from https://lolwarden.pixnet.net/blog/posts/12082061583
⚠️ 12078061170.md: Could not fetch tags from https://lolwarden.pixnet.net/blog/posts/12078061170
⚠️ 12082057317.md: Could not fetch tags from https://lolwarden.pixnet.net/blog/posts/12082057317
⚠️ 12082060758.md: Could not fetch tags from https://lolwarden.pixnet.net/blog/posts/12082060758
⚠️ 12082031214.md: Could not fetch tags from https://lolwarden.pixnet.net/blog/posts/12082031214

📊 Progress: 10/770 (0 updated)

⚠️ 12086445234.md: Could not fetch tags from https://lolwarden.pixnet.net/blog/posts/12086445234
⚠️ 12086408307.md: Could not fetch tags from https://lolwarden.pixnet.net/blog/posts/12086408307
⚠️ 12087370986.md: Could not fetch tags from https://lolwarden.pixnet.net/blog/posts/12087370986
⚠️ 12083024121.md: Could not fetch tags from https://lolwarden.pixnet.net/blog/posts/12083024121
⚠️ 12083025372.md: Could not fetch tags from https://lolwarden.pixnet.net/blog/posts/12083025372

📊 Progress: 15/770 (0 updated)

⚠️ 12092108088.md: Could not fetch tags from https://lolwarden.pixnet.net/blog/posts/12092108088
⚠️ 12087470730.md: Could not fetch tags from https://lolwarden.pixnet.net/blog/posts/12087470730
⚠️ 12096439405.md: Could not fetch tags from https://lolwarden.pixnet.net/blog/posts/12096439405
⚠️ 12097825063.md: Could not fetch tags from https://lolwarden.pixnet.net/blog/posts/12097825063
⚠️ 12088665150.md: Could not fetch tags from https://lolwarden.pixnet.net/blog/posts/12088665150

📊 Progress: 20/770 (0 updated)

⚠️ 12112006345.md: Could not fetch tags from https://lolwarden.pixnet.net/blog/posts/12112006345
⚠️ 12105933271.md: Could not fetch tags from https://lolwarden.pixnet.net/blog/posts/12105933271
⚠️ 12098930902.md: Could not fetch tags from https://lolwarden.pixnet.net/blog/posts/12098930902
⚠️ 12106284496.md: Could not fetch tags from https://lolwarden.pixnet.net/blog/posts/12106284496
⚠️ 12116245072.md: Could not fetch tags from https://lolwarden.pixnet.net/blog/posts/12116245072

📊 Progress: 25/770 (0 updated)

⚠️ 12127932508.md: Could not fetch tags from https://lolwarden.pixnet.net/blog/posts/12127932508
⚠️ 12133723429.md: Could not fetch tags from https://lolwarden.pixnet.net/blog/posts/12133723429
⚠️ 12118837180.md: Could not fetch tags from https://lolwarden.pixnet.net/blog/posts/12118837180
⚠️ 12135126367.md: Could not fetch tags from https://lolwarden.pixnet.net/blog/posts/12135126367
⚠️ 12117465766.md: Could not fetch tags from https://lolwarden.pixnet.net/blog/posts/12117465766

📊 Progress: 30/770 (0 updated)

⚠️ 12136694017.md: Could not fetch tags from https://lolwarden.pixnet.net/blog/posts/12136694017
⚠️ 12142269550.md: Could not fetch tags from https://lolwarden.pixnet.net/blog/posts/12142269550
⚠️ 12143431792.md: Could not fetch tags from https://lolwarden.pixnet.net/blog/posts/12143431792
⚠️ 12138609760.md: Could not fetch tags from https://lolwarden.pixnet.net/blog/posts/12138609760
⚠️ 12145543618.md: Could not fetch tags from https://lolwarden.pixnet.net/blog/posts/12145543618

📊 Progress: 35/770 (0 updated)

⚠️ 12159708082.md: Could not fetch tags from https://lolwarden.pixnet.net/blog/posts/12159708082
⚠️ 12160517401.md: Could not fetch tags from https://lolwarden.pixnet.net/blog/posts/12160517401
⚠️ 12152772457.md: Could not fetch tags from https://lolwarden.pixnet.net/blog/posts/12152772457
⚠️ 12165872218.md: Could not fetch tags from https://lolwarden.pixnet.net/blog/posts/12165872218
⚠️ 12164747068.md: Could not fetch tags from https://lolwarden.pixnet.net/blog/posts/12164747068

📊 Progress: 40/770 (0 updated)

⚠️ 12174749200.md: Could not fetch tags from https://lolwarden.pixnet.net/blog/posts/12174749200
⚠️ 12172673044.md: Could not fetch tags from https://lolwarden.pixnet.net/blog/posts/12172673044
⚠️ 12166988656.md: Could not fetch tags from https://lolwarden.pixnet.net/blog/posts/12166988656
⚠️ 12174663532.md: Could not fetch tags from https://lolwarden.pixnet.net/blog/posts/12174663532
⚠️ 12175534636.md: Could not fetch tags from https://lolwarden.pixnet.net/blog/posts/12175534636

📊 Progress: 45/770 (0 updated)

⚠️ 12178501420.md: Could not fetch tags from https://lolwarden.pixnet.net/blog/posts/12178501420
⚠️ 12178054786.md: Could not fetch tags from https://lolwarden.pixnet.net/blog/posts/12178054786
⚠️ 12177852637.md: Could not fetch tags from https://lolwarden.pixnet.net/blog/posts/12177852637
⚠️ 12177133849.md: Could not fetch tags from https://lolwarden.pixnet.net/blog/posts/12177133849
⚠️ 12178702573.md: Could not fetch tags from https://lolwarden.pixnet.net/blog/posts/12178702573

📊 Progress: 50/770 (0 updated)

⚠️ 12179377579.md: Could not fetch tags from https://lolwarden.pixnet.net/blog/posts/12179377579
⚠️ 12180463030.md: Could not fetch tags from https://lolwarden.pixnet.net/blog/posts/12180463030
⚠️ 12178718344.md: Could not fetch tags from https://lolwarden.pixnet.net/blog/posts/12178718344
⚠️ 12179681200.md: Could not fetch tags from https://lolwarden.pixnet.net/blog/posts/12179681200
⚠️ 12180249034.md: Could not fetch tags from https://lolwarden.pixnet.net/blog/posts/12180249034

📊 Progress: 55/770 (0 updated)

⚠️ 12180604702.md: Could not fetch tags from https://lolwarden.pixnet.net/blog/posts/12180604702
⚠️ 12181387855.md: Could not fetch tags from https://lolwarden.pixnet.net/blog/posts/12181387855
⚠️ 12181676485.md: Could not fetch tags from https://lolwarden.pixnet.net/blog/posts/12181676485
⚠️ 12181517782.md: Could not fetch tags from https://lolwarden.pixnet.net/blog/posts/12181517782
⚠️ 12181838775.md: Could not fetch tags from https://lolwarden.pixnet.net/blog/posts/12181838775

📊 Progress: 60/770 (0 updated)

⚠️ 12182316574.md: Could not fetch tags from https://lolwarden.pixnet.net/blog/posts/12182316574
⚠️ 12183302209.md: Could not fetch tags from https://lolwarden.pixnet.net/blog/posts/12183302209
⚠️ 12182968045.md: Could not fetch tags from https://lolwarden.pixnet.net/blog/posts/12182968045
⚠️ 12183285256.md: Could not fetch tags from https://lolwarden.pixnet.net/blog/posts/12183285256
⚠️ 12183008551.md: Could not fetch tags from https://lolwarden.pixnet.net/blog/posts/12183008551

📊 Progress: 65/770 (0 updated)

⚠️ 12184385107.md: Could not fetch tags from https://lolwarden.pixnet.net/blog/posts/12184385107
⚠️ 12184511755.md: Could not fetch tags from https://lolwarden.pixnet.net/blog/posts/12184511755
⚠️ 12184639069.md: Could not fetch tags from https://lolwarden.pixnet.net/blog/posts/12184639069
⚠️ 12185601781.md: Could not fetch tags from https://lolwarden.pixnet.net/blog/posts/12185601781
⚠️ 12184794781.md: Could not fetch tags from https://lolwarden.pixnet.net/blog/posts/12184794781

📊 Progress: 70/770 (0 updated)

⚠️ 12188042521.md: Could not fetch tags from https://lolwarden.pixnet.net/blog/posts/12188042521
⚠️ 12186987298.md: Could not fetch tags from https://lolwarden.pixnet.net/blog/posts/12186987298
⚠️ 12185800675.md: Could not fetch tags from https://lolwarden.pixnet.net/blog/posts/12185800675
⚠️ 12189040429.md: Could not fetch tags from https://lolwarden.pixnet.net/blog/posts/12189040429
⚠️ 12188183914.md: Could not fetch tags from https://lolwarden.pixnet.net/blog/posts/12188183914

📊 Progress: 75/770 (0 updated)

⚠️ 12189467845.md: Could not fetch tags from https://lolwarden.pixnet.net/blog/posts/12189467845
⚠️ 12189274486.md: Could not fetch tags from https://lolwarden.pixnet.net/blog/posts/12189274486
⚠️ 12189265234.md: Could not fetch tags from https://lolwarden.pixnet.net/blog/posts/12189265234
⚠️ 12189370822.md: Could not fetch tags from https://lolwarden.pixnet.net/blog/posts/12189370822
⚠️ 12189377245.md: Could not fetch tags from https://lolwarden.pixnet.net/blog/posts/12189377245

📊 Progress: 80/770 (0 updated)

⚠️ 12190905775.md: Could not fetch tags from https://lolwarden.pixnet.net/blog/posts/12190905775
⚠️ 12190367986.md: Could not fetch tags from https://lolwarden.pixnet.net/blog/posts/12190367986
⚠️ 12190825186.md: Could not fetch tags from https://lolwarden.pixnet.net/blog/posts/12190825186
⚠️ 12189650512.md: Could not fetch tags from https://lolwarden.pixnet.net/blog/posts/12189650512
⚠️ 12189562387.md: Could not fetch tags from https://lolwarden.pixnet.net/blog/posts/12189562387

📊 Progress: 85/770 (0 updated)

⚠️ 12191339125.md: Could not fetch tags from https://lolwarden.pixnet.net/blog/posts/12191339125
⚠️ 12191368132.md: Could not fetch tags from https://lolwarden.pixnet.net/blog/posts/12191368132
⚠️ 12190940965.md: Could not fetch tags from https://lolwarden.pixnet.net/blog/posts/12190940965
⚠️ 12191827687.md: Could not fetch tags from https://lolwarden.pixnet.net/blog/posts/12191827687
⚠️ 12191034448.md: Could not fetch tags from https://lolwarden.pixnet.net/blog/posts/12191034448

📊 Progress: 90/770 (0 updated)

⚠️ 12192709930.md: Could not fetch tags from https://lolwarden.pixnet.net/blog/posts/12192709930
⚠️ 12196361035.md: Could not fetch tags from https://lolwarden.pixnet.net/blog/posts/12196361035
⚠️ 12194357269.md: Could not fetch tags from https://lolwarden.pixnet.net/blog/posts/12194357269
⚠️ 12192814528.md: Could not fetch tags from https://lolwarden.pixnet.net/blog/posts/12192814528
⚠️ 12192670144.md: Could not fetch tags from https://lolwarden.pixnet.net/blog/posts/12192670144

📊 Progress: 95/770 (0 updated)

⚠️ 12199042474.md: Could not fetch tags from https://lolwarden.pixnet.net/blog/posts/12199042474
⚠️ 12201987280.md: Could not fetch tags from https://lolwarden.pixnet.net/blog/posts/12201987280
⚠️ 12198747733.md: Could not fetch tags from https://lolwarden.pixnet.net/blog/posts/12198747733
⚠️ 12201683488.md: Could not fetch tags from https://lolwarden.pixnet.net/blog/posts/12201683488
⚠️ 12201600130.md: Could not fetch tags from https://lolwarden.pixnet.net/blog/posts/12201600130

📊 Progress: 100/770 (0 updated)

⚠️ 12202165861.md: Could not fetch tags from https://lolwarden.pixnet.net/blog/posts/12202165861
⚠️ 12202617046.md: Could not fetch tags from https://lolwarden.pixnet.net/blog/posts/12202617046
⚠️ 12202628140.md: Could not fetch tags from https://lolwarden.pixnet.net/blog/posts/12202628140
⚠️ 12202470244.md: Could not fetch tags from https://lolwarden.pixnet.net/blog/posts/12202470244
⚠️ 12202677241.md: Could not fetch tags from https://lolwarden.pixnet.net/blog/posts/12202677241

📊 Progress: 105/770 (0 updated)

⚠️ 12203627497.md: Could not fetch tags from https://lolwarden.pixnet.net/blog/posts/12203627497
⚠️ 12203589934.md: Could not fetch tags from https://lolwarden.pixnet.net/blog/posts/12203589934
⚠️ 12202680460.md: Could not fetch tags from https://lolwarden.pixnet.net/blog/posts/12202680460
⚠️ 12203228653.md: Could not fetch tags from https://lolwarden.pixnet.net/blog/posts/12203228653
⚠️ 12203672548.md: Could not fetch tags from https://lolwarden.pixnet.net/blog/posts/12203672548

📊 Progress: 110/770 (0 updated)

⚠️ 12204192769.md: Could not fetch tags from https://lolwarden.pixnet.net/blog/posts/12204192769
⚠️ 12204044770.md: Could not fetch tags from https://lolwarden.pixnet.net/blog/posts/12204044770
⚠️ 12204507580.md: Could not fetch tags from https://lolwarden.pixnet.net/blog/posts/12204507580
⚠️ 12204542842.md: Could not fetch tags from https://lolwarden.pixnet.net/blog/posts/12204542842
⚠️ 12204544045.md: Could not fetch tags from https://lolwarden.pixnet.net/blog/posts/12204544045

📊 Progress: 115/770 (0 updated)

⚠️ 12204962857.md: Could not fetch tags from https://lolwarden.pixnet.net/blog/posts/12204962857
⚠️ 12204852859.md: Could not fetch tags from https://lolwarden.pixnet.net/blog/posts/12204852859
⚠️ 12205040188.md: Could not fetch tags from https://lolwarden.pixnet.net/blog/posts/12205040188
⚠️ 12205362427.md: Could not fetch tags from https://lolwarden.pixnet.net/blog/posts/12205362427
⚠️ 12205038157.md: Could not fetch tags from https://lolwarden.pixnet.net/blog/posts/12205038157

📊 Progress: 120/770 (0 updated)

⚠️ 12205501021.md: Could not fetch tags from https://lolwarden.pixnet.net/blog/posts/12205501021
⚠️ 12205608520.md: Could not fetch tags from https://lolwarden.pixnet.net/blog/posts/12205608520
⚠️ 12205652428.md: Could not fetch tags from https://lolwarden.pixnet.net/blog/posts/12205652428
⚠️ 12205362622.md: Could not fetch tags from https://lolwarden.pixnet.net/blog/posts/12205362622
⚠️ 12205911838.md: Could not fetch tags from https://lolwarden.pixnet.net/blog/posts/12205911838

📊 Progress: 125/770 (0 updated)

⚠️ 12207156352.md: Could not fetch tags from https://lolwarden.pixnet.net/blog/posts/12207156352
⚠️ 12207163234.md: Could not fetch tags from https://lolwarden.pixnet.net/blog/posts/12207163234
⚠️ 12206779864.md: Could not fetch tags from https://lolwarden.pixnet.net/blog/posts/12206779864
⚠️ 12205923685.md: Could not fetch tags from https://lolwarden.pixnet.net/blog/posts/12205923685
⚠️ 12206499607.md: Could not fetch tags from https://lolwarden.pixnet.net/blog/posts/12206499607

📊 Progress: 130/770 (0 updated)

⚠️ 12208388308.md: Could not fetch tags from https://lolwarden.pixnet.net/blog/posts/12208388308
⚠️ 12208470850.md: Could not fetch tags from https://lolwarden.pixnet.net/blog/posts/12208470850
⚠️ 12208699222.md: Could not fetch tags from https://lolwarden.pixnet.net/blog/posts/12208699222
⚠️ 12208205662.md: Could not fetch tags from https://lolwarden.pixnet.net/blog/posts/12208205662
⚠️ 12208155379.md: Could not fetch tags from https://lolwarden.pixnet.net/blog/posts/12208155379

📊 Progress: 135/770 (0 updated)

⚠️ 12208715110.md: Could not fetch tags from https://lolwarden.pixnet.net/blog/posts/12208715110
⚠️ 12208873957.md: Could not fetch tags from https://lolwarden.pixnet.net/blog/posts/12208873957
⚠️ 12209096401.md: Could not fetch tags from https://lolwarden.pixnet.net/blog/posts/12209096401
⚠️ 12208715311.md: Could not fetch tags from https://lolwarden.pixnet.net/blog/posts/12208715311
⚠️ 12209010178.md: Could not fetch tags from https://lolwarden.pixnet.net/blog/posts/12209010178

📊 Progress: 140/770 (0 updated)

⚠️ 12209910709.md: Could not fetch tags from https://lolwarden.pixnet.net/blog/posts/12209910709
⚠️ 12209279128.md: Could not fetch tags from https://lolwarden.pixnet.net/blog/posts/12209279128
⚠️ 12209653876.md: Could not fetch tags from https://lolwarden.pixnet.net/blog/posts/12209653876
⚠️ 12209332888.md: Could not fetch tags from https://lolwarden.pixnet.net/blog/posts/12209332888
⚠️ 12209114680.md: Could not fetch tags from https://lolwarden.pixnet.net/blog/posts/12209114680

📊 Progress: 145/770 (0 updated)

⚠️ 12210640042.md: Could not fetch tags from https://lolwarden.pixnet.net/blog/posts/12210640042
⚠️ 12210573619.md: Could not fetch tags from https://lolwarden.pixnet.net/blog/posts/12210573619
⚠️ 12211069915.md: Could not fetch tags from https://lolwarden.pixnet.net/blog/posts/12211069915
⚠️ 12210549349.md: Could not fetch tags from https://lolwarden.pixnet.net/blog/posts/12210549349
⚠️ 12210838447.md: Could not fetch tags from https://lolwarden.pixnet.net/blog/posts/12210838447

📊 Progress: 150/770 (0 updated)

⚠️ 12211688131.md: Could not fetch tags from https://lolwarden.pixnet.net/blog/posts/12211688131
⚠️ 12211429141.md: Could not fetch tags from https://lolwarden.pixnet.net/blog/posts/12211429141
⚠️ 12211127140.md: Could not fetch tags from https://lolwarden.pixnet.net/blog/posts/12211127140
⚠️ 12211074433.md: Could not fetch tags from https://lolwarden.pixnet.net/blog/posts/12211074433
⚠️ 12211686292.md: Could not fetch tags from https://lolwarden.pixnet.net/blog/posts/12211686292

📊 Progress: 155/770 (0 updated)

⚠️ 12211941988.md: Could not fetch tags from https://lolwarden.pixnet.net/blog/posts/12211941988
⚠️ 12212196619.md: Could not fetch tags from https://lolwarden.pixnet.net/blog/posts/12212196619
⚠️ 12212410045.md: Could not fetch tags from https://lolwarden.pixnet.net/blog/posts/12212410045
⚠️ 12212224591.md: Could not fetch tags from https://lolwarden.pixnet.net/blog/posts/12212224591
⚠️ 12212191720.md: Could not fetch tags from https://lolwarden.pixnet.net/blog/posts/12212191720

📊 Progress: 160/770 (0 updated)

⚠️ 12213123751.md: Could not fetch tags from https://lolwarden.pixnet.net/blog/posts/12213123751
⚠️ 12212881705.md: Could not fetch tags from https://lolwarden.pixnet.net/blog/posts/12212881705
⚠️ 12212747860.md: Could not fetch tags from https://lolwarden.pixnet.net/blog/posts/12212747860
⚠️ 12212917852.md: Could not fetch tags from https://lolwarden.pixnet.net/blog/posts/12212917852
⚠️ 12213121687.md: Could not fetch tags from https://lolwarden.pixnet.net/blog/posts/12213121687

📊 Progress: 165/770 (0 updated)

⚠️ 12213503005.md: Could not fetch tags from https://lolwarden.pixnet.net/blog/posts/12213503005
⚠️ 12213527974.md: Could not fetch tags from https://lolwarden.pixnet.net/blog/posts/12213527974
⚠️ 12213327118.md: Could not fetch tags from https://lolwarden.pixnet.net/blog/posts/12213327118
⚠️ 12213650668.md: Could not fetch tags from https://lolwarden.pixnet.net/blog/posts/12213650668
⚠️ 12213673300.md: Could not fetch tags from https://lolwarden.pixnet.net/blog/posts/12213673300

📊 Progress: 170/770 (0 updated)

⚠️ 12213866407.md: Could not fetch tags from https://lolwarden.pixnet.net/blog/posts/12213866407
⚠️ 12213714016.md: Could not fetch tags from https://lolwarden.pixnet.net/blog/posts/12213714016
⚠️ 12213691540.md: Could not fetch tags from https://lolwarden.pixnet.net/blog/posts/12213691540
⚠️ 12213691177.md: Could not fetch tags from https://lolwarden.pixnet.net/blog/posts/12213691177
⚠️ 12213742684.md: Could not fetch tags from https://lolwarden.pixnet.net/blog/posts/12213742684

📊 Progress: 175/770 (0 updated)

⚠️ 12214211953.md: Could not fetch tags from https://lolwarden.pixnet.net/blog/posts/12214211953
⚠️ 12213869236.md: Could not fetch tags from https://lolwarden.pixnet.net/blog/posts/12213869236
⚠️ 12214184035.md: Could not fetch tags from https://lolwarden.pixnet.net/blog/posts/12214184035
⚠️ 12214051354.md: Could not fetch tags from https://lolwarden.pixnet.net/blog/posts/12214051354
⚠️ 12213869413.md: Could not fetch tags from https://lolwarden.pixnet.net/blog/posts/12213869413

📊 Progress: 180/770 (0 updated)

⚠️ 12214678244.md: Could not fetch tags from https://lolwarden.pixnet.net/blog/posts/12214678244
⚠️ 12214598792.md: Could not fetch tags from https://lolwarden.pixnet.net/blog/posts/12214598792
⚠️ 12214512650.md: Could not fetch tags from https://lolwarden.pixnet.net/blog/posts/12214512650
⚠️ 12214221301.md: Could not fetch tags from https://lolwarden.pixnet.net/blog/posts/12214221301
⚠️ 12214429172.md: Could not fetch tags from https://lolwarden.pixnet.net/blog/posts/12214429172

📊 Progress: 185/770 (0 updated)

⚠️ 12214746968.md: Could not fetch tags from https://lolwarden.pixnet.net/blog/posts/12214746968
⚠️ 12214765550.md: Could not fetch tags from https://lolwarden.pixnet.net/blog/posts/12214765550
⚠️ 12215198792.md: Could not fetch tags from https://lolwarden.pixnet.net/blog/posts/12215198792
⚠️ 12214865279.md: Could not fetch tags from https://lolwarden.pixnet.net/blog/posts/12214865279
⚠️ 12214805411.md: Could not fetch tags from https://lolwarden.pixnet.net/blog/posts/12214805411

📊 Progress: 190/770 (0 updated)

⚠️ 12215333222.md: Could not fetch tags from https://lolwarden.pixnet.net/blog/posts/12215333222
⚠️ 12215218634.md: Could not fetch tags from https://lolwarden.pixnet.net/blog/posts/12215218634
⚠️ 12215336210.md: Could not fetch tags from https://lolwarden.pixnet.net/blog/posts/12215336210
⚠️ 12215216780.md: Could not fetch tags from https://lolwarden.pixnet.net/blog/posts/12215216780
⚠️ 12215200985.md: Could not fetch tags from https://lolwarden.pixnet.net/blog/posts/12215200985

📊 Progress: 195/770 (0 updated)

⚠️ 12215601200.md: Could not fetch tags from https://lolwarden.pixnet.net/blog/posts/12215601200
⚠️ 12215606285.md: Could not fetch tags from https://lolwarden.pixnet.net/blog/posts/12215606285
⚠️ 12216040106.md: Could not fetch tags from https://lolwarden.pixnet.net/blog/posts/12216040106
⚠️ 12216005504.md: Could not fetch tags from https://lolwarden.pixnet.net/blog/posts/12216005504
⚠️ 12215836445.md: Could not fetch tags from https://lolwarden.pixnet.net/blog/posts/12215836445

📊 Progress: 200/770 (0 updated)

⚠️ 12216233690.md: Could not fetch tags from https://lolwarden.pixnet.net/blog/posts/12216233690
⚠️ 12216153389.md: Could not fetch tags from https://lolwarden.pixnet.net/blog/posts/12216153389
⚠️ 12216289445.md: Could not fetch tags from https://lolwarden.pixnet.net/blog/posts/12216289445
⚠️ 12216172910.md: Could not fetch tags from https://lolwarden.pixnet.net/blog/posts/12216172910
⚠️ 12216041258.md: Could not fetch tags from https://lolwarden.pixnet.net/blog/posts/12216041258

📊 Progress: 205/770 (0 updated)

⚠️ 12216430856.md: Could not fetch tags from https://lolwarden.pixnet.net/blog/posts/12216430856
⚠️ 12216629534.md: Could not fetch tags from https://lolwarden.pixnet.net/blog/posts/12216629534
⚠️ 12216434132.md: Could not fetch tags from https://lolwarden.pixnet.net/blog/posts/12216434132
⚠️ 12216584675.md: Could not fetch tags from https://lolwarden.pixnet.net/blog/posts/12216584675
⚠️ 12216627215.md: Could not fetch tags from https://lolwarden.pixnet.net/blog/posts/12216627215

📊 Progress: 210/770 (0 updated)

⚠️ 12216910463.md: Could not fetch tags from https://lolwarden.pixnet.net/blog/posts/12216910463
⚠️ 12216658091.md: Could not fetch tags from https://lolwarden.pixnet.net/blog/posts/12216658091
⚠️ 12216882764.md: Could not fetch tags from https://lolwarden.pixnet.net/blog/posts/12216882764
⚠️ 12216935858.md: Could not fetch tags from https://lolwarden.pixnet.net/blog/posts/12216935858
⚠️ 12216914843.md: Could not fetch tags from https://lolwarden.pixnet.net/blog/posts/12216914843

📊 Progress: 215/770 (0 updated)

⚠️ 12216996395.md: Could not fetch tags from https://lolwarden.pixnet.net/blog/posts/12216996395
⚠️ 12217011860.md: Could not fetch tags from https://lolwarden.pixnet.net/blog/posts/12217011860
⚠️ 12217026275.md: Could not fetch tags from https://lolwarden.pixnet.net/blog/posts/12217026275
⚠️ 12216951575.md: Could not fetch tags from https://lolwarden.pixnet.net/blog/posts/12216951575
⚠️ 12216993296.md: Could not fetch tags from https://lolwarden.pixnet.net/blog/posts/12216993296

📊 Progress: 220/770 (0 updated)

⚠️ 12217360209.md: Could not fetch tags from https://lolwarden.pixnet.net/blog/posts/12217360209
⚠️ 12217234116.md: Could not fetch tags from https://lolwarden.pixnet.net/blog/posts/12217234116
⚠️ 12217093155.md: Could not fetch tags from https://lolwarden.pixnet.net/blog/posts/12217093155
⚠️ 12217300842.md: Could not fetch tags from https://lolwarden.pixnet.net/blog/posts/12217300842
⚠️ 12217254894.md: Could not fetch tags from https://lolwarden.pixnet.net/blog/posts/12217254894

📊 Progress: 225/770 (0 updated)

⚠️ 12217694646.md: Could not fetch tags from https://lolwarden.pixnet.net/blog/posts/12217694646
⚠️ 12217598829.md: Could not fetch tags from https://lolwarden.pixnet.net/blog/posts/12217598829
⚠️ 12217744974.md: Could not fetch tags from https://lolwarden.pixnet.net/blog/posts/12217744974
⚠️ 12217544691.md: Could not fetch tags from https://lolwarden.pixnet.net/blog/posts/12217544691
⚠️ 12217510860.md: Could not fetch tags from https://lolwarden.pixnet.net/blog/posts/12217510860

📊 Progress: 230/770 (0 updated)

⚠️ 12217857066.md: Could not fetch tags from https://lolwarden.pixnet.net/blog/posts/12217857066
⚠️ 12217965123.md: Could not fetch tags from https://lolwarden.pixnet.net/blog/posts/12217965123
⚠️ 12217858536.md: Could not fetch tags from https://lolwarden.pixnet.net/blog/posts/12217858536
⚠️ 12217912731.md: Could not fetch tags from https://lolwarden.pixnet.net/blog/posts/12217912731
⚠️ 12217778310.md: Could not fetch tags from https://lolwarden.pixnet.net/blog/posts/12217778310

📊 Progress: 235/770 (0 updated)

⚠️ 12218357571.md: Could not fetch tags from https://lolwarden.pixnet.net/blog/posts/12218357571
⚠️ 12218354760.md: Could not fetch tags from https://lolwarden.pixnet.net/blog/posts/12218354760
⚠️ 12218016438.md: Could not fetch tags from https://lolwarden.pixnet.net/blog/posts/12218016438
⚠️ 12218068200.md: Could not fetch tags from https://lolwarden.pixnet.net/blog/posts/12218068200
⚠️ 12218141679.md: Could not fetch tags from https://lolwarden.pixnet.net/blog/posts/12218141679

📊 Progress: 240/770 (0 updated)

⚠️ 12218529246.md: Could not fetch tags from https://lolwarden.pixnet.net/blog/posts/12218529246
⚠️ 12218719965.md: Could not fetch tags from https://lolwarden.pixnet.net/blog/posts/12218719965
⚠️ 12218517063.md: Could not fetch tags from https://lolwarden.pixnet.net/blog/posts/12218517063
⚠️ 12218679432.md: Could not fetch tags from https://lolwarden.pixnet.net/blog/posts/12218679432
⚠️ 12218445846.md: Could not fetch tags from https://lolwarden.pixnet.net/blog/posts/12218445846

📊 Progress: 245/770 (0 updated)

⚠️ 12219070230.md: Could not fetch tags from https://lolwarden.pixnet.net/blog/posts/12219070230
⚠️ 12219166476.md: Could not fetch tags from https://lolwarden.pixnet.net/blog/posts/12219166476
⚠️ 12219196674.md: Could not fetch tags from https://lolwarden.pixnet.net/blog/posts/12219196674
⚠️ 12218881626.md: Could not fetch tags from https://lolwarden.pixnet.net/blog/posts/12218881626
⚠️ 12219043518.md: Could not fetch tags from https://lolwarden.pixnet.net/blog/posts/12219043518

📊 Progress: 250/770 (0 updated)

⚠️ 12219263757.md: Could not fetch tags from https://lolwarden.pixnet.net/blog/posts/12219263757
⚠️ 12219480108.md: Could not fetch tags from https://lolwarden.pixnet.net/blog/posts/12219480108
⚠️ 12219348228.md: Could not fetch tags from https://lolwarden.pixnet.net/blog/posts/12219348228
⚠️ 12219253179.md: Could not fetch tags from https://lolwarden.pixnet.net/blog/posts/12219253179
⚠️ 12219346491.md: Could not fetch tags from https://lolwarden.pixnet.net/blog/posts/12219346491

📊 Progress: 255/770 (0 updated)

⚠️ 12219777594.md: Could not fetch tags from https://lolwarden.pixnet.net/blog/posts/12219777594
⚠️ 12220054077.md: Could not fetch tags from https://lolwarden.pixnet.net/blog/posts/12220054077
⚠️ 12219964512.md: Could not fetch tags from https://lolwarden.pixnet.net/blog/posts/12219964512
⚠️ 12220181664.md: Could not fetch tags from https://lolwarden.pixnet.net/blog/posts/12220181664
⚠️ 12219763278.md: Could not fetch tags from https://lolwarden.pixnet.net/blog/posts/12219763278

📊 Progress: 260/770 (0 updated)

⚠️ 12220957641.md: Could not fetch tags from https://lolwarden.pixnet.net/blog/posts/12220957641
⚠️ 12220941999.md: Could not fetch tags from https://lolwarden.pixnet.net/blog/posts/12220941999
⚠️ 12220183353.md: Could not fetch tags from https://lolwarden.pixnet.net/blog/posts/12220183353
⚠️ 12220612710.md: Could not fetch tags from https://lolwarden.pixnet.net/blog/posts/12220612710
⚠️ 12220836435.md: Could not fetch tags from https://lolwarden.pixnet.net/blog/posts/12220836435

📊 Progress: 265/770 (0 updated)

⚠️ 12221169843.md: Could not fetch tags from https://lolwarden.pixnet.net/blog/posts/12221169843
⚠️ 12221475849.md: Could not fetch tags from https://lolwarden.pixnet.net/blog/posts/12221475849
⚠️ 12221435973.md: Could not fetch tags from https://lolwarden.pixnet.net/blog/posts/12221435973
⚠️ 12221449272.md: Could not fetch tags from https://lolwarden.pixnet.net/blog/posts/12221449272
⚠️ 12221475780.md: Could not fetch tags from https://lolwarden.pixnet.net/blog/posts/12221475780

📊 Progress: 270/770 (0 updated)

⚠️ 12221510544.md: Could not fetch tags from https://lolwarden.pixnet.net/blog/posts/12221510544
⚠️ 12221591628.md: Could not fetch tags from https://lolwarden.pixnet.net/blog/posts/12221591628
⚠️ 12221549043.md: Could not fetch tags from https://lolwarden.pixnet.net/blog/posts/12221549043
⚠️ 12221549949.md: Could not fetch tags from https://lolwarden.pixnet.net/blog/posts/12221549949
⚠️ 12221592009.md: Could not fetch tags from https://lolwarden.pixnet.net/blog/posts/12221592009

📊 Progress: 275/770 (0 updated)

⚠️ 12221619996.md: Could not fetch tags from https://lolwarden.pixnet.net/blog/posts/12221619996
⚠️ 12221657781.md: Could not fetch tags from https://lolwarden.pixnet.net/blog/posts/12221657781
⚠️ 12221693832.md: Could not fetch tags from https://lolwarden.pixnet.net/blog/posts/12221693832
⚠️ 12221669775.md: Could not fetch tags from https://lolwarden.pixnet.net/blog/posts/12221669775
⚠️ 12221646258.md: Could not fetch tags from https://lolwarden.pixnet.net/blog/posts/12221646258

📊 Progress: 280/770 (0 updated)

⚠️ 12221812869.md: Could not fetch tags from https://lolwarden.pixnet.net/blog/posts/12221812869
⚠️ 12221780157.md: Could not fetch tags from https://lolwarden.pixnet.net/blog/posts/12221780157
⚠️ 12221764878.md: Could not fetch tags from https://lolwarden.pixnet.net/blog/posts/12221764878
⚠️ 12221738499.md: Could not fetch tags from https://lolwarden.pixnet.net/blog/posts/12221738499
⚠️ 12221814513.md: Could not fetch tags from https://lolwarden.pixnet.net/blog/posts/12221814513

📊 Progress: 285/770 (0 updated)

⚠️ 12221881710.md: Could not fetch tags from https://lolwarden.pixnet.net/blog/posts/12221881710
⚠️ 12221908377.md: Could not fetch tags from https://lolwarden.pixnet.net/blog/posts/12221908377
⚠️ 12221911575.md: Could not fetch tags from https://lolwarden.pixnet.net/blog/posts/12221911575
⚠️ 12221863206.md: Could not fetch tags from https://lolwarden.pixnet.net/blog/posts/12221863206
⚠️ 12221862207.md: Could not fetch tags from https://lolwarden.pixnet.net/blog/posts/12221862207

📊 Progress: 290/770 (0 updated)

⚠️ 12221982471.md: Could not fetch tags from https://lolwarden.pixnet.net/blog/posts/12221982471
⚠️ 12221993505.md: Could not fetch tags from https://lolwarden.pixnet.net/blog/posts/12221993505
⚠️ 12221925639.md: Could not fetch tags from https://lolwarden.pixnet.net/blog/posts/12221925639
⚠️ 12222002166.md: Could not fetch tags from https://lolwarden.pixnet.net/blog/posts/12222002166
⚠️ 12221916594.md: Could not fetch tags from https://lolwarden.pixnet.net/blog/posts/12221916594

📊 Progress: 295/770 (0 updated)

⚠️ 12222026874.md: Could not fetch tags from https://lolwarden.pixnet.net/blog/posts/12222026874
⚠️ 12222009261.md: Could not fetch tags from https://lolwarden.pixnet.net/blog/posts/12222009261
⚠️ 12222020868.md: Could not fetch tags from https://lolwarden.pixnet.net/blog/posts/12222020868
⚠️ 12222022221.md: Could not fetch tags from https://lolwarden.pixnet.net/blog/posts/12222022221
⚠️ 12222019104.md: Could not fetch tags from https://lolwarden.pixnet.net/blog/posts/12222019104

📊 Progress: 300/770 (0 updated)

⚠️ 12222045930.md: Could not fetch tags from https://lolwarden.pixnet.net/blog/posts/12222045930
⚠️ 12222055896.md: Could not fetch tags from https://lolwarden.pixnet.net/blog/posts/12222055896
⚠️ 12222081936.md: Could not fetch tags from https://lolwarden.pixnet.net/blog/posts/12222081936
⚠️ 12222067650.md: Could not fetch tags from https://lolwarden.pixnet.net/blog/posts/12222067650
⚠️ 12222096135.md: Could not fetch tags from https://lolwarden.pixnet.net/blog/posts/12222096135

📊 Progress: 305/770 (0 updated)

⚠️ 12222101406.md: Could not fetch tags from https://lolwarden.pixnet.net/blog/posts/12222101406
⚠️ 12222097455.md: Could not fetch tags from https://lolwarden.pixnet.net/blog/posts/12222097455
⚠️ 12222106764.md: Could not fetch tags from https://lolwarden.pixnet.net/blog/posts/12222106764
⚠️ 12222111273.md: Could not fetch tags from https://lolwarden.pixnet.net/blog/posts/12222111273
⚠️ 12222122079.md: Could not fetch tags from https://lolwarden.pixnet.net/blog/posts/12222122079

📊 Progress: 310/770 (0 updated)

⚠️ 12222128922.md: Could not fetch tags from https://lolwarden.pixnet.net/blog/posts/12222128922
⚠️ 12222170085.md: Could not fetch tags from https://lolwarden.pixnet.net/blog/posts/12222170085
⚠️ 12222165066.md: Could not fetch tags from https://lolwarden.pixnet.net/blog/posts/12222165066
⚠️ 12222162657.md: Could not fetch tags from https://lolwarden.pixnet.net/blog/posts/12222162657
⚠️ 12222140157.md: Could not fetch tags from https://lolwarden.pixnet.net/blog/posts/12222140157

📊 Progress: 315/770 (0 updated)

⚠️ 12222176391.md: Could not fetch tags from https://lolwarden.pixnet.net/blog/posts/12222176391
⚠️ 12222183501.md: Could not fetch tags from https://lolwarden.pixnet.net/blog/posts/12222183501
⚠️ 12222209520.md: Could not fetch tags from https://lolwarden.pixnet.net/blog/posts/12222209520
⚠️ 12222188106.md: Could not fetch tags from https://lolwarden.pixnet.net/blog/posts/12222188106
⚠️ 12222204975.md: Could not fetch tags from https://lolwarden.pixnet.net/blog/posts/12222204975

📊 Progress: 320/770 (0 updated)

⚠️ 12222237756.md: Could not fetch tags from https://lolwarden.pixnet.net/blog/posts/12222237756
⚠️ 12222220761.md: Could not fetch tags from https://lolwarden.pixnet.net/blog/posts/12222220761
⚠️ 12222251328.md: Could not fetch tags from https://lolwarden.pixnet.net/blog/posts/12222251328
⚠️ 12222221922.md: Could not fetch tags from https://lolwarden.pixnet.net/blog/posts/12222221922
⚠️ 12222217209.md: Could not fetch tags from https://lolwarden.pixnet.net/blog/posts/12222217209

📊 Progress: 325/770 (0 updated)

⚠️ 12222287223.md: Could not fetch tags from https://lolwarden.pixnet.net/blog/posts/12222287223
⚠️ 12222288126.md: Could not fetch tags from https://lolwarden.pixnet.net/blog/posts/12222288126
⚠️ 12222271890.md: Could not fetch tags from https://lolwarden.pixnet.net/blog/posts/12222271890
⚠️ 12222281190.md: Could not fetch tags from https://lolwarden.pixnet.net/blog/posts/12222281190
⚠️ 12222286011.md: Could not fetch tags from https://lolwarden.pixnet.net/blog/posts/12222286011

📊 Progress: 330/770 (0 updated)

⚠️ 12222318477.md: Could not fetch tags from https://lolwarden.pixnet.net/blog/posts/12222318477
⚠️ 12222301743.md: Could not fetch tags from https://lolwarden.pixnet.net/blog/posts/12222301743
⚠️ 12222346128.md: Could not fetch tags from https://lolwarden.pixnet.net/blog/posts/12222346128
⚠️ 12222322050.md: Could not fetch tags from https://lolwarden.pixnet.net/blog/posts/12222322050
⚠️ 12222336297.md: Could not fetch tags from https://lolwarden.pixnet.net/blog/posts/12222336297

📊 Progress: 335/770 (0 updated)

⚠️ 12222382542.md: Could not fetch tags from https://lolwarden.pixnet.net/blog/posts/12222382542
⚠️ 12222373182.md: Could not fetch tags from https://lolwarden.pixnet.net/blog/posts/12222373182
⚠️ 12222401151.md: Could not fetch tags from https://lolwarden.pixnet.net/blog/posts/12222401151
⚠️ 12222381651.md: Could not fetch tags from https://lolwarden.pixnet.net/blog/posts/12222381651
⚠️ 12222391554.md: Could not fetch tags from https://lolwarden.pixnet.net/blog/posts/12222391554

📊 Progress: 340/770 (0 updated)

⚠️ 12222444225.md: Could not fetch tags from https://lolwarden.pixnet.net/blog/posts/12222444225
⚠️ 12222426732.md: Could not fetch tags from https://lolwarden.pixnet.net/blog/posts/12222426732
⚠️ 12222450813.md: Could not fetch tags from https://lolwarden.pixnet.net/blog/posts/12222450813
⚠️ 12222422418.md: Could not fetch tags from https://lolwarden.pixnet.net/blog/posts/12222422418
⚠️ 12222466077.md: Could not fetch tags from https://lolwarden.pixnet.net/blog/posts/12222466077

📊 Progress: 345/770 (0 updated)

⚠️ 12222472086.md: Could not fetch tags from https://lolwarden.pixnet.net/blog/posts/12222472086
⚠️ 12222489126.md: Could not fetch tags from https://lolwarden.pixnet.net/blog/posts/12222489126
⚠️ 12222497469.md: Could not fetch tags from https://lolwarden.pixnet.net/blog/posts/12222497469
⚠️ 12222492327.md: Could not fetch tags from https://lolwarden.pixnet.net/blog/posts/12222492327
⚠️ 12222472512.md: Could not fetch tags from https://lolwarden.pixnet.net/blog/posts/12222472512

📊 Progress: 350/770 (0 updated)

⚠️ 12222518160.md: Could not fetch tags from https://lolwarden.pixnet.net/blog/posts/12222518160
⚠️ 12222513225.md: Could not fetch tags from https://lolwarden.pixnet.net/blog/posts/12222513225
⚠️ 12222513993.md: Could not fetch tags from https://lolwarden.pixnet.net/blog/posts/12222513993
⚠️ 12222538101.md: Could not fetch tags from https://lolwarden.pixnet.net/blog/posts/12222538101
⚠️ 12222538449.md: Could not fetch tags from https://lolwarden.pixnet.net/blog/posts/12222538449

📊 Progress: 355/770 (0 updated)

⚠️ 12222574542.md: Could not fetch tags from https://lolwarden.pixnet.net/blog/posts/12222574542
⚠️ 12222551871.md: Could not fetch tags from https://lolwarden.pixnet.net/blog/posts/12222551871
⚠️ 12222570474.md: Could not fetch tags from https://lolwarden.pixnet.net/blog/posts/12222570474
⚠️ 12222542751.md: Could not fetch tags from https://lolwarden.pixnet.net/blog/posts/12222542751
⚠️ 12222543198.md: Could not fetch tags from https://lolwarden.pixnet.net/blog/posts/12222543198

📊 Progress: 360/770 (0 updated)

⚠️ 12222585387.md: Could not fetch tags from https://lolwarden.pixnet.net/blog/posts/12222585387
⚠️ 12222644040.md: Could not fetch tags from https://lolwarden.pixnet.net/blog/posts/12222644040
⚠️ 12222631200.md: Could not fetch tags from https://lolwarden.pixnet.net/blog/posts/12222631200
⚠️ 12222651666.md: Could not fetch tags from https://lolwarden.pixnet.net/blog/posts/12222651666
⚠️ 12222618789.md: Could not fetch tags from https://lolwarden.pixnet.net/blog/posts/12222618789

📊 Progress: 365/770 (0 updated)

⚠️ 12222721587.md: Could not fetch tags from https://lolwarden.pixnet.net/blog/posts/12222721587
⚠️ 12222659328.md: Could not fetch tags from https://lolwarden.pixnet.net/blog/posts/12222659328
⚠️ 12222704472.md: Could not fetch tags from https://lolwarden.pixnet.net/blog/posts/12222704472
⚠️ 12222687849.md: Could not fetch tags from https://lolwarden.pixnet.net/blog/posts/12222687849
⚠️ 12222726009.md: Could not fetch tags from https://lolwarden.pixnet.net/blog/posts/12222726009

📊 Progress: 370/770 (0 updated)

⚠️ 12222754656.md: Could not fetch tags from https://lolwarden.pixnet.net/blog/posts/12222754656
⚠️ 12222787395.md: Could not fetch tags from https://lolwarden.pixnet.net/blog/posts/12222787395
⚠️ 12222758691.md: Could not fetch tags from https://lolwarden.pixnet.net/blog/posts/12222758691
⚠️ 12222795936.md: Could not fetch tags from https://lolwarden.pixnet.net/blog/posts/12222795936
⚠️ 12222790032.md: Could not fetch tags from https://lolwarden.pixnet.net/blog/posts/12222790032

📊 Progress: 375/770 (0 updated)

⚠️ 12222823665.md: Could not fetch tags from https://lolwarden.pixnet.net/blog/posts/12222823665
⚠️ 12222827667.md: Could not fetch tags from https://lolwarden.pixnet.net/blog/posts/12222827667
⚠️ 12222863751.md: Could not fetch tags from https://lolwarden.pixnet.net/blog/posts/12222863751
⚠️ 12222841185.md: Could not fetch tags from https://lolwarden.pixnet.net/blog/posts/12222841185
⚠️ 12222850968.md: Could not fetch tags from https://lolwarden.pixnet.net/blog/posts/12222850968

📊 Progress: 380/770 (0 updated)

⚠️ 12222874917.md: Could not fetch tags from https://lolwarden.pixnet.net/blog/posts/12222874917
⚠️ 12222969117.md: Could not fetch tags from https://lolwarden.pixnet.net/blog/posts/12222969117
⚠️ 12222929421.md: Could not fetch tags from https://lolwarden.pixnet.net/blog/posts/12222929421
⚠️ 12222962829.md: Could not fetch tags from https://lolwarden.pixnet.net/blog/posts/12222962829
⚠️ 12222894153.md: Could not fetch tags from https://lolwarden.pixnet.net/blog/posts/12222894153

📊 Progress: 385/770 (0 updated)

⚠️ 12223049217.md: Could not fetch tags from https://lolwarden.pixnet.net/blog/posts/12223049217
⚠️ 12222992559.md: Could not fetch tags from https://lolwarden.pixnet.net/blog/posts/12222992559
⚠️ 12223048797.md: Could not fetch tags from https://lolwarden.pixnet.net/blog/posts/12223048797
⚠️ 12223085133.md: Could not fetch tags from https://lolwarden.pixnet.net/blog/posts/12223085133
⚠️ 12223031292.md: Could not fetch tags from https://lolwarden.pixnet.net/blog/posts/12223031292

📊 Progress: 390/770 (0 updated)

⚠️ 12223119597.md: Could not fetch tags from https://lolwarden.pixnet.net/blog/posts/12223119597
⚠️ 12223118796.md: Could not fetch tags from https://lolwarden.pixnet.net/blog/posts/12223118796
⚠️ 12223101816.md: Could not fetch tags from https://lolwarden.pixnet.net/blog/posts/12223101816
⚠️ 12223092090.md: Could not fetch tags from https://lolwarden.pixnet.net/blog/posts/12223092090
⚠️ 12223137939.md: Could not fetch tags from https://lolwarden.pixnet.net/blog/posts/12223137939

📊 Progress: 395/770 (0 updated)

⚠️ 12223164393.md: Could not fetch tags from https://lolwarden.pixnet.net/blog/posts/12223164393
⚠️ 12223162365.md: Could not fetch tags from https://lolwarden.pixnet.net/blog/posts/12223162365
⚠️ 12223143585.md: Could not fetch tags from https://lolwarden.pixnet.net/blog/posts/12223143585
⚠️ 12223155567.md: Could not fetch tags from https://lolwarden.pixnet.net/blog/posts/12223155567
⚠️ 12223162143.md: Could not fetch tags from https://lolwarden.pixnet.net/blog/posts/12223162143

📊 Progress: 400/770 (0 updated)

⚠️ 12223171560.md: Could not fetch tags from https://lolwarden.pixnet.net/blog/posts/12223171560
⚠️ 12223171128.md: Could not fetch tags from https://lolwarden.pixnet.net/blog/posts/12223171128
⚠️ 12223199655.md: Could not fetch tags from https://lolwarden.pixnet.net/blog/posts/12223199655
⚠️ 12223164771.md: Could not fetch tags from https://lolwarden.pixnet.net/blog/posts/12223164771
⚠️ 12223168962.md: Could not fetch tags from https://lolwarden.pixnet.net/blog/posts/12223168962

📊 Progress: 405/770 (0 updated)

⚠️ 12223226886.md: Could not fetch tags from https://lolwarden.pixnet.net/blog/posts/12223226886
⚠️ 12223226952.md: Could not fetch tags from https://lolwarden.pixnet.net/blog/posts/12223226952
⚠️ 12223221954.md: Could not fetch tags from https://lolwarden.pixnet.net/blog/posts/12223221954
⚠️ 12223224609.md: Could not fetch tags from https://lolwarden.pixnet.net/blog/posts/12223224609
⚠️ 12223237371.md: Could not fetch tags from https://lolwarden.pixnet.net/blog/posts/12223237371

📊 Progress: 410/770 (0 updated)

⚠️ 12223253736.md: Could not fetch tags from https://lolwarden.pixnet.net/blog/posts/12223253736
⚠️ 12223306788.md: Could not fetch tags from https://lolwarden.pixnet.net/blog/posts/12223306788
⚠️ 12223303719.md: Could not fetch tags from https://lolwarden.pixnet.net/blog/posts/12223303719
⚠️ 12223279038.md: Could not fetch tags from https://lolwarden.pixnet.net/blog/posts/12223279038
⚠️ 12223243191.md: Could not fetch tags from https://lolwarden.pixnet.net/blog/posts/12223243191

📊 Progress: 415/770 (0 updated)

⚠️ 12223355343.md: Could not fetch tags from https://lolwarden.pixnet.net/blog/posts/12223355343
⚠️ 12223376820.md: Could not fetch tags from https://lolwarden.pixnet.net/blog/posts/12223376820
⚠️ 12223382313.md: Could not fetch tags from https://lolwarden.pixnet.net/blog/posts/12223382313
⚠️ 12223331907.md: Could not fetch tags from https://lolwarden.pixnet.net/blog/posts/12223331907
⚠️ 12223375437.md: Could not fetch tags from https://lolwarden.pixnet.net/blog/posts/12223375437

📊 Progress: 420/770 (0 updated)

⚠️ 12223464903.md: Could not fetch tags from https://lolwarden.pixnet.net/blog/posts/12223464903
⚠️ 12223402476.md: Could not fetch tags from https://lolwarden.pixnet.net/blog/posts/12223402476
⚠️ 12223472718.md: Could not fetch tags from https://lolwarden.pixnet.net/blog/posts/12223472718
⚠️ 12223424544.md: Could not fetch tags from https://lolwarden.pixnet.net/blog/posts/12223424544
⚠️ 12223389495.md: Could not fetch tags from https://lolwarden.pixnet.net/blog/posts/12223389495

📊 Progress: 425/770 (0 updated)

⚠️ 12223484025.md: Could not fetch tags from https://lolwarden.pixnet.net/blog/posts/12223484025
⚠️ 12223508826.md: Could not fetch tags from https://lolwarden.pixnet.net/blog/posts/12223508826
⚠️ 12223488060.md: Could not fetch tags from https://lolwarden.pixnet.net/blog/posts/12223488060
⚠️ 12223484784.md: Could not fetch tags from https://lolwarden.pixnet.net/blog/posts/12223484784
⚠️ 12223535880.md: Could not fetch tags from https://lolwarden.pixnet.net/blog/posts/12223535880

📊 Progress: 430/770 (0 updated)

⚠️ 12223560903.md: Could not fetch tags from https://lolwarden.pixnet.net/blog/posts/12223560903
⚠️ 12223548513.md: Could not fetch tags from https://lolwarden.pixnet.net/blog/posts/12223548513
⚠️ 12223578324.md: Could not fetch tags from https://lolwarden.pixnet.net/blog/posts/12223578324
⚠️ 12223565088.md: Could not fetch tags from https://lolwarden.pixnet.net/blog/posts/12223565088
⚠️ 12223564962.md: Could not fetch tags from https://lolwarden.pixnet.net/blog/posts/12223564962

📊 Progress: 435/770 (0 updated)

⚠️ 12223641558.md: Could not fetch tags from https://lolwarden.pixnet.net/blog/posts/12223641558
⚠️ 12223620966.md: Could not fetch tags from https://lolwarden.pixnet.net/blog/posts/12223620966
⚠️ 12223593342.md: Could not fetch tags from https://lolwarden.pixnet.net/blog/posts/12223593342
⚠️ 12223648983.md: Could not fetch tags from https://lolwarden.pixnet.net/blog/posts/12223648983
⚠️ 12223629591.md: Could not fetch tags from https://lolwarden.pixnet.net/blog/posts/12223629591

📊 Progress: 440/770 (0 updated)

⚠️ 12223651014.md: Could not fetch tags from https://lolwarden.pixnet.net/blog/posts/12223651014
⚠️ 12223658727.md: Could not fetch tags from https://lolwarden.pixnet.net/blog/posts/12223658727
⚠️ 12223676184.md: Could not fetch tags from https://lolwarden.pixnet.net/blog/posts/12223676184
⚠️ 12223655469.md: Could not fetch tags from https://lolwarden.pixnet.net/blog/posts/12223655469
⚠️ 12223673613.md: Could not fetch tags from https://lolwarden.pixnet.net/blog/posts/12223673613

📊 Progress: 445/770 (0 updated)

⚠️ 12223695057.md: Could not fetch tags from https://lolwarden.pixnet.net/blog/posts/12223695057
⚠️ 12223722312.md: Could not fetch tags from https://lolwarden.pixnet.net/blog/posts/12223722312
⚠️ 12223705311.md: Could not fetch tags from https://lolwarden.pixnet.net/blog/posts/12223705311
⚠️ 12223725003.md: Could not fetch tags from https://lolwarden.pixnet.net/blog/posts/12223725003
⚠️ 12223682214.md: Could not fetch tags from https://lolwarden.pixnet.net/blog/posts/12223682214

📊 Progress: 450/770 (0 updated)

⚠️ 12223725771.md: Could not fetch tags from https://lolwarden.pixnet.net/blog/posts/12223725771
⚠️ 12223785894.md: Could not fetch tags from https://lolwarden.pixnet.net/blog/posts/12223785894
⚠️ 12223733652.md: Could not fetch tags from https://lolwarden.pixnet.net/blog/posts/12223733652
⚠️ 12223759701.md: Could not fetch tags from https://lolwarden.pixnet.net/blog/posts/12223759701
⚠️ 12223749156.md: Could not fetch tags from https://lolwarden.pixnet.net/blog/posts/12223749156

📊 Progress: 455/770 (0 updated)

⚠️ 12223800363.md: Could not fetch tags from https://lolwarden.pixnet.net/blog/posts/12223800363
⚠️ 12223794690.md: Could not fetch tags from https://lolwarden.pixnet.net/blog/posts/12223794690
⚠️ 12223789755.md: Could not fetch tags from https://lolwarden.pixnet.net/blog/posts/12223789755
⚠️ 12223816287.md: Could not fetch tags from https://lolwarden.pixnet.net/blog/posts/12223816287
⚠️ 12223826625.md: Could not fetch tags from https://lolwarden.pixnet.net/blog/posts/12223826625

📊 Progress: 460/770 (0 updated)

⚠️ 12223864857.md: Could not fetch tags from https://lolwarden.pixnet.net/blog/posts/12223864857
⚠️ 12223860111.md: Could not fetch tags from https://lolwarden.pixnet.net/blog/posts/12223860111
⚠️ 12223844829.md: Could not fetch tags from https://lolwarden.pixnet.net/blog/posts/12223844829
⚠️ 12223868457.md: Could not fetch tags from https://lolwarden.pixnet.net/blog/posts/12223868457
⚠️ 12223883601.md: Could not fetch tags from https://lolwarden.pixnet.net/blog/posts/12223883601

📊 Progress: 465/770 (0 updated)

⚠️ 12223905480.md: Could not fetch tags from https://lolwarden.pixnet.net/blog/posts/12223905480
⚠️ 12223909893.md: Could not fetch tags from https://lolwarden.pixnet.net/blog/posts/12223909893
⚠️ 12223906062.md: Could not fetch tags from https://lolwarden.pixnet.net/blog/posts/12223906062
⚠️ 12223909956.md: Could not fetch tags from https://lolwarden.pixnet.net/blog/posts/12223909956
⚠️ 12223887111.md: Could not fetch tags from https://lolwarden.pixnet.net/blog/posts/12223887111

📊 Progress: 470/770 (0 updated)

⚠️ 12223918824.md: Could not fetch tags from https://lolwarden.pixnet.net/blog/posts/12223918824
⚠️ 12223930587.md: Could not fetch tags from https://lolwarden.pixnet.net/blog/posts/12223930587
⚠️ 12223937856.md: Could not fetch tags from https://lolwarden.pixnet.net/blog/posts/12223937856
⚠️ 12223933560.md: Could not fetch tags from https://lolwarden.pixnet.net/blog/posts/12223933560
⚠️ 12223939818.md: Could not fetch tags from https://lolwarden.pixnet.net/blog/posts/12223939818

📊 Progress: 475/770 (0 updated)

⚠️ 12223948497.md: Could not fetch tags from https://lolwarden.pixnet.net/blog/posts/12223948497
⚠️ 12223948386.md: Could not fetch tags from https://lolwarden.pixnet.net/blog/posts/12223948386
⚠️ 12223974036.md: Could not fetch tags from https://lolwarden.pixnet.net/blog/posts/12223974036
⚠️ 12223942641.md: Could not fetch tags from https://lolwarden.pixnet.net/blog/posts/12223942641
⚠️ 12223982916.md: Could not fetch tags from https://lolwarden.pixnet.net/blog/posts/12223982916

📊 Progress: 480/770 (0 updated)

⚠️ 12224048958.md: Could not fetch tags from https://lolwarden.pixnet.net/blog/posts/12224048958
⚠️ 12224047068.md: Could not fetch tags from https://lolwarden.pixnet.net/blog/posts/12224047068
⚠️ 12224047179.md: Could not fetch tags from https://lolwarden.pixnet.net/blog/posts/12224047179
⚠️ 12224048061.md: Could not fetch tags from https://lolwarden.pixnet.net/blog/posts/12224048061
⚠️ 12224000814.md: Could not fetch tags from https://lolwarden.pixnet.net/blog/posts/12224000814

📊 Progress: 485/770 (0 updated)

⚠️ 12224364543.md: Could not fetch tags from https://lolwarden.pixnet.net/blog/posts/12224364543
⚠️ 12224378139.md: Could not fetch tags from https://lolwarden.pixnet.net/blog/posts/12224378139
⚠️ 12224393250.md: Could not fetch tags from https://lolwarden.pixnet.net/blog/posts/12224393250
⚠️ 12224076342.md: Could not fetch tags from https://lolwarden.pixnet.net/blog/posts/12224076342
⚠️ 12224061483.md: Could not fetch tags from https://lolwarden.pixnet.net/blog/posts/12224061483

📊 Progress: 490/770 (0 updated)

⚠️ 12224480058.md: Could not fetch tags from https://lolwarden.pixnet.net/blog/posts/12224480058
⚠️ 12224438397.md: Could not fetch tags from https://lolwarden.pixnet.net/blog/posts/12224438397
⚠️ 12224534361.md: Could not fetch tags from https://lolwarden.pixnet.net/blog/posts/12224534361
⚠️ 12224398839.md: Could not fetch tags from https://lolwarden.pixnet.net/blog/posts/12224398839
⚠️ 12224559453.md: Could not fetch tags from https://lolwarden.pixnet.net/blog/posts/12224559453

📊 Progress: 495/770 (0 updated)

⚠️ 12224588028.md: Could not fetch tags from https://lolwarden.pixnet.net/blog/posts/12224588028
⚠️ 12224566929.md: Could not fetch tags from https://lolwarden.pixnet.net/blog/posts/12224566929
⚠️ 12224572173.md: Could not fetch tags from https://lolwarden.pixnet.net/blog/posts/12224572173
⚠️ 12224630838.md: Could not fetch tags from https://lolwarden.pixnet.net/blog/posts/12224630838
⚠️ 12224611506.md: Could not fetch tags from https://lolwarden.pixnet.net/blog/posts/12224611506

📊 Progress: 500/770 (0 updated)

⚠️ 12224643141.md: Could not fetch tags from https://lolwarden.pixnet.net/blog/posts/12224643141
⚠️ 12224654406.md: Could not fetch tags from https://lolwarden.pixnet.net/blog/posts/12224654406
⚠️ 12224713596.md: Could not fetch tags from https://lolwarden.pixnet.net/blog/posts/12224713596
⚠️ 12224662086.md: Could not fetch tags from https://lolwarden.pixnet.net/blog/posts/12224662086
⚠️ 12224692542.md: Could not fetch tags from https://lolwarden.pixnet.net/blog/posts/12224692542

📊 Progress: 505/770 (0 updated)

⚠️ 12224732166.md: Could not fetch tags from https://lolwarden.pixnet.net/blog/posts/12224732166
⚠️ 12224766993.md: Could not fetch tags from https://lolwarden.pixnet.net/blog/posts/12224766993
⚠️ 12224738298.md: Could not fetch tags from https://lolwarden.pixnet.net/blog/posts/12224738298
⚠️ 12224746962.md: Could not fetch tags from https://lolwarden.pixnet.net/blog/posts/12224746962
⚠️ 12224720034.md: Could not fetch tags from https://lolwarden.pixnet.net/blog/posts/12224720034

📊 Progress: 510/770 (0 updated)

⚠️ 12224834259.md: Could not fetch tags from https://lolwarden.pixnet.net/blog/posts/12224834259
⚠️ 12224799882.md: Could not fetch tags from https://lolwarden.pixnet.net/blog/posts/12224799882
⚠️ 12224825070.md: Could not fetch tags from https://lolwarden.pixnet.net/blog/posts/12224825070
⚠️ 12224824947.md: Could not fetch tags from https://lolwarden.pixnet.net/blog/posts/12224824947
⚠️ 12224775378.md: Could not fetch tags from https://lolwarden.pixnet.net/blog/posts/12224775378

📊 Progress: 515/770 (0 updated)

⚠️ 12224864694.md: Could not fetch tags from https://lolwarden.pixnet.net/blog/posts/12224864694
⚠️ 12224851383.md: Could not fetch tags from https://lolwarden.pixnet.net/blog/posts/12224851383
⚠️ 12224837835.md: Could not fetch tags from https://lolwarden.pixnet.net/blog/posts/12224837835
⚠️ 12224840658.md: Could not fetch tags from https://lolwarden.pixnet.net/blog/posts/12224840658
⚠️ 12224868133.md: Could not fetch tags from https://lolwarden.pixnet.net/blog/posts/12224868133

📊 Progress: 520/770 (0 updated)

⚠️ 12224894767.md: Could not fetch tags from https://lolwarden.pixnet.net/blog/posts/12224894767
⚠️ 12224901227.md: Could not fetch tags from https://lolwarden.pixnet.net/blog/posts/12224901227
⚠️ 12224870159.md: Could not fetch tags from https://lolwarden.pixnet.net/blog/posts/12224870159
⚠️ 12224877589.md: Could not fetch tags from https://lolwarden.pixnet.net/blog/posts/12224877589
⚠️ 12224886283.md: Could not fetch tags from https://lolwarden.pixnet.net/blog/posts/12224886283

📊 Progress: 525/770 (0 updated)

⚠️ 12224914711.md: Could not fetch tags from https://lolwarden.pixnet.net/blog/posts/12224914711
⚠️ 12224922589.md: Could not fetch tags from https://lolwarden.pixnet.net/blog/posts/12224922589
⚠️ 12224935979.md: Could not fetch tags from https://lolwarden.pixnet.net/blog/posts/12224935979
⚠️ 12224908225.md: Could not fetch tags from https://lolwarden.pixnet.net/blog/posts/12224908225
⚠️ 12224932571.md: Could not fetch tags from https://lolwarden.pixnet.net/blog/posts/12224932571

📊 Progress: 530/770 (0 updated)

⚠️ 12224951061.md: Could not fetch tags from https://lolwarden.pixnet.net/blog/posts/12224951061
⚠️ 12224944963.md: Could not fetch tags from https://lolwarden.pixnet.net/blog/posts/12224944963
⚠️ 12224940847.md: Could not fetch tags from https://lolwarden.pixnet.net/blog/posts/12224940847
⚠️ 12224938807.md: Could not fetch tags from https://lolwarden.pixnet.net/blog/posts/12224938807
⚠️ 12224946877.md: Could not fetch tags from https://lolwarden.pixnet.net/blog/posts/12224946877

📊 Progress: 535/770 (0 updated)

⚠️ 12224966911.md: Could not fetch tags from https://lolwarden.pixnet.net/blog/posts/12224966911
⚠️ 12224971047.md: Could not fetch tags from https://lolwarden.pixnet.net/blog/posts/12224971047
⚠️ 12224954621.md: Could not fetch tags from https://lolwarden.pixnet.net/blog/posts/12224954621
⚠️ 12224962061.md: Could not fetch tags from https://lolwarden.pixnet.net/blog/posts/12224962061
⚠️ 12224983575.md: Could not fetch tags from https://lolwarden.pixnet.net/blog/posts/12224983575

📊 Progress: 540/770 (0 updated)

⚠️ 12224989161.md: Could not fetch tags from https://lolwarden.pixnet.net/blog/posts/12224989161
⚠️ 12224991869.md: Could not fetch tags from https://lolwarden.pixnet.net/blog/posts/12224991869
⚠️ 12224990277.md: Could not fetch tags from https://lolwarden.pixnet.net/blog/posts/12224990277
⚠️ 12224994635.md: Could not fetch tags from https://lolwarden.pixnet.net/blog/posts/12224994635
⚠️ 12225007103.md: Could not fetch tags from https://lolwarden.pixnet.net/blog/posts/12225007103

📊 Progress: 545/770 (0 updated)

⚠️ 12225049611.md: Could not fetch tags from https://lolwarden.pixnet.net/blog/posts/12225049611
⚠️ 12225032704.md: Could not fetch tags from https://lolwarden.pixnet.net/blog/posts/12225032704
⚠️ 12225020743.md: Could not fetch tags from https://lolwarden.pixnet.net/blog/posts/12225020743
⚠️ 12225045759.md: Could not fetch tags from https://lolwarden.pixnet.net/blog/posts/12225045759
⚠️ 12225041265.md: Could not fetch tags from https://lolwarden.pixnet.net/blog/posts/12225041265

📊 Progress: 550/770 (0 updated)

⚠️ 12225083367.md: Could not fetch tags from https://lolwarden.pixnet.net/blog/posts/12225083367
⚠️ 12225064469.md: Could not fetch tags from https://lolwarden.pixnet.net/blog/posts/12225064469
⚠️ 12225058447.md: Could not fetch tags from https://lolwarden.pixnet.net/blog/posts/12225058447
⚠️ 12225070125.md: Could not fetch tags from https://lolwarden.pixnet.net/blog/posts/12225070125
⚠️ 12225077269.md: Could not fetch tags from https://lolwarden.pixnet.net/blog/posts/12225077269

📊 Progress: 555/770 (0 updated)

⚠️ 12225111539.md: Could not fetch tags from https://lolwarden.pixnet.net/blog/posts/12225111539
⚠️ 12225088649.md: Could not fetch tags from https://lolwarden.pixnet.net/blog/posts/12225088649
⚠️ 12225100513.md: Could not fetch tags from https://lolwarden.pixnet.net/blog/posts/12225100513
⚠️ 12225098633.md: Could not fetch tags from https://lolwarden.pixnet.net/blog/posts/12225098633
⚠️ 12225105183.md: Could not fetch tags from https://lolwarden.pixnet.net/blog/posts/12225105183

📊 Progress: 560/770 (0 updated)

⚠️ 12225130285.md: Could not fetch tags from https://lolwarden.pixnet.net/blog/posts/12225130285
⚠️ 12225135213.md: Could not fetch tags from https://lolwarden.pixnet.net/blog/posts/12225135213
⚠️ 12225127439.md: Could not fetch tags from https://lolwarden.pixnet.net/blog/posts/12225127439
⚠️ 12225122883.md: Could not fetch tags from https://lolwarden.pixnet.net/blog/posts/12225122883
⚠️ 12225118195.md: Could not fetch tags from https://lolwarden.pixnet.net/blog/posts/12225118195

📊 Progress: 565/770 (0 updated)

⚠️ 12225137075.md: Could not fetch tags from https://lolwarden.pixnet.net/blog/posts/12225137075
⚠️ 12225144783.md: Could not fetch tags from https://lolwarden.pixnet.net/blog/posts/12225144783
⚠️ 12225154195.md: Could not fetch tags from https://lolwarden.pixnet.net/blog/posts/12225154195
⚠️ 12225140371.md: Could not fetch tags from https://lolwarden.pixnet.net/blog/posts/12225140371
⚠️ 12225145971.md: Could not fetch tags from https://lolwarden.pixnet.net/blog/posts/12225145971

📊 Progress: 570/770 (0 updated)

⚠️ 12225169027.md: Could not fetch tags from https://lolwarden.pixnet.net/blog/posts/12225169027
⚠️ 12225173417.md: Could not fetch tags from https://lolwarden.pixnet.net/blog/posts/12225173417
⚠️ 12225175841.md: Could not fetch tags from https://lolwarden.pixnet.net/blog/posts/12225175841
⚠️ 12225166245.md: Could not fetch tags from https://lolwarden.pixnet.net/blog/posts/12225166245
⚠️ 12225160077.md: Could not fetch tags from https://lolwarden.pixnet.net/blog/posts/12225160077

📊 Progress: 575/770 (0 updated)

⚠️ 12225200561.md: Could not fetch tags from https://lolwarden.pixnet.net/blog/posts/12225200561
⚠️ 12225189555.md: Could not fetch tags from https://lolwarden.pixnet.net/blog/posts/12225189555
⚠️ 12225195343.md: Could not fetch tags from https://lolwarden.pixnet.net/blog/posts/12225195343
⚠️ 12225177237.md: Could not fetch tags from https://lolwarden.pixnet.net/blog/posts/12225177237
⚠️ 12225185957.md: Could not fetch tags from https://lolwarden.pixnet.net/blog/posts/12225185957

📊 Progress: 580/770 (0 updated)

⚠️ 12225211913.md: Could not fetch tags from https://lolwarden.pixnet.net/blog/posts/12225211913
⚠️ 12225207439.md: Could not fetch tags from https://lolwarden.pixnet.net/blog/posts/12225207439
⚠️ 12225209395.md: Could not fetch tags from https://lolwarden.pixnet.net/blog/posts/12225209395
⚠️ 12225201735.md: Could not fetch tags from https://lolwarden.pixnet.net/blog/posts/12225201735
⚠️ 12225204205.md: Could not fetch tags from https://lolwarden.pixnet.net/blog/posts/12225204205

📊 Progress: 585/770 (0 updated)

⚠️ 12225220027.md: Could not fetch tags from https://lolwarden.pixnet.net/blog/posts/12225220027
⚠️ 12225213219.md: Could not fetch tags from https://lolwarden.pixnet.net/blog/posts/12225213219
⚠️ 12225224535.md: Could not fetch tags from https://lolwarden.pixnet.net/blog/posts/12225224535
⚠️ 12225231549.md: Could not fetch tags from https://lolwarden.pixnet.net/blog/posts/12225231549
⚠️ 12225228883.md: Could not fetch tags from https://lolwarden.pixnet.net/blog/posts/12225228883

📊 Progress: 590/770 (0 updated)

⚠️ 12225249127.md: Could not fetch tags from https://lolwarden.pixnet.net/blog/posts/12225249127
⚠️ 12225243459.md: Could not fetch tags from https://lolwarden.pixnet.net/blog/posts/12225243459
⚠️ 12225251865.md: Could not fetch tags from https://lolwarden.pixnet.net/blog/posts/12225251865
⚠️ 12225257089.md: Could not fetch tags from https://lolwarden.pixnet.net/blog/posts/12225257089
⚠️ 12225234341.md: Could not fetch tags from https://lolwarden.pixnet.net/blog/posts/12225234341

📊 Progress: 595/770 (0 updated)

⚠️ 12225261489.md: Could not fetch tags from https://lolwarden.pixnet.net/blog/posts/12225261489
⚠️ 12225259261.md: Could not fetch tags from https://lolwarden.pixnet.net/blog/posts/12225259261
⚠️ 12225259311.md: Could not fetch tags from https://lolwarden.pixnet.net/blog/posts/12225259311
⚠️ 12225263177.md: Could not fetch tags from https://lolwarden.pixnet.net/blog/posts/12225263177
⚠️ 12225262455.md: Could not fetch tags from https://lolwarden.pixnet.net/blog/posts/12225262455

📊 Progress: 600/770 (0 updated)

⚠️ 12225282953.md: Could not fetch tags from https://lolwarden.pixnet.net/blog/posts/12225282953
⚠️ 12225304415.md: Could not fetch tags from https://lolwarden.pixnet.net/blog/posts/12225304415
⚠️ 12225305859.md: Could not fetch tags from https://lolwarden.pixnet.net/blog/posts/12225305859
⚠️ 12225292025.md: Could not fetch tags from https://lolwarden.pixnet.net/blog/posts/12225292025
⚠️ 12225278719.md: Could not fetch tags from https://lolwarden.pixnet.net/blog/posts/12225278719

📊 Progress: 605/770 (0 updated)

⚠️ 12225311085.md: Could not fetch tags from https://lolwarden.pixnet.net/blog/posts/12225311085
⚠️ 12225309859.md: Could not fetch tags from https://lolwarden.pixnet.net/blog/posts/12225309859
⚠️ 12225307315.md: Could not fetch tags from https://lolwarden.pixnet.net/blog/posts/12225307315
⚠️ 12225365821.md: Could not fetch tags from https://lolwarden.pixnet.net/blog/posts/12225365821
⚠️ 12225351749.md: Could not fetch tags from https://lolwarden.pixnet.net/blog/posts/12225351749

📊 Progress: 610/770 (0 updated)

⚠️ 12225374405.md: Could not fetch tags from https://lolwarden.pixnet.net/blog/posts/12225374405
⚠️ 12225384527.md: Could not fetch tags from https://lolwarden.pixnet.net/blog/posts/12225384527
⚠️ 12225423001.md: Could not fetch tags from https://lolwarden.pixnet.net/blog/posts/12225423001
⚠️ 12225523923.md: Could not fetch tags from https://lolwarden.pixnet.net/blog/posts/12225523923
⚠️ 12225512941.md: Could not fetch tags from https://lolwarden.pixnet.net/blog/posts/12225512941

📊 Progress: 615/770 (0 updated)

⚠️ 12225613967.md: Could not fetch tags from https://lolwarden.pixnet.net/blog/posts/12225613967
⚠️ 12225561680.md: Could not fetch tags from https://lolwarden.pixnet.net/blog/posts/12225561680
⚠️ 12225597389.md: Could not fetch tags from https://lolwarden.pixnet.net/blog/posts/12225597389
⚠️ 12225575741.md: Could not fetch tags from https://lolwarden.pixnet.net/blog/posts/12225575741
⚠️ 12225695045.md: Could not fetch tags from https://lolwarden.pixnet.net/blog/posts/12225695045

📊 Progress: 620/770 (0 updated)

⚠️ 12225709190.md: Could not fetch tags from https://lolwarden.pixnet.net/blog/posts/12225709190
⚠️ 12225757358.md: Could not fetch tags from https://lolwarden.pixnet.net/blog/posts/12225757358
⚠️ 12225716633.md: Could not fetch tags from https://lolwarden.pixnet.net/blog/posts/12225716633
⚠️ 12225720074.md: Could not fetch tags from https://lolwarden.pixnet.net/blog/posts/12225720074
⚠️ 12225730583.md: Could not fetch tags from https://lolwarden.pixnet.net/blog/posts/12225730583

📊 Progress: 625/770 (0 updated)

⚠️ 12225832109.md: Could not fetch tags from https://lolwarden.pixnet.net/blog/posts/12225832109
⚠️ 12225809258.md: Could not fetch tags from https://lolwarden.pixnet.net/blog/posts/12225809258
⚠️ 12225758468.md: Could not fetch tags from https://lolwarden.pixnet.net/blog/posts/12225758468
⚠️ 12225772880.md: Could not fetch tags from https://lolwarden.pixnet.net/blog/posts/12225772880
⚠️ 12225781448.md: Could not fetch tags from https://lolwarden.pixnet.net/blog/posts/12225781448

📊 Progress: 630/770 (0 updated)

⚠️ 12225865193.md: Could not fetch tags from https://lolwarden.pixnet.net/blog/posts/12225865193
⚠️ 12225864614.md: Could not fetch tags from https://lolwarden.pixnet.net/blog/posts/12225864614
⚠️ 12225845837.md: Could not fetch tags from https://lolwarden.pixnet.net/blog/posts/12225845837
⚠️ 12225853484.md: Could not fetch tags from https://lolwarden.pixnet.net/blog/posts/12225853484
⚠️ 12225842849.md: Could not fetch tags from https://lolwarden.pixnet.net/blog/posts/12225842849

📊 Progress: 635/770 (0 updated)

⚠️ 12225865262.md: Could not fetch tags from https://lolwarden.pixnet.net/blog/posts/12225865262
⚠️ 12225924365.md: Could not fetch tags from https://lolwarden.pixnet.net/blog/posts/12225924365
⚠️ 12225906299.md: Could not fetch tags from https://lolwarden.pixnet.net/blog/posts/12225906299
⚠️ 12225888749.md: Could not fetch tags from https://lolwarden.pixnet.net/blog/posts/12225888749
⚠️ 12225879956.md: Could not fetch tags from https://lolwarden.pixnet.net/blog/posts/12225879956

📊 Progress: 640/770 (0 updated)

⚠️ 12225952037.md: Could not fetch tags from https://lolwarden.pixnet.net/blog/posts/12225952037
⚠️ 12225963608.md: Could not fetch tags from https://lolwarden.pixnet.net/blog/posts/12225963608
⚠️ 12225932834.md: Could not fetch tags from https://lolwarden.pixnet.net/blog/posts/12225932834
⚠️ 12225937007.md: Could not fetch tags from https://lolwarden.pixnet.net/blog/posts/12225937007
⚠️ 12225944258.md: Could not fetch tags from https://lolwarden.pixnet.net/blog/posts/12225944258

📊 Progress: 645/770 (0 updated)

⚠️ 12225998360.md: Could not fetch tags from https://lolwarden.pixnet.net/blog/posts/12225998360
⚠️ 12225993887.md: Could not fetch tags from https://lolwarden.pixnet.net/blog/posts/12225993887
⚠️ 12225972857.md: Could not fetch tags from https://lolwarden.pixnet.net/blog/posts/12225972857
⚠️ 12226006379.md: Could not fetch tags from https://lolwarden.pixnet.net/blog/posts/12226006379
⚠️ 12226021157.md: Could not fetch tags from https://lolwarden.pixnet.net/blog/posts/12226021157

📊 Progress: 650/770 (0 updated)

⚠️ 12226056245.md: Could not fetch tags from https://lolwarden.pixnet.net/blog/posts/12226056245
⚠️ 12226031018.md: Could not fetch tags from https://lolwarden.pixnet.net/blog/posts/12226031018
⚠️ 12226071686.md: Could not fetch tags from https://lolwarden.pixnet.net/blog/posts/12226071686
⚠️ 12226133137.md: Could not fetch tags from https://lolwarden.pixnet.net/blog/posts/12226133137
⚠️ 12226116811.md: Could not fetch tags from https://lolwarden.pixnet.net/blog/posts/12226116811

📊 Progress: 655/770 (0 updated)

⚠️ 12226194184.md: Could not fetch tags from https://lolwarden.pixnet.net/blog/posts/12226194184
⚠️ 12226202407.md: Could not fetch tags from https://lolwarden.pixnet.net/blog/posts/12226202407
⚠️ 12226251100.md: Could not fetch tags from https://lolwarden.pixnet.net/blog/posts/12226251100
⚠️ 12226261957.md: Could not fetch tags from https://lolwarden.pixnet.net/blog/posts/12226261957
⚠️ 12226137790.md: Could not fetch tags from https://lolwarden.pixnet.net/blog/posts/12226137790

📊 Progress: 660/770 (0 updated)

⚠️ 12226302211.md: Could not fetch tags from https://lolwarden.pixnet.net/blog/posts/12226302211
⚠️ 12226297012.md: Could not fetch tags from https://lolwarden.pixnet.net/blog/posts/12226297012
⚠️ 12226293721.md: Could not fetch tags from https://lolwarden.pixnet.net/blog/posts/12226293721
⚠️ 12226275334.md: Could not fetch tags from https://lolwarden.pixnet.net/blog/posts/12226275334
⚠️ 12226283662.md: Could not fetch tags from https://lolwarden.pixnet.net/blog/posts/12226283662

📊 Progress: 665/770 (0 updated)

⚠️ 12226313518.md: Could not fetch tags from https://lolwarden.pixnet.net/blog/posts/12226313518
⚠️ 12226354762.md: Could not fetch tags from https://lolwarden.pixnet.net/blog/posts/12226354762
⚠️ 12226324915.md: Could not fetch tags from https://lolwarden.pixnet.net/blog/posts/12226324915
⚠️ 12226380106.md: Could not fetch tags from https://lolwarden.pixnet.net/blog/posts/12226380106
⚠️ 12226339843.md: Could not fetch tags from https://lolwarden.pixnet.net/blog/posts/12226339843

📊 Progress: 670/770 (0 updated)

⚠️ 12226402261.md: Could not fetch tags from https://lolwarden.pixnet.net/blog/posts/12226402261
⚠️ 12226402240.md: Could not fetch tags from https://lolwarden.pixnet.net/blog/posts/12226402240
⚠️ 12226421263.md: Could not fetch tags from https://lolwarden.pixnet.net/blog/posts/12226421263
⚠️ 12226416913.md: Could not fetch tags from https://lolwarden.pixnet.net/blog/posts/12226416913
⚠️ 12226411408.md: Could not fetch tags from https://lolwarden.pixnet.net/blog/posts/12226411408

📊 Progress: 675/770 (0 updated)

⚠️ 12226449010.md: Could not fetch tags from https://lolwarden.pixnet.net/blog/posts/12226449010
⚠️ 12226426366.md: Could not fetch tags from https://lolwarden.pixnet.net/blog/posts/12226426366
⚠️ 12226448776.md: Could not fetch tags from https://lolwarden.pixnet.net/blog/posts/12226448776
⚠️ 12226424749.md: Could not fetch tags from https://lolwarden.pixnet.net/blog/posts/12226424749
⚠️ 12226442047.md: Could not fetch tags from https://lolwarden.pixnet.net/blog/posts/12226442047

📊 Progress: 680/770 (0 updated)

⚠️ 12226533793.md: Could not fetch tags from https://lolwarden.pixnet.net/blog/posts/12226533793
⚠️ 12226469275.md: Could not fetch tags from https://lolwarden.pixnet.net/blog/posts/12226469275
⚠️ 12226499590.md: Could not fetch tags from https://lolwarden.pixnet.net/blog/posts/12226499590
⚠️ 12226544017.md: Could not fetch tags from https://lolwarden.pixnet.net/blog/posts/12226544017
⚠️ 12226523101.md: Could not fetch tags from https://lolwarden.pixnet.net/blog/posts/12226523101

📊 Progress: 685/770 (0 updated)

⚠️ 12226552972.md: Could not fetch tags from https://lolwarden.pixnet.net/blog/posts/12226552972
⚠️ 12226546567.md: Could not fetch tags from https://lolwarden.pixnet.net/blog/posts/12226546567
⚠️ 12226572157.md: Could not fetch tags from https://lolwarden.pixnet.net/blog/posts/12226572157
⚠️ 12226553104.md: Could not fetch tags from https://lolwarden.pixnet.net/blog/posts/12226553104
⚠️ 12226564303.md: Could not fetch tags from https://lolwarden.pixnet.net/blog/posts/12226564303

📊 Progress: 690/770 (0 updated)

⚠️ 12226587805.md: Could not fetch tags from https://lolwarden.pixnet.net/blog/posts/12226587805
⚠️ 12226613413.md: Could not fetch tags from https://lolwarden.pixnet.net/blog/posts/12226613413
⚠️ 12226578319.md: Could not fetch tags from https://lolwarden.pixnet.net/blog/posts/12226578319
⚠️ 12226617511.md: Could not fetch tags from https://lolwarden.pixnet.net/blog/posts/12226617511
⚠️ 12226614604.md: Could not fetch tags from https://lolwarden.pixnet.net/blog/posts/12226614604

📊 Progress: 695/770 (0 updated)

⚠️ 12226682845.md: Could not fetch tags from https://lolwarden.pixnet.net/blog/posts/12226682845
⚠️ 12226663813.md: Could not fetch tags from https://lolwarden.pixnet.net/blog/posts/12226663813
⚠️ 12226651207.md: Could not fetch tags from https://lolwarden.pixnet.net/blog/posts/12226651207
⚠️ 12226694677.md: Could not fetch tags from https://lolwarden.pixnet.net/blog/posts/12226694677
⚠️ 12226677535.md: Could not fetch tags from https://lolwarden.pixnet.net/blog/posts/12226677535

📊 Progress: 700/770 (0 updated)

⚠️ 12226720042.md: Could not fetch tags from https://lolwarden.pixnet.net/blog/posts/12226720042
⚠️ 12226697344.md: Could not fetch tags from https://lolwarden.pixnet.net/blog/posts/12226697344
⚠️ 12226703218.md: Could not fetch tags from https://lolwarden.pixnet.net/blog/posts/12226703218
⚠️ 12226728649.md: Could not fetch tags from https://lolwarden.pixnet.net/blog/posts/12226728649
⚠️ 12226712401.md: Could not fetch tags from https://lolwarden.pixnet.net/blog/posts/12226712401

📊 Progress: 705/770 (0 updated)

⚠️ 12226793989.md: Could not fetch tags from https://lolwarden.pixnet.net/blog/posts/12226793989
⚠️ 12226820674.md: Could not fetch tags from https://lolwarden.pixnet.net/blog/posts/12226820674
⚠️ 12226756384.md: Could not fetch tags from https://lolwarden.pixnet.net/blog/posts/12226756384
⚠️ 12226761052.md: Could not fetch tags from https://lolwarden.pixnet.net/blog/posts/12226761052
⚠️ 12226739350.md: Could not fetch tags from https://lolwarden.pixnet.net/blog/posts/12226739350

📊 Progress: 710/770 (0 updated)

⚠️ 12226841701.md: Could not fetch tags from https://lolwarden.pixnet.net/blog/posts/12226841701
⚠️ 12226867429.md: Could not fetch tags from https://lolwarden.pixnet.net/blog/posts/12226867429
⚠️ 12226917211.md: Could not fetch tags from https://lolwarden.pixnet.net/blog/posts/12226917211
⚠️ 12226851625.md: Could not fetch tags from https://lolwarden.pixnet.net/blog/posts/12226851625
⚠️ 12226928467.md: Could not fetch tags from https://lolwarden.pixnet.net/blog/posts/12226928467

📊 Progress: 715/770 (0 updated)

⚠️ 12226941805.md: Could not fetch tags from https://lolwarden.pixnet.net/blog/posts/12226941805
⚠️ 12226961173.md: Could not fetch tags from https://lolwarden.pixnet.net/blog/posts/12226961173
⚠️ 12226941862.md: Could not fetch tags from https://lolwarden.pixnet.net/blog/posts/12226941862
⚠️ 12226939099.md: Could not fetch tags from https://lolwarden.pixnet.net/blog/posts/12226939099
⚠️ 12226930861.md: Could not fetch tags from https://lolwarden.pixnet.net/blog/posts/12226930861

📊 Progress: 720/770 (0 updated)

⚠️ 12227005240.md: Could not fetch tags from https://lolwarden.pixnet.net/blog/posts/12227005240
⚠️ 12226996390.md: Could not fetch tags from https://lolwarden.pixnet.net/blog/posts/12226996390
⚠️ 12226979965.md: Could not fetch tags from https://lolwarden.pixnet.net/blog/posts/12226979965
⚠️ 12226970329.md: Could not fetch tags from https://lolwarden.pixnet.net/blog/posts/12226970329
⚠️ 12227041336.md: Could not fetch tags from https://lolwarden.pixnet.net/blog/posts/12227041336

📊 Progress: 725/770 (0 updated)

⚠️ 12227056513.md: Could not fetch tags from https://lolwarden.pixnet.net/blog/posts/12227056513
⚠️ 12227089696.md: Could not fetch tags from https://lolwarden.pixnet.net/blog/posts/12227089696
⚠️ 12227098108.md: Could not fetch tags from https://lolwarden.pixnet.net/blog/posts/12227098108
⚠️ 12227045410.md: Could not fetch tags from https://lolwarden.pixnet.net/blog/posts/12227045410
⚠️ 12227057377.md: Could not fetch tags from https://lolwarden.pixnet.net/blog/posts/12227057377

📊 Progress: 730/770 (0 updated)

⚠️ 12227153941.md: Could not fetch tags from https://lolwarden.pixnet.net/blog/posts/12227153941
⚠️ 12227166280.md: Could not fetch tags from https://lolwarden.pixnet.net/blog/posts/12227166280
⚠️ 12227144089.md: Could not fetch tags from https://lolwarden.pixnet.net/blog/posts/12227144089
⚠️ 12227107204.md: Could not fetch tags from https://lolwarden.pixnet.net/blog/posts/12227107204
⚠️ 12227138161.md: Could not fetch tags from https://lolwarden.pixnet.net/blog/posts/12227138161

📊 Progress: 735/770 (0 updated)

⚠️ 12227175160.md: Could not fetch tags from https://lolwarden.pixnet.net/blog/posts/12227175160
⚠️ 12227221990.md: Could not fetch tags from https://lolwarden.pixnet.net/blog/posts/12227221990
⚠️ 12227182288.md: Could not fetch tags from https://lolwarden.pixnet.net/blog/posts/12227182288
⚠️ 12227226481.md: Could not fetch tags from https://lolwarden.pixnet.net/blog/posts/12227226481
⚠️ 12227247025.md: Could not fetch tags from https://lolwarden.pixnet.net/blog/posts/12227247025

📊 Progress: 740/770 (0 updated)

⚠️ 12227284465.md: Could not fetch tags from https://lolwarden.pixnet.net/blog/posts/12227284465
⚠️ 12227277622.md: Could not fetch tags from https://lolwarden.pixnet.net/blog/posts/12227277622
⚠️ 12227257294.md: Could not fetch tags from https://lolwarden.pixnet.net/blog/posts/12227257294
⚠️ 12227267065.md: Could not fetch tags from https://lolwarden.pixnet.net/blog/posts/12227267065
⚠️ 12227271631.md: Could not fetch tags from https://lolwarden.pixnet.net/blog/posts/12227271631

📊 Progress: 745/770 (0 updated)

⚠️ 12227309863.md: Could not fetch tags from https://lolwarden.pixnet.net/blog/posts/12227309863
⚠️ 12227296090.md: Could not fetch tags from https://lolwarden.pixnet.net/blog/posts/12227296090
⚠️ 12227305798.md: Could not fetch tags from https://lolwarden.pixnet.net/blog/posts/12227305798
⚠️ 12227290762.md: Could not fetch tags from https://lolwarden.pixnet.net/blog/posts/12227290762
⚠️ 12227302747.md: Could not fetch tags from https://lolwarden.pixnet.net/blog/posts/12227302747

📊 Progress: 750/770 (0 updated)

⚠️ 12227323030.md: Could not fetch tags from https://lolwarden.pixnet.net/blog/posts/12227323030
⚠️ 12227327689.md: Could not fetch tags from https://lolwarden.pixnet.net/blog/posts/12227327689
⚠️ 12227343757.md: Could not fetch tags from https://lolwarden.pixnet.net/blog/posts/12227343757
⚠️ 12227351986.md: Could not fetch tags from https://lolwarden.pixnet.net/blog/posts/12227351986
⚠️ 12227348020.md: Could not fetch tags from https://lolwarden.pixnet.net/blog/posts/12227348020

📊 Progress: 755/770 (0 updated)

⚠️ 12227389810.md: Could not fetch tags from https://lolwarden.pixnet.net/blog/posts/12227389810
⚠️ 12227411674.md: Could not fetch tags from https://lolwarden.pixnet.net/blog/posts/12227411674
⚠️ 12227399056.md: Could not fetch tags from https://lolwarden.pixnet.net/blog/posts/12227399056
⚠️ 12227360881.md: Could not fetch tags from https://lolwarden.pixnet.net/blog/posts/12227360881
⚠️ 12227356096.md: Could not fetch tags from https://lolwarden.pixnet.net/blog/posts/12227356096

📊 Progress: 760/770 (0 updated)

⚠️ 12227417320.md: Could not fetch tags from https://lolwarden.pixnet.net/blog/posts/12227417320
⚠️ 12227422954.md: Could not fetch tags from https://lolwarden.pixnet.net/blog/posts/12227422954
⚠️ 12227432593.md: Could not fetch tags from https://lolwarden.pixnet.net/blog/posts/12227432593
⚠️ 12227428963.md: Could not fetch tags from https://lolwarden.pixnet.net/blog/posts/12227428963
⚠️ 225049611.md: Could not fetch tags from https://lolwarden.pixnet.net/blog/post/225049611

📊 Progress: 765/770 (0 updated)

✅ 844792553451008760.md: Added tags: 台北約會餐廳, 台北聚餐推薦, 阪前鐵板燒, 台北鐵板燒, 阪前鐵板燒台北安和店, 捷運信義安和站美食, 信義安和美食
⚠️ 227144089.md: Could not fetch tags from https://lolwarden.pixnet.net/blog/post/227144089
⚠️ 226941862.md: Could not fetch tags from https://lolwarden.pixnet.net/blog/post/226941862
⚠️ 225077269.md: Could not fetch tags from https://lolwarden.pixnet.net/blog/post/225077269
⚠️ 225105183.md: Could not fetch tags from https://lolwarden.pixnet.net/blog/post/225105183

📊 Progress: 770/770 (1 updated)


══════════════════════════════════════════════════
✅ Completed: 1/770 articles updated with Chinese tags
══════════════════════════════════════════════════
