Loaded 602 addresses to process.

[1/602] Skipping invalid address: 184.106.153.149

[2/602] Skipping invalid address: 184.106.153.149

[3/602] Geocoding: 華山1914文化創意產業園區東3館烏梅酒廠 (12086445234.md)
  -> Not found.
..
[6/602] Geocoding: 台中市西屯區臺灣大道四段1727號 (12105933271.md)
  -> Not found.
..
[9/602] Geocoding: 桃園市大溪區大鶯路(沿路都有 (12117465766.md)
  -> Not found.
.
[11/602] Geocoding: 台北市中正區羅斯福路3段284巷11號 (12127932508.md)
  -> Not found.

[12/602] Geocoding: 台北市中正區北平西路3號2樓 (12133723429.md)
  -> Not found.

[13/602] Geocoding: 新北市新店區安民街86號 (12135126367.md)
  -> Not found.

[14/602] Geocoding: 台北市大同區民族西路296號 (12136694017.md)
  -> Not found.

[15/602] Geocoding: 台北市松山區敦化北路222巷9號 (12138609760.md)
  -> Not found.
.
[17/602] Geocoding: 台北市文山區指南路三段38巷33-5號 (12143431792.md)
  -> Not found.

[18/602] Geocoding: 苗栗縣通霄鎮南和里166號 (12145543618.md)
  -> Not found.

[19/602] Geocoding: 台北市信義區忠孝東路五段17-3號1F&amp;B1 (12152772457.md)
  -> Not found.

[20/602] Geocoding: 新北市永和區保平路25號 (12159708082.md)
  -> Not found.

[21/602] Geocoding: 新北市三重區忠孝路三段1號2樓營業時間：11:30-14:00、17:30-21:30官方網址：http://www.tkkinc.com.tw/ (12160517401.md)
  -> Not found.

[22/602] Geocoding: 262宜蘭縣礁溪鄉仁愛路23號 (12164747068.md)
  -> Not found.

[23/602] Geocoding: 宜蘭縣礁溪鄉信義路59號 (12165872218.md)
  -> Not found.

[24/602] Geocoding: 新北市新店區北宜路一段178號 (12166988656.md)
  -> Not found.

[25/602] Geocoding: 宜蘭縣礁溪鄉時潮村塭底路3-15號 (12172673044.md)
  -> Not found.

[26/602] Geocoding: 宜蘭縣員山鄉員山路二段403號 (12174663532.md)
  -> Not found.

[27/602] Geocoding: 台北市中正區濟南路二段71號 (12174749200.md)
  -> Not found.

[28/602] Geocoding: 宜蘭縣員山鄉八甲路15-6號 (12175534636.md)
  -> Not found.

[29/602] Geocoding: 新北市新店區北新路三段65巷20號 (12177133849.md)
  -> Not found.

[30/602] Geocoding: 台北市松江路259巷27號 (12178054786.md)
  -> Not found.

[31/602] Geocoding: 新北市土城區裕民路97-1號 (12178702573.md)
  -> Not found.

[32/602] Geocoding: 台北市忠孝東路5段68號4樓 (12178718344.md)
  -> Not found.

[33/602] Geocoding: 新北市汐止區汐萬路三段88號 (12179377579.md)
  -> Not found.

[34/602] Geocoding: 新北市板橋區中正路163號 (12179681200.md)
  -> Not found.

[35/602] Geocoding: 台北市信義區忠孝東路五段68號B1F (12180249034.md)
  -> Not found.

[36/602] Geocoding: 台北市信義區松壽路12號5F (12180463030.md)
  -> Not found.

[37/602] Geocoding: 台北市萬華區雙園街88號 (12181676485.md)
  -> Not found.

[38/602] Geocoding: 台北市萬華區萬大路333號( (12181838775.md)
  -> Not found.

[39/602] Skipping invalid address: 184.106.153.149

[40/602] Geocoding: 新竹市東大路二段105號 (12183285256.md)
  -> Not found.

[41/602] Geocoding: 新竹縣北埔鄉水磜村六鄰32號之10 (12183302209.md)
  -> Not found.

[42/602] Geocoding: 台北市中正區北平西路3號1樓 (12184385107.md)
  -> Not found.

[43/602] Geocoding: 台北市大安區忠孝東路四段104號2樓-1 (12184639069.md)
  -> Not found.

[44/602] Geocoding: 新北市八里區荖阡村荖阡坑路34之5號 (12184794781.md)
  -> Not found.

[45/602] Geocoding: 新北市板橋區新海路95號 (12185601781.md)
  -> Not found.

[46/602] Geocoding: 新北市中和區中山路3段122號4樓 (12185800675.md)
  -> Not found.

[47/602] Geocoding: 台北市信義區松壽路12號6樓 (12186987298.md)
  -> Not found.

[48/602] Geocoding: 台北市文山區指南路三段38巷22之2號 (12188183914.md)
  -> Not found.

[49/602] Geocoding: 宜蘭縣蘇澳鎮頂強路23號 (12189040429.md)
  -> Not found.

[50/602] Geocoding: 宜蘭縣蘇澳鎮江夏路52-2號 (12189265234.md)
  -> Not found.

[51/602] Geocoding: 宜蘭縣礁溪鄉礁溪路五段108巷1號 (12189274486.md)
  -> Not found.

[52/602] Geocoding: 宜蘭縣五結鄉親河路一段140號 (12189370822.md)
  -> Not found.

[53/602] Geocoding: 宜蘭縣蘇澳鎮頂強路23號 (12189377245.md)
  -> Not found.

[54/602] Geocoding: 台北市哈密街93號 (12189467845.md)
  -> Not found.

[55/602] Geocoding: 台北市大安區信義路四段２６５巷１２弄１１號 (12189562387.md)
  -> Not found.

[56/602] Geocoding: 宜蘭縣冬山鄉光華三路132巷12號 (12189650512.md)
  -> Not found.

[57/602] Geocoding: 台北市中山北路三段３３１號 (12190367986.md)
  -> Not found.

[58/602] Geocoding: 新北市永和區竹林路66巷15號 (12190825186.md)
  -> Not found.

[59/602] Geocoding: 新北市淡水區淡金路一段166號 (12190905775.md)
  -> Not found.

[60/602] Geocoding: 台北市遼寧街39號 (12190940965.md)
  -> Not found.

[61/602] Geocoding: 新竹縣竹北市吳濁流路77號 (12191339125.md)
  -> Not found.

[62/602] Geocoding: 新竹縣橫山鄉力行村中山街1段17號 (12191368132.md)
  -> Not found.

[63/602] Geocoding: 新竹縣關西鎮中興路14號 (12191827687.md)
  -> Not found.

[64/602] Geocoding: 台北市松山區市民大道四段55號 (12192670144.md)
  -> Not found.

[65/602] Geocoding: 台北市萬華區西寧南路83號 (12192709930.md)
  -> Not found.

[66/602] Geocoding: 基隆市暖暖區碇內街90號 (12192814528.md)
  -> Not found.

[67/602] Geocoding: 台北市松山區南京東路五段32號2樓 (12194357269.md)
  -> Not found.

[68/602] Geocoding: 台北市中山區雙城街19巷5號 (12196361035.md)
  -> Not found.

[69/602] Geocoding: 台北市中正區市民大道三段2號B2 (12198747733.md)
  -> Not found.

[70/602] Geocoding: 銅鑼灣仔駱克道421-425號 (12199042474.md)
  -> Not found.

[71/602] Geocoding: 台北市中山區南京東路三段8號2樓 (12201683488.md)
  -> Not found.

[72/602] Geocoding: 新北市三峽區中正路二段87號 (12201987280.md)
  -> Not found.

[73/602] Geocoding: 台北市大安區延吉街131巷41號 (12202165861.md)
  -> Not found.

[74/602] Geocoding: 台北市士林區延平北路七段18-2號 (12202470244.md)
  -> Not found.

[75/602] Geocoding: 新北市淡水區屯山里石頭厝2-1號 (12202680460.md)
  -> Not found.

[76/602] Geocoding: 台北市大安區溫州街74巷6號1樓 (12203228653.md)
  -> Not found.

[77/602] Geocoding: 台北市士林區東山路25巷81弄99號 (12203589934.md)
  -> Not found.

[78/602] Geocoding: 台北市中山區八德路二段267巷5號 (12203627497.md)
  -> Not found.

[79/602] Geocoding: 新北市中和區華新街65號 (12203672548.md)
  -> Not found.

[80/602] Geocoding: 台北市中山區吉林路125-4號 (12204044770.md)
  -> Not found.

[81/602] Geocoding: 台北市大安區大安路1段84巷22號 (12204507580.md)
  -> Not found.

[82/602] Geocoding: 新北市板橋區中山路一段2號2樓 (12204542842.md)
  -> Not found.

[83/602] Geocoding: 新北市板橋區文化路二段181號 (12204544045.md)
  -> Not found.

[84/602] Geocoding: 台北市中正區臨沂街27巷4-1號 (12204962857.md)
  -> Not found.

[85/602] Geocoding: 台北市松山區南京東路三段337號4樓 (12205038157.md)
  -> Not found.

[86/602] Geocoding: 台北市中山區中山北路一段105巷18之1號 (12205040188.md)
  -> Not found.

[87/602] Geocoding: 台北市信義區永吉路30巷28弄8號 (12205362427.md)
  -> Not found.

[88/602] Geocoding: 國立臺灣科學教育館臺北市士林區士商路189號 (12205362622.md)
  -> Not found.

[89/602] Geocoding: 新北市金山區海興路174號 (12205501021.md)
  -> Not found.

[90/602] Geocoding: 新北市瑞芳區深澳岬角 (12205608520.md)
  -> Found: 25.135222, 121.8245695

[91/602] Geocoding: 台北市松山區民生東路5段191號 (12205652428.md)
  -> Not found.

[92/602] Geocoding: 新北市三重區自強路一段200號 (12205911838.md)
  -> Not found.

[93/602] Geocoding: 桃園市桃園區鎮三街52號 (12205923685.md)
  -> Not found.

[94/602] Geocoding: 桃園市桃園區大興西路3段738號 (12206499607.md)
  -> Not found.

[95/602] Geocoding: 台北市松山區復興南路一段39號GF樓 (12206779864.md)
  -> Not found.

[96/602] Geocoding: 桃園市桃園區廈門街77號 (12207156352.md)
  -> Not found.

[97/602] Geocoding: 新北市板橋區後埔街54號 (12207163234.md)
  -> Not found.

[98/602] Geocoding: 新北市石門區德茂里下員坑15號 (12208155379.md)
  -> Not found.

[99/602] Geocoding: 台北市大安區敦化南路一段160巷13號1樓 (12208205662.md)
  -> Not found.

[100/602] Geocoding: 國立中正紀念堂民主大道 (12208388308.md)
  -> Not found.

[101/602] Geocoding: 新北市林口區文化三路一段356號2樓 (12208470850.md)
  -> Not found.

[102/602] Geocoding: 台中市南屯區公益路二段106號 (12208699222.md)
  -> Not found.
.
[104/602] Geocoding: 台中市西區五權路6號 (12208715311.md)
  -> Not found.

[105/602] Geocoding: 桃園市龍潭區楊銅路二段688-1號 (12208873957.md)
  -> Not found.

[106/602] Geocoding: 桃園市復興區三民村基國派101號 (12209010178.md)
  -> Not found.

[107/602] Geocoding: 新北市永和區得和路211號 (12209096401.md)
  -> Not found.

[108/602] Geocoding: 桃園市觀音區坑尾村7鄰48-6號 (12209114680.md)
  -> Not found.

[109/602] Geocoding: 新北市平溪區慶和橋26號 (12209279128.md)
  -> Not found.

[110/602] Geocoding: 台北市昆明街92-1號3樓 (12209332888.md)
  -> Not found.

[111/602] Geocoding: 新北市土城市國際路55號3樓 (12209653876.md)
  -> Not found.

[112/602] Geocoding: 新北市 (12209910709.md)
  -> Found: 25.011997, 121.4656619

[113/602] Geocoding: 宜蘭縣礁溪鄉礁溪路七段72號 (12210549349.md)
  -> Not found.

[114/602] Geocoding: 台北市中山區松江路69巷8號 (12210573619.md)
  -> Not found.

[115/602] Geocoding: 台北市信義區永吉路345號 (12210640042.md)
  -> Not found.

[116/602] Geocoding: 宜蘭縣五結鄉中興路二段66巷2-2號 (12210838447.md)
  -> Not found.

[117/602] Geocoding: 宜蘭縣壯圍鄉古結路49號 (12211074433.md)
  -> Not found.

[118/602] Geocoding: 宜蘭縣宜蘭市宜興路一段236號 (12211127140.md)
  -> Not found.

[119/602] Geocoding: 宜蘭縣大同鄉三星路8段501巷139號 (12211686292.md)
  -> Not found.

[120/602] Geocoding: 台北市南港區經貿二路168號1樓 (12211688131.md)
  -> Not found.

[121/602] Geocoding: 台北市大安區大安路一段51巷3號 (12211941988.md)
  -> Not found.

[122/602] Geocoding: 台北市大安區延吉街160巷3號 (12212196619.md)
  -> Not found.

[123/602] Geocoding: 宜蘭縣宜蘭市公園路435號 (12212410045.md)
  -> Not found.

[124/602] Geocoding: 桃園市八德區霄裡里浮覓16鄰1號旁 (12212747860.md)
  -> Not found.

[125/602] Geocoding: 桃園縣蘆竹鄉仁愛路三段580號 (12212881705.md)
  -> Not found.

[126/602] Geocoding: 台南東區崇善路25巷55號 (12212917852.md)
  -> Not found.

[127/602] Geocoding: 台南市安平區安平路612號 (12213123751.md)
  -> Not found.

[128/602] Geocoding: 台南市東區民族路一段20號 (12213327118.md)
  -> Not found.

[129/602] Geocoding: 台北市中山區大直街13號 (12213503005.md)
  -> Not found.

[130/602] Geocoding: 台北市內湖區環山路二段68巷底 (12213527974.md)
  -> Not found.

[131/602] Geocoding: 宜蘭縣頭城鎮青雲路三段177號 (12213650668.md)
  -> Not found.

[132/602] Geocoding: 台北市大同區重慶北路三段217號 (12213673300.md)
  -> Not found.

[133/602] Geocoding: 台南市玉井區層林里10號 (12213714016.md)
  -> Not found.

[134/602] Geocoding: 台北市中山區植福路8號 (12213742684.md)
  -> Not found.
.
[136/602] Geocoding: 台北市大安區樂利路31-1號 (12213869236.md)
  -> Not found.

[137/602] Geocoding: 台南市下營區營前村文明街45巷26號 (12213869413.md)
  -> Not found.

[138/602] Geocoding: 台北市中山區中山北路一段71號 (12214429172.md)
  -> Not found.

[139/602] Geocoding: 新北市新店區北新路二段128號2樓 (12214512650.md)
  -> Not found.

[140/602] Geocoding: 台北市士林區大北路10號 (12214598792.md)
  -> Not found.

[141/602] Geocoding: 台北市士林區至善路二段221號 (12214678244.md)
  -> Not found.

[142/602] Geocoding: 台北市市民大道四段85號 (12214746968.md)
  -> Not found.

[143/602] Geocoding: 台北市松山區民生東路四段56巷1弄1號 (12214765550.md)
  -> Not found.

[144/602] Geocoding: 新北市中和區中安街122號 (12214805411.md)
  -> Not found.

[145/602] Geocoding: 新店北宜公路約14.5k (12214865279.md)
  -> Not found.

[146/602] Geocoding: 台北市中正區羅斯福路三段286巷16號 (12215200985.md)
  -> Not found.

[147/602] Geocoding: 台北市北投區中央北路一段206號 (12215218634.md)
  -> Not found.

[148/602] Geocoding: 台北市中正區濟南路二段60之3號 (12215333222.md)
  -> Not found.

[149/602] Geocoding: 花蓮縣壽豐鄉壽豐村壽山路5號 (12215336210.md)
  -> Not found.

[150/602] Geocoding: 新北市板橋區板新路136號 (12215606285.md)
  -> Not found.

[151/602] Geocoding: 台北市中正區青島東路6-2號 (12215836445.md)
  -> Not found.

[152/602] Geocoding: 台北市萬華區寶興街163號 (12216005504.md)
  -> Not found.

[153/602] Geocoding: 台東縣卑南鄉明峰村試驗場8號 (12216040106.md)
  -> Not found.

[154/602] Geocoding: 宜蘭縣五結鄉五濱路二段459號 (12216041258.md)
  -> Not found.

[155/602] Geocoding: 台東市東峯街29巷58號 (12216153389.md)
  -> Not found.

[156/602] Geocoding: 宜蘭縣蘇澳鎮造船路108號 (12216172910.md)
  -> Not found.

[157/602] Geocoding: 桃園市中壢區元化路125巷32號 (12216233690.md)
  -> Not found.

[158/602] Geocoding: 宜蘭市舊城北路163-2號 (12216289445.md)
  -> Not found.

[159/602] Geocoding: 台北市大安區金華街164巷1弄6號1樓 (12216584675.md)
  -> Not found.

[160/602] Geocoding: 宜蘭縣冬山鄉廣興路205號 (12216627215.md)
  -> Not found.

[161/602] Geocoding: 台北市中正區新生南路一段52-3號2樓 (12216629534.md)
  -> Not found.

[162/602] Geocoding: 苗栗縣南庄鄉蓬萊村九鄰42份7-6號 (12216658091.md)
  -> Not found.

[163/602] Geocoding: 台北市大同區赤峰街17巷18-1號(中山捷運站4號出口 (12216882764.md)
  -> Not found.

[164/602] Geocoding: 宜蘭縣頭城鎮纘祥路38號 (12216910463.md)
  -> Not found.

[165/602] Geocoding: 台北市大安區忠孝東路四段101巷14號 (12216914843.md)
  -> Not found.

[166/602] Geocoding: 宜蘭縣員山鄉員山路二段175巷25號 (12216935858.md)
  -> Not found.

[167/602] Geocoding: 苗栗縣三義鄉水美路48號 (12216951575.md)
  -> Not found.

[168/602] Geocoding: 宜蘭縣冬山鄉中山村舊寮路73巷33號 (12216993296.md)
  -> Not found.

[169/602] Geocoding: 苗栗縣獅潭鄉新店村7鄰62號 (12217011860.md)
  -> Not found.

[170/602] Geocoding: 台中市北屯區松竹路二段396號 (12217026275.md)
  -> Not found.

[171/602] Geocoding: 苗栗縣三義鄉勝興村12鄰41號 (12217093155.md)
  -> Not found.

[172/602] Geocoding: 台北市大安區忠孝東路四段216巷19弄7號 (12217300842.md)
  -> Not found.

[173/602] Geocoding: 台北市中山區建國北路一段68號 (12217360209.md)
  -> Not found.

[174/602] Geocoding: 台北市和平東路二段107巷23弄10號 (12217510860.md)
  -> Not found.

[175/602] Geocoding: 新北市板橋區忠孝路126號 (12217544691.md)
  -> Not found.

[176/602] Geocoding: 新北市林口區文化三路一段356號2樓 (12217598829.md)
  -> Not found.

[177/602] Geocoding: 新北市林口區嘉寶里的西濱公路旁 (12217694646.md)
  -> Not found.

[178/602] Geocoding: 宜蘭縣五結鄉五濱路二段201號 (12217744974.md)
  -> Not found.

[179/602] Geocoding: 宜蘭縣宜蘭市宜興路一段236號 (12217778310.md)
  -> Not found.

[180/602] Geocoding: 台北市大安區臨江街87號 (12217857066.md)
  -> Not found.

[181/602] Geocoding: 宜蘭縣羅東鎮中山路三段208號 (12217858536.md)
  -> Not found.

[182/602] Geocoding: 台北市信義區光復南路421巷9-1號 (12217912731.md)
  -> Not found.

[183/602] Geocoding: 台北市松山區民生東路215號 (12217965123.md)
  -> Not found.

[184/602] Geocoding: 宜蘭縣員山鄉枕山一村15號 (12218016438.md)
  -> Not found.

[185/602] Geocoding: 台北市信義區和平東路三段377號 (12218068200.md)
  -> Not found.

[186/602] Geocoding: 台北市大安區敦化南路一段177巷35號1樓 (12218141679.md)
  -> Not found.
.
[188/602] Geocoding: 新北市瑞芳區祈堂路53號 (12218357571.md)
  -> Not found.
.
[190/602] Geocoding: 新北市新莊區昌平街82巷13弄14號1樓 (12218517063.md)
  -> Not found.

[191/602] Geocoding: 新北市石門區尖鹿里 (12218529246.md)
  -> Found: 25.2750365, 121.5786073

[192/602] Geocoding: 台北市大安區大安路19巷13號1樓 (12218679432.md)
  -> Not found.

[193/602] Geocoding: 新北市新莊區中平路49號 (12218719965.md)
  -> Not found.

[194/602] Geocoding: 台北市中山區林森北路428號2樓 (12218881626.md)
  -> Not found.

[195/602] Geocoding: 台北市大安區光復南路240巷50號 (12219043518.md)
  -> Not found.

[196/602] Geocoding: 台北市大安區忠孝東路三段217巷3弄22號1樓 (12219070230.md)
  -> Not found.

[197/602] Geocoding: 台北市中山北路二段42巷38號 (12219253179.md)
  -> Not found.

[198/602] Geocoding: 台北市內湖區民權東路六段286號1樓 (12219263757.md)
  -> Not found.

[199/602] Geocoding: 桃園縣中壢市中山東路一段42號 (12219346491.md)
  -> Not found.

[200/602] Geocoding: 台北市中山區南京東路一段31巷6號1樓 (12219480108.md)
  -> Not found.

[201/602] Geocoding: 宜蘭縣礁溪鄉五峰路2號 (12219763278.md)
  -> Not found.
.
[203/602] Geocoding: 台北市信義區松壽路12號4樓 (12220054077.md)
  -> Not found.

[204/602] Geocoding: 台北市內湖區碧山路62號 (12220181664.md)
  -> Not found.

[205/602] Geocoding: 介於三義交流道、后里交流道中間 (12220183353.md)
  -> Not found.

[206/602] Geocoding: 桃園市中壢區崁頂路1039-1號 (12220612710.md)
  -> Not found.

[207/602] Geocoding: 新北市樹林區樹新路28巷14號 (12220941999.md)
  -> Not found.

[208/602] Geocoding: 新北市新店區北宜路一段178號 (12221169843.md)
  -> Not found.

[209/602] Geocoding: 台北市萬華區廣州街 (12221435973.md)
  -> Found: 25.0362787, 121.5057087

[210/602] Geocoding: 臺灣花蓮縣秀林鄉台8線東側入口處189k (12221449272.md)
  -> Not found.

[211/602] Geocoding: 花蓮縣壽豐鄉四維路68號 (12221475780.md)
  -> Not found.

[212/602] Geocoding: 花蓮縣光復鄉農場路31號 (12221475849.md)
  -> Not found.

[213/602] Geocoding: 台北市士林區德行西路48號 (12221510544.md)
  -> Not found.

[214/602] Geocoding: 南京西路23巷5號之1 (12221549043.md)
  -> Not found.

[215/602] Geocoding: 台北市大安區金華街126號 (12221549949.md)
  -> Not found.

[216/602] Geocoding: 台北市大安區仁愛路四段91巷23-1號 (12221591628.md)
  -> Not found.

[217/602] Geocoding: 台北市大安區光復南路290巷48號 (12221592009.md)
  -> Not found.

[218/602] Geocoding: 新北市新店區寶安街36號 (12221619996.md)
  -> Not found.

[219/602] Geocoding: 台北市文山區興隆路 (12221646258.md)
  -> Found: 24.9843583, 121.5610498

[220/602] Geocoding: 新北市林口區瑞平里66號 (12221657781.md)
  -> Not found.

[221/602] Geocoding: 新北市淡水區中山北路一段152號 (12221669775.md)
  -> Not found.

[222/602] Geocoding: ＧＯＯＧＬＥ導航設定在鼻頭角公園，然後從新興宮旁走上去 (12221693832.md)
  -> Not found.

[223/602] Geocoding: 台北市中正區羅斯福路四段138號2樓 (12221780157.md)
  -> Not found.
.
[225/602] Geocoding: 新北市淡水區中山路186號 (12221862207.md)
  -> Not found.

[226/602] Geocoding: 台北市中山區濱江街5號 (12221908377.md)
  -> Not found.

[227/602] Geocoding: 台北市北投區竹子湖路112號 (12221911575.md)
  -> Not found.

[228/602] Geocoding: 台北市大安區忠孝東路四段172號4樓 (12221916594.md)
  -> Not found.

[229/602] Geocoding: 新北市板橋區文化路一段360號B1 (12221982471.md)
  -> Not found.

[230/602] Geocoding: 新北市林口區下福里2鄰15號 (12222019104.md)
  -> Not found.

[231/602] Geocoding: 台北市中山區臨沂街31-1號 (12222067650.md)
  -> Not found.

[232/602] Geocoding: 台北市士林區文林路173號2F (12222081936.md)
  -> Not found.

[233/602] Geocoding: 台北市中山區天津街16號 (12222096135.md)
  -> Not found.

[234/602] Geocoding: 宜蘭縣蘇澳鎮海山西路309號 (12222101406.md)
  -> Not found.

[235/602] Geocoding: 宜蘭縣員山鄉內城路650號 (12222106764.md)
  -> Not found.

[236/602] Geocoding: 台北市南港區忠孝東路七段369號 (12222111273.md)
  -> Not found.

[237/602] Geocoding: 台北市文林路404巷9號2樓 (12222122079.md)
  -> Not found.

[238/602] Geocoding: 宜蘭縣冬山鄉三奉路77號 (12222140157.md)
  -> Not found.

[239/602] Geocoding: 桃園縣觀音鄉大堀村下大堀184號 (12222162657.md)
  -> Not found.

[240/602] Geocoding: 台北市大安區永康街14巷3號 (12222165066.md)
  -> Not found.

[241/602] Geocoding: 桃園市楊梅區四維路29號 (12222170085.md)
  -> Not found.

[242/602] Geocoding: 桃園市大園區沙崙村1鄰10號 (12222183501.md)
  -> Not found.

[243/602] Geocoding: 新北市新店區北新路三段90號 (12222188106.md)
  -> Not found.

[244/602] Geocoding: 台北市中正區信陽街5號之1 (12222204975.md)
  -> Not found.

[245/602] Geocoding: 台北市中正區信陽街29號 (12222209520.md)
  -> Not found.

[246/602] Geocoding: 臺北市萬華區寶興街129號 (12222217209.md)
  -> Not found.

[247/602] Geocoding: 台北市大同區延平北路二段91號 (12222220761.md)
  -> Not found.

[248/602] Geocoding: 新北市淡水區淡金路五段172號 (12222221922.md)
  -> Not found.

[249/602] Geocoding: 新北市板橋區國光路174號 (12222237756.md)
  -> Not found.

[250/602] Geocoding: 台北市大安區市民大道四段210號 (12222251328.md)
  -> Not found.

[251/602] Geocoding: 新北市永和區文化路9巷4號 (12222271890.md)
  -> Not found.

[252/602] Geocoding: 台北市士林區士東路89巷2號 (12222281190.md)
  -> Not found.

[253/602] Geocoding: 台北市士林區德行西路70號 (12222286011.md)
  -> Not found.

[254/602] Geocoding: 新北市鶯歌區中正一路401號 (12222287223.md)
  -> Not found.

[255/602] Geocoding: 新北市鶯歌區中正一路157號 (12222288126.md)
  -> Not found.

[256/602] Geocoding: 台北市松山區富錦街464號 (12222301743.md)
  -> Not found.

[257/602] Geocoding: 台北市大安區臥龍街153號 (12222318477.md)
  -> Not found.

[258/602] Geocoding: 台北市中山區中山北路二段24-3號 (12222322050.md)
  -> Not found.

[259/602] Geocoding: 新北市新莊區建安街86號 (12222336297.md)
  -> Found: 25.024064, 121.426298

[260/602] Geocoding: 台北市長安東路一段45之2號2樓 (12222346128.md)
  -> Not found.

[261/602] Geocoding: 台北市大安區信義路三段166巷4號 (12222373182.md)
  -> Not found.

[262/602] Geocoding: 台北市中山區中山北路一段140巷11號 (12222381651.md)
  -> Not found.

[263/602] Geocoding: 台北市中山區中山北路一段140巷26弄1號 (12222382542.md)
  -> Not found.

[264/602] Geocoding: 台北市信義區逸仙路42巷19號 (12222391554.md)
  -> Not found.

[265/602] Geocoding: 台北市士林區忠誠路二段56號 (12222401151.md)
  -> Not found.

[266/602] Geocoding: 新北市淡水區中正路220號 (12222426732.md)
  -> Not found.

[267/602] Geocoding: 新北市蘆洲區集賢路348號 (12222450813.md)
  -> Not found.

[268/602] Geocoding: 台北市萬華區西園路一段242號 (12222466077.md)
  -> Not found.

[269/602] Geocoding: 台北市中山區八德路二段322號 (12222472086.md)
  -> Not found.

[270/602] Geocoding: 台北市大安區安東街35巷4之1號 (12222472512.md)
  -> Not found.

[271/602] Geocoding: 宜蘭縣冬山鄉冬山路二段63號 (12222489126.md)
  -> Not found.

[272/602] Geocoding: 宜蘭縣頭城鎮協天路400號 (12222492327.md)
  -> Not found.

[273/602] Geocoding: 宜蘭縣五結鄉親河路二段157號 (12222497469.md)
  -> Not found.

[274/602] Geocoding: 宜蘭縣礁溪鄉吳沙村開蘭路209號 (12222513225.md)
  -> Not found.

[275/602] Geocoding: 宜蘭市宜興路二段3之2號 (12222513993.md)
  -> Not found.

[276/602] Geocoding: 宜蘭縣礁溪鄉礁溪路六段12號 (12222518160.md)
  -> Not found.

[277/602] Geocoding: 宜蘭縣冬山鄉新寮路500號 (12222538101.md)
  -> Not found.

[278/602] Geocoding: 宜蘭縣員山鄉茄苳路76-10號 (12222538449.md)
  -> Not found.

[279/602] Geocoding: 台北市長春路168號 (12222542751.md)
  -> Not found.

[280/602] Geocoding: 宜蘭縣壯圍鄉過嶺村壯濱路3段510 (12222543198.md)
  -> Not found.

[281/602] Geocoding: 台北市中山區林森北路119巷63號 (12222551871.md)
  -> Not found.

[282/602] Geocoding: 台北市松山區南京東路四段53巷3弄5號1樓之2號 (12222570474.md)
  -> Not found.

[283/602] Geocoding: 新北市中和區中山路3段122號4樓 (12222585387.md)
  -> Not found.

[284/602] Geocoding: 臺南市東區東平路131號 (12222618789.md)
  -> Not found.

[285/602] Geocoding: 臺南市北門區永華里井仔腳興安宮旁 (12222631200.md)
  -> Not found.
.
[287/602] Geocoding: 台南市白河區六重溪21-1號 (12222659328.md)
  -> Not found.

[288/602] Geocoding: 台南市仁德區文華路二段326號 (12222687849.md)
  -> Not found.

[289/602] Geocoding: 新北市中和區連城路363號 (12222721587.md)
  -> Not found.

[290/602] Geocoding: 台南市南區萬年二街61號 (12222726009.md)
  -> Not found.

[291/602] Geocoding: 新北市新莊區四維路201號 (12222754656.md)
  -> Not found.

[292/602] Geocoding: 台南市龍崎區牛埔里22號之2 (12222758691.md)
  -> Not found.

[293/602] Geocoding: 台南市學甲區美豐49之26號 (12222787395.md)
  -> Not found.

[294/602] Geocoding: 台南市北區西門路四段101號 (12222790032.md)
  -> Not found.

[295/602] Geocoding: 彰化縣和美鎮孝義路391巷5號 (12222823665.md)
  -> Not found.

[296/602] Geocoding: 彰化縣鹿港鎮鹿工南四路30號 (12222827667.md)
  -> Not found.

[297/602] Geocoding: 彰化縣員林市中山路二段481號 (12222841185.md)
  -> Not found.

[298/602] Geocoding: 彰化縣田尾鄉民族路一段19號 (12222850968.md)
  -> Not found.

[299/602] Geocoding: 台北市松山區敦化北路100號 (12222863751.md)
  -> Not found.

[300/602] Geocoding: 台北市中山區南京東路三段91-2號 (12222874917.md)
  -> Not found.

[301/602] Geocoding: 新北市中和區中和路350巷12號 (12222894153.md)
  -> Not found.

[302/602] Geocoding: 台北市信義區忠孝東路4段553巷46弄14號 (12222929421.md)
  -> Not found.
.
[304/602] Geocoding: 新北市淡水區英專路139號1樓 (12222992559.md)
  -> Not found.

[305/602] Geocoding: 台北市萬華區艋舺大道167號 (12223031292.md)
  -> Not found.

[306/602] Geocoding: 台北市大安區光復南路280巷29號 (12223049217.md)
  -> Not found.

[307/602] Geocoding: 台北市中山區大直街13號1樓 (12223085133.md)
  -> Not found.

[308/602] Geocoding: 桃園市楊梅區東森路5號 (12223092090.md)
  -> Not found.

[309/602] Geocoding: 台北市內湖區內湖路二段192號 (12223101816.md)
  -> Not found.

[310/602] Geocoding: 桃園市中壢區環西路二段185-1號 (12223118796.md)
  -> Not found.

[311/602] Geocoding: 桃園市楊梅區東森路3號 (12223119597.md)
  -> Not found.

[312/602] Geocoding: 台北市中山區八德路二段292號 (12223143585.md)
  -> Not found.

[313/602] Geocoding: 新北市三重區自強路一段11號 (12223155567.md)
  -> Not found.

[314/602] Geocoding: 新竹市東區中正路96巷8號 (12223162143.md)
  -> Not found.

[315/602] Geocoding: 新竹縣關西鎮石光里石岡子76巷7號 (12223162365.md)
  -> Not found.

[316/602] Geocoding: 新竹市東區金山十一街33號 (12223164393.md)
  -> Not found.

[317/602] Geocoding: 台北市南京西路12號B1 (12223164771.md)
  -> Not found.

[318/602] Geocoding: 台北市松山區敦化北路167號B1 (12223168962.md)
  -> Not found.
..
[321/602] Geocoding: 新竹縣湖口鄉新興路306號 (12223199655.md)
  -> Not found.

[322/602] Geocoding: 苗栗市獅潭鄉新店村小東勢19號 (12223221954.md)
  -> Not found.

[323/602] Geocoding: 台北市松山區南京東路三段256巷28弄1號 (12223226886.md)
  -> Not found.

[324/602] Geocoding: 新北市板橋區公館街110號 (12223226952.md)
  -> Not found.

[325/602] Geocoding: 苗栗市中山路713號 (12223237371.md)
  -> Not found.

[326/602] Geocoding: 新北市淡水區中山北路一段257號 (12223243191.md)
  -> Not found.

[327/602] Geocoding: 苗栗縣南庄鄉文化路10號 (12223253736.md)
  -> Not found.

[328/602] Geocoding: 新北市板橋區萬板路11號 (12223279038.md)
  -> Not found.

[329/602] Geocoding: 新北市中和區平河里建一路175號 (12223303719.md)
  -> Not found.

[330/602] Geocoding: 苗栗縣泰安鄉大興村3鄰63-10號 (12223306788.md)
  -> Not found.
.
[332/602] Geocoding: 南京西路23巷5號之1 (12223355343.md)
  -> Not found.

[333/602] Geocoding: 台北市大安區大安路一段83巷14號 (12223376820.md)
  -> Not found.

[334/602] Geocoding: 台北市松山區市民大道四段173號 (12223382313.md)
  -> Not found.

[335/602] Geocoding: 台北市文山區羅斯福路四段200號 (12223389495.md)
  -> Not found.

[336/602] Geocoding: 台北市內湖區石潭路1號 (12223402476.md)
  -> Not found.

[337/602] Geocoding: 台北市中山區八德路二段284號 (12223424544.md)
  -> Not found.

[338/602] Geocoding: 台北市松山區復興北路81巷12號 (12223464903.md)
  -> Not found.

[339/602] Geocoding: 台北市中山區遼寧街63巷25號 (12223472718.md)
  -> Not found.

[340/602] Geocoding: 台北市中山區長安東路二段169-12號2樓 (12223484025.md)
  -> Not found.

[341/602] Geocoding: 新北市板橋區莒光路53號​ (12223484784.md)
  -> Not found.

[342/602] Geocoding: 台北市中山區中山北路二段39巷3號2F (12223488060.md)
  -> Not found.

[343/602] Geocoding: 臺北市中山區新生北路一段66號 (12223508826.md)
  -> Not found.

[344/602] Geocoding: 台北市中山區敦化北路167號B1(宏國大樓內） (12223535880.md)
  -> Not found.

[345/602] Geocoding: 台北市北投區竹子湖路63-1號旁 (12223548513.md)
  -> Not found.

[346/602] Geocoding: 台北市陽明山永公路５４６號 (12223565088.md)
  -> Not found.

[347/602] Geocoding: 台北市大安區信義路四段311號 (12223593342.md)
  -> Not found.

[348/602] Geocoding: 台中市南屯區南屯路二段99號 (12223620966.md)
  -> Not found.

[349/602] Geocoding: 台中市西屯路二段287號 (12223629591.md)
  -> Not found.

[350/602] Geocoding: 台北市中山區長春路322號 (12223641558.md)
  -> Not found.
.
[352/602] Geocoding: 桃園市蘆竹區坑菓路663號 (12223651014.md)
  -> Not found.

[353/602] Geocoding: 桃園縣大園鄉海口村港口7-7號2樓16號攤位 (12223655469.md)
  -> Not found.

[354/602] Geocoding: 台北市大同區赤峰街71巷34號 (12223658727.md)
  -> Not found.

[355/602] Geocoding: 台中市石岡區和盛街南巷10號 (12223673613.md)
  -> Not found.

[356/602] Geocoding: 台北市中正區忠孝東路一段108號 (12223676184.md)
  -> Not found.

[357/602] Geocoding: 台北市中正區信陽街29號 (12223682214.md)
  -> Not found.

[358/602] Geocoding: 台中市東區旱溪東路一段456號 (12223695057.md)
  -> Not found.

[359/602] Geocoding: 台北市大安區延吉街99號 (12223705311.md)
  -> Not found.

[360/602] Geocoding: 台中市西屯區文華路11號 (12223722312.md)
  -> Not found.

[361/602] Geocoding: 臺中市新社區中興嶺98號 (12223725003.md)
  -> Not found.

[362/602] Geocoding: 台中市西區模範街23巷3號 (12223725771.md)
  -> Not found.

[363/602] Geocoding: 台北市中山區南京東路二段21巷24號 (12223733652.md)
  -> Not found.

[364/602] Geocoding: 雲林縣斗南鎮中正路174號 (12223749156.md)
  -> Not found.

[365/602] Geocoding: 新北市中和區中山路二段311號2樓 (12223759701.md)
  -> Not found.

[366/602] Geocoding: 台北市信義區忠孝東路五段8號B2 (12223789755.md)
  -> Not found.

[367/602] Geocoding: 台中市梧棲區海濱里北堤路 (12223794690.md)
  -> Not found.

[368/602] Geocoding: 台中市龍井區臺灣大道五段3巷6弄32號 (12223800363.md)
  -> Not found.

[369/602] Geocoding: 新北市板橋區文化路一段270巷3弄24號 (12223816287.md)
  -> Not found.

[370/602] Geocoding: 台北市中山區中山北路三段26號 (12223844829.md)
  -> Not found.

[371/602] Geocoding: 宜蘭縣三星鄉大義村大義二路238號 (12223860111.md)
  -> Not found.

[372/602] Geocoding: 台北市中山區南京西路1號3樓 (12223864857.md)
  -> Not found.

[373/602] Geocoding: 台北市中山區建國北路一段96號B1 (12223868457.md)
  -> Not found.

[374/602] Geocoding: 宜蘭縣礁溪鄉中山路二段117號 (12223883601.md)
  -> Not found.

[375/602] Geocoding: 宜蘭縣礁溪鄉淇武蘭路162-13號 (12223887111.md)
  -> Not found.

[376/602] Geocoding: 新北市淡水區北新路182巷13號 (12223905480.md)
  -> Not found.

[377/602] Geocoding: 台北市中正區汀州路三段295號 (12223906062.md)
  -> Not found.

[378/602] Geocoding: 新北市淡水區中山北路一段120-1號 (12223909893.md)
  -> Not found.

[379/602] Geocoding: 新北市淡水區北新路182巷21弄13號 (12223909956.md)
  -> Not found.

[380/602] Geocoding: 新北市新店區北新路三段206巷1弄7號 (12223918824.md)
  -> Not found.

[381/602] Geocoding: 台北市中山區五常街53巷13號 (12223930587.md)
  -> Not found.

[382/602] Geocoding: 宜蘭縣宜蘭市泰山路11號 (12223933560.md)
  -> Not found.

[383/602] Geocoding: 新北市淡水區新春街148之2號 (12223937856.md)
  -> Not found.

[384/602] Geocoding: 台北市北投區中山路1-8號 (12223939818.md)
  -> Not found.

[385/602] Geocoding: 宜蘭縣員山鄉八甲路15-6號 (12223942641.md)
  -> Not found.

[386/602] Geocoding: 新北市淡水區北新路113號 (12223948386.md)
  -> Not found.

[387/602] Geocoding: 新北市淡水區北新路182巷21弄9號 (12223948497.md)
  -> Not found.

[388/602] Geocoding: 新北市淡水區水源街二段46號 (12223974036.md)
  -> Not found.

[389/602] Geocoding: 新北市淡水區義山路二段301號 (12223982916.md)
  -> Not found.

[390/602] Geocoding: 宜蘭冬山鄉得安村下湖路285號 (12224000814.md)
  -> Not found.

[391/602] Geocoding: 宜蘭縣羅東鎮中山路三段255號 (12224047068.md)
  -> Not found.

[392/602] Geocoding: 新北市淡水區大忠街115號 (12224047179.md)
  -> Not found.

[393/602] Geocoding: 宜蘭縣羅東鎮站東路170巷3號 (12224048061.md)
  -> Not found.

[394/602] Geocoding: 宜蘭縣員山鄉惠深二路二段125號 (12224048958.md)
  -> Not found.

[395/602] Geocoding: 宜蘭縣宜蘭市大坡路二段255號 (12224061483.md)
  -> Not found.

[396/602] Geocoding: 宜蘭縣頭城鎮協天路636巷36-2號 (12224076342.md)
  -> Not found.

[397/602] Geocoding: 新北市板橋區文化路二段419號 (12224364543.md)
  -> Not found.

[398/602] Geocoding: 台北市士林區大東路131號 (12224378139.md)
  -> Not found.

[399/602] Geocoding: 宜蘭縣宜蘭市宜興路一段271號 (12224393250.md)
  -> Not found.

[400/602] Geocoding: 新北市三峽區國際一街3號2樓 (12224438397.md)
  -> Not found.

[401/602] Geocoding: 台北市中正區杭州南路一段63-1號 (12224480058.md)
  -> Not found.

[402/602] Geocoding: 台北市中山區長安東路二段218號2樓 (12224534361.md)
  -> Not found.

[403/602] Geocoding: 台南市中西區西門路二段372巷10號 (12224559453.md)
  -> Not found.

[404/602] Geocoding: 台南市中西區西門路二段372巷10號 (12224566929.md)
  -> Not found.

[405/602] Geocoding: 臺南市新化區大坑里82號 (12224572173.md)
  -> Not found.

[406/602] Geocoding: 台南市中西區西門路二段350號 (12224588028.md)
  -> Not found.

[407/602] Geocoding: 新北市淡水區中山北路一段193號 (12224611506.md)
  -> Not found.

[408/602] Geocoding: 台南市中西區永福路一段72號 (12224630838.md)
  -> Not found.
.
[410/602] Geocoding: 新北市板橋區雙十路三段10巷13號 (12224713596.md)
  -> Not found.

[411/602] Geocoding: 新北市板橋區文化路二段410巷2弄3號1樓 (12224720034.md)
  -> Not found.

[412/602] Geocoding: 新北市板橋區文化路二段125巷38號 (12224732166.md)
  -> Not found.

[413/602] Geocoding: 台北市大安區敦化南路1段151號1樓 (12224738298.md)
  -> Not found.

[414/602] Geocoding: 台北市中山區長安東路二段169-12號2樓 (12224775378.md)
  -> Not found.

[415/602] Geocoding: 新竹縣竹東鎮明星一路138號 (12224799882.md)
  -> Not found.

[416/602] Geocoding: 台北市信義區忠孝東路四段553巷46弄11號 (12224824947.md)
  -> Not found.

[417/602] Geocoding: 新北市板橋區民生路三段193號 (12224825070.md)
  -> Not found.

[418/602] Geocoding: 宜蘭縣礁溪鄉五峰路81巷6號 (12224837835.md)
  -> Not found.

[419/602] Geocoding: 宜蘭縣礁溪鄉礁溪路七段7號 (12224840658.md)
  -> Not found.

[420/602] Geocoding: 宜蘭市中山路二段272號 (12224851383.md)
  -> Not found.

[421/602] Geocoding: 台北市中山區南京西路23巷5號之1 (12224870159.md)
  -> Not found.

[422/602] Geocoding: 台北市信義區逸仙路42巷9號 (12224886283.md)
  -> Not found.

[423/602] Geocoding: 台北市大安區光復南路280巷34號 (12224894767.md)
  -> Not found.

[424/602] Geocoding: 新北市板橋區館前西路3號 (12224901227.md)
  -> Not found.

[425/602] Geocoding: 新北市淡水區中山路8號9樓 (12224908225.md)
  -> Not found.

[426/602] Geocoding: 桃園市大溪區員林路一段299號 (12224914711.md)
  -> Not found.

[427/602] Geocoding: 台北市萬華區昆明街278號 (12224922589.md)
  -> Not found.

[428/602] Geocoding: 新北市板橋區館前東路23-1號2樓 (12224932571.md)
  -> Not found.

[429/602] Geocoding: 新北市板橋區文化路一段311之2號​⠀ (12224935979.md)
  -> Not found.

[430/602] Geocoding: 新北市板橋區四維路98-1號 (12224938807.md)
  -> Not found.

[431/602] Geocoding: 新北市板橋區縣民大道二段7號2樓 (12224940847.md)
  -> Not found.

[432/602] Geocoding: 新北市板橋區松柏街2號 (12224944963.md)
  -> Not found.

[433/602] Geocoding: 宜蘭縣頭城鎮頭濱路三段110號 (12224946877.md)
  -> Not found.

[434/602] Geocoding: 宜蘭縣員山鄉坡城路23-12號 (12224951061.md)
  -> Not found.

[435/602] Geocoding: 新北市板橋區介壽街8號 (12224954621.md)
  -> Not found.

[436/602] Geocoding: 台北市士林區美德街2-3號 (12224962061.md)
  -> Not found.

[437/602] Geocoding: 台北市中正區開封街一段71號 (12224971047.md)
  -> Not found.

[438/602] Geocoding: 新竹市培英街35巷5號1樓 (12224983575.md)
  -> Not found.

[439/602] Geocoding: 新北市林口區文化二路一段230巷3號 (12224990277.md)
  -> Not found.

[440/602] Geocoding: 新北市板橋區銘傳街76巷22號 (12224991869.md)
  -> Not found.

[441/602] Geocoding: 宜蘭縣五結鄉公園一路3號 (12224994635.md)
  -> Not found.

[442/602] Geocoding: 新北市板橋區莒光路43號 (12225007103.md)
  -> Not found.

[443/602] Geocoding: 台北市萬華區中華路一段144號-13號 (12225020743.md)
  -> Not found.

[444/602] Geocoding: 新北市新莊區中港路269號 (12225032704.md)
  -> Not found.

[445/602] Geocoding: 台北市士林區中正路223巷11號 (12225045759.md)
  -> Not found.

[446/602] Geocoding: 新北市板橋區和平路161巷16號 (12225049611.md)
  -> Not found.

[447/602] Geocoding: 台北市⼤安區忠孝東路四段181巷35弄8號1樓 (12225058447.md)
  -> Not found.

[448/602] Geocoding: 台北市中正區武昌街一段16巷11號 (12225064469.md)
  -> Not found.

[449/602] Geocoding: 台北市大安區仁愛路四段107號( (12225070125.md)
  -> Not found.

[450/602] Geocoding: 新北市板橋區雙十路二段229號 (12225077269.md)
  -> Not found.

[451/602] Geocoding: 新北市板橋區莒光路53號​ (12225083367.md)
  -> Not found.

[452/602] Geocoding: 台北市士林區中山北路六段160號 (12225088649.md)
  -> Not found.

[453/602] Geocoding: 桃園市龍潭區大同路329號 (12225098633.md)
  -> Not found.

[454/602] Geocoding: 新北市板橋區公館街23號 (12225100513.md)
  -> Not found.

[455/602] Geocoding: 新北市板橋區民生路二段234巷77號1樓​ (12225105183.md)
  -> Not found.

[456/602] Geocoding: 新北市板橋區仁化街64巷3號 (12225111539.md)
  -> Not found.

[457/602] Geocoding: 南投縣仁愛鄉信義巷52號 (12225118195.md)
  -> Not found.

[458/602] Geocoding: 新北市板橋區雙十路三段10巷16號 (12225127439.md)
  -> Not found.

[459/602] Geocoding: 新北市板橋區縣民大道二段7號B1樓 (12225135213.md)
  -> Not found.

[460/602] Geocoding: 桃園市中壢區春德路189號 (12225137075.md)
  -> Not found.

[461/602] Geocoding: 桃園市復興區基國派路520巷133之1號 (12225140371.md)
  -> Not found.

[462/602] Geocoding: 台北市南港區南港路一段289-2號 (12225144783.md)
  -> Not found.
.
[464/602] Geocoding: 新北市板橋區民權路202巷24號 (12225160077.md)
  -> Not found.

[465/602] Geocoding: 新北市淡水區英專路145號 (12225166245.md)
  -> Not found.

[466/602] Geocoding: 新北市板橋區文化路二段319號 (12225169027.md)
  -> Not found.

[467/602] Geocoding: 新北市板橋區四維路127號 (12225173417.md)
  -> Not found.

[468/602] Geocoding: 新北市板橋區民生路三段46號 (12225175841.md)
  -> Not found.

[469/602] Geocoding: 新北市中和區景新街312號 (12225185957.md)
  -> Not found.

[470/602] Geocoding: 台北市信義區莊敬路361號 (12225189555.md)
  -> Not found.

[471/602] Geocoding: 新北市板橋區文化路一段280號2樓 (12225200561.md)
  -> Not found.

[472/602] Geocoding: 台北市松山區市民大道四段211號 (12225201735.md)
  -> Not found.

[473/602] Geocoding: 桃園市復興區5鄰丸山52-3號 (12225204205.md)
  -> Not found.

[474/602] Geocoding: 新北市板橋區四維路196號 (12225207439.md)
  -> Not found.

[475/602] Geocoding: 新北市新莊區建福路64號 (12225209395.md)
  -> Not found.

[476/602] Geocoding: 台北市士林區天母東路41號 (12225213219.md)
  -> Not found.

[477/602] Geocoding: 新北市板橋區文化路二段182巷9弄9號 (12225220027.md)
  -> Not found.

[478/602] Geocoding: 新北市板橋區縣民大道二段275號 (12225224535.md)
  -> Not found.

[479/602] Geocoding: 宜蘭縣冬山鄉水井一路246巷45號 (12225228883.md)
  -> Not found.
.
[481/602] Geocoding: 宜蘭縣五結鄉五結路一段92號 (12225234341.md)
  -> Not found.

[482/602] Geocoding: 台北市中正區信義路二段79巷19號 (12225251865.md)
  -> Not found.

[483/602] Geocoding: 桃園市復興區中心路143-1號 (12225257089.md)
  -> Not found.

[484/602] Geocoding: 新北市新莊區幸福路694號 (12225259261.md)
  -> Not found.

[485/602] Geocoding: 新北市板橋區莒光路133巷12之3號 (12225261489.md)
  -> Not found.

[486/602] Geocoding: 新北市板橋區國光路188號1樓 (12225262455.md)
  -> Not found.

[487/602] Geocoding: 新北市板橋區和平路161巷16號 (12225263177.md)
  -> Not found.

[488/602] Geocoding: 台北市文山區興隆路三段34號2樓 (12225278719.md)
  -> Not found.

[489/602] Geocoding: 新北市板橋區民生路二段240巷21號 (12225282953.md)
  -> Not found.

[490/602] Geocoding: 新北市板橋區館前西路11號 (12225292025.md)
  -> Not found.

[491/602] Geocoding: 新北市板橋區文化路二段182巷3弄55號 (12225304415.md)
  -> Not found.

[492/602] Geocoding: 新北市板橋區文化路二段182巷1弄22號 (12225305859.md)
  -> Not found.

[493/602] Geocoding: 台北市士林區大北路38號 (12225307315.md)
  -> Not found.

[494/602] Geocoding: 新北市板橋區漢生東路117-2號 (12225309859.md)
  -> Not found.

[495/602] Geocoding: 龜吼海灘 (12225311085.md)
  -> Found: 25.1902906, 121.6838935

[496/602] Geocoding: 新北市板橋區縣民大道一段296號 (12225351749.md)
  -> Not found.

[497/602] Geocoding: 台北市士林區天母東路88號 (12225365821.md)
  -> Not found.

[498/602] Geocoding: 花蓮縣花蓮市海濱街55-2號​ (12225384527.md)
  -> Not found.

[499/602] Geocoding: 新北市板橋區雙十路二段229號 (12225423001.md)
  -> Not found.

[500/602] Geocoding: 花蓮縣壽豐鄉牛山39-5號​ (12225512941.md)
  -> Not found.

[501/602] Geocoding: 新北市新莊區中原路145-1號 (12225523923.md)
  -> Not found.

[502/602] Geocoding: 新北市板橋區雙十路二段42-4號 (12225561680.md)
  -> Not found.

[503/602] Geocoding: 台北市大安區仁愛路四段345巷5弄17號 (12225575741.md)
  -> Not found.

[504/602] Geocoding: 台北市中山區南京西路23巷5號之1 (12225597389.md)
  -> Not found.

[505/602] Geocoding: 新北市三重區忠孝路二段73號 (12225613967.md)
  -> Not found.

[506/602] Geocoding: 台北市大同區長安西路129號 (12225709190.md)
  -> Not found.

[507/602] Geocoding: 台北市大安區市民大道四段78號 (12225772880.md)
  -> Not found.

[508/602] Geocoding: 新北市萬里區漁澳路2號 (12225781448.md)
  -> Not found.

[509/602] Geocoding: 宜蘭縣宜蘭市民權路二段36號6樓​ (12225809258.md)
  -> Not found.

[510/602] Geocoding: 宜蘭縣五結鄉公園三路5-1號​ (12225832109.md)
  -> Not found.

[511/602] Geocoding: 新北市板橋區陽明街23巷6弄15號A店面 (12225842849.md)
  -> Not found.

[512/602] Geocoding: 台北市大安區安和路二段209巷2號1樓 (12225853484.md)
  -> Not found.

[513/602] Geocoding: 苗栗縣頭屋鄉明德路12鄰156號 (12225879956.md)
  -> Not found.

[514/602] Geocoding: 台北市大安區瑞安街118號 (12225924365.md)
  -> Not found.

[515/602] Geocoding: 新北市淡水區中正路117號1樓 (12225944258.md)
  -> Not found.

[516/602] Geocoding: 桃園市大溪區公園路39號 (12225952037.md)
  -> Not found.

[517/602] Geocoding: 台北市大安區敦化南路二段81巷55號 (12225963608.md)
  -> Not found.

[518/602] Geocoding: 苗栗縣大湖鄉義和村淋漓坪96-6號​ (12225993887.md)
  -> Not found.

[519/602] Geocoding: 台北市中山區天津街63號1樓 (12225998360.md)
  -> Not found.

[520/602] Geocoding: 新北市淡水區中正路123號 (12226006379.md)
  -> Not found.

[521/602] Geocoding: 新北市新莊區民安路188巷5號8樓 (12226116811.md)
  -> Not found.

[522/602] Geocoding: 桃園市中壢區領航北路二段50號 (12226133137.md)
  -> Not found.
.
[524/602] Geocoding: 新北市板橋區大同街63號 (12226202407.md)
  -> Not found.

[525/602] Geocoding: 台北市士林區中山北路七段219巷163號 (12226297012.md)
  -> Not found.

[526/602] Geocoding: 桃園市大溪區承恩路438號 (12226302211.md)
  -> Not found.

[527/602] Geocoding: 新北市板橋區公館街58號 (12226324915.md)
  -> Not found.

[528/602] Geocoding: 新北市板橋區永豐街1號 (12226354762.md)
  -> Not found.

[529/602] Geocoding: 新北市三峽區竹崙路228號 (12226380106.md)
  -> Not found.

[530/602] Geocoding: 彰化縣員林市員水路一段676巷12號 (12226402240.md)
  -> Not found.

[531/602] Geocoding: 台北市中正區金門街24巷26號 (12226402261.md)
  -> Not found.

[532/602] Geocoding: 台中市中區綠川西街123號 (12226421263.md)
  -> Not found.

[533/602] Geocoding: 台北市中山區長安東路一段46-1號 (12226442047.md)
  -> Not found.

[534/602] Geocoding: 台北市士林區小北街1號 (12226448776.md)
  -> Not found.

[535/602] Geocoding: 宜蘭縣冬山鄉東五路81號 (12226449010.md)
  -> Not found.

[536/602] Geocoding: 宜蘭縣礁溪鄉塭底路3-15號 (12226523101.md)
  -> Not found.

[537/602] Geocoding: 台北市中山區長春路128-1號 (12226533793.md)
  -> Not found.

[538/602] Geocoding: 新北市林口區文化三路一段402巷2號3樓 (12226544017.md)
  -> Not found.

[539/602] Geocoding: 台北市南港區忠孝東路七段371號B1AF (12226546567.md)
  -> Not found.

[540/602] Geocoding: 新北市淡水區北新路182巷16號2樓之1 (12226552972.md)
  -> Not found.

[541/602] Geocoding: 台北市文山區指南路三段38巷16-2號 (12226553104.md)
  -> Not found.

[542/602] Geocoding: 桃園市桃園區成功路三段200號 (12226564303.md)
  -> Not found.

[543/602] Geocoding: 新北市板橋區四川路一段20號 (12226578319.md)
  -> Not found.

[544/602] Geocoding: 桃園市桃園區成功路三段200號 (12226587805.md)
  -> Not found.

[545/602] Geocoding: 宜蘭縣宜蘭市東津一路192號 (12226614604.md)
  -> Not found.

[546/602] Geocoding: 新北市烏來區新烏路五段99號 (12226617511.md)
  -> Not found.

[547/602] Geocoding: 台北市大安區信義路四段218號1F (12226651207.md)
  -> Not found.

[548/602] Geocoding: 台北市萬華區峨眉街37號4樓 (12226663813.md)
  -> Not found.

[549/602] Geocoding: 台北市大安區信義路四段218號1F (12226677535.md)
  -> Not found.

[550/602] Geocoding: 桃園市八德區興仁路54號 (12226682845.md)
  -> Not found.

[551/602] Geocoding: 台北市大安區延吉街70巷5弄6號 (12226697344.md)
  -> Not found.

[552/602] Geocoding: 屏東縣佳冬鄉塭田路29號 (12226720042.md)
  -> Not found.

[553/602] Geocoding: 新北市新莊區中港三街11號1樓 (12226728649.md)
  -> Not found.

[554/602] Geocoding: 新北市淡水區水源街一段122巷37號 (12226756384.md)
  -> Not found.

[555/602] Geocoding: 新北市新莊區中央路469號2樓 (12226793989.md)
  -> Not found.

[556/602] Geocoding: 新北市新莊區中央路469號2樓 (12226820674.md)
  -> Not found.

[557/602] Geocoding: 新北市中和區景安路175號 (12226841701.md)
  -> Not found.

[558/602] Geocoding: 新北市三峽區民權街110號 (12226851625.md)
  -> Not found.

[559/602] Geocoding: 宜蘭縣五結鄉孝威南路41-11號 (12226867429.md)
  -> Not found.

[560/602] Geocoding: 基隆市中正區北寧路446巷51號 (12226928467.md)
  -> Not found.
.
[562/602] Geocoding: 基隆市中正區北寧路446巷51號 (12226941805.md)
  -> Not found.

[563/602] Geocoding: 基隆市中正區北寧路367號 (12226941862.md)
  -> Not found.

[564/602] Geocoding: 基隆市中正區北寧路446巷51號 (12226970329.md)
  -> Not found.

[565/602] Geocoding: 宜蘭縣蘇澳鎮中山路二段162巷2號 (12226979965.md)
  -> Not found.

[566/602] Geocoding: 台北市信義區基隆路一段89號 (12226996390.md)
  -> Not found.

[567/602] Geocoding: 宜蘭縣宜蘭市大坡路二段255號 (12227045410.md)
  -> Not found.

[568/602] Geocoding: 新北市新莊區思源路555號38樓 (12227056513.md)
  -> Not found.

[569/602] Geocoding: 台北市松山區富錦街350號1樓 (12227098108.md)
  -> Not found.

[570/602] Geocoding: 台北市南港區興中路68巷14號 (12227107204.md)
  -> Not found.

[571/602] Geocoding: 新北市汐止區新台五路一段95號3樓 (12227138161.md)
  -> Not found.

[572/602] Geocoding: 新北市市民廣場、板橋車站站前廣場、萬坪公園、府中廣場 (12227144089.md)
  -> Not found.

[573/602] Geocoding: 新北市板橋區縣民大道二段7號2F (12227153941.md)
  -> Not found.

[574/602] Geocoding: 新北市新莊區幸福路803號2樓 (12227166280.md)
  -> Not found.

[575/602] Geocoding: 新北市板橋區雙十路二段42號 (12227175160.md)
  -> Not found.

[576/602] Geocoding: 台北市南港區經貿一路168號2樓 (12227182288.md)
  -> Not found.

[577/602] Geocoding: 新北市新店區花園六路1號 (12227221990.md)
  -> Not found.

[578/602] Geocoding: 台北市大安區辛亥路一段136號 (12227226481.md)
  -> Not found.

[579/602] Geocoding: 台北市大安區仁愛路四段345巷4弄3號1F (12227257294.md)
  -> Not found.

[580/602] Geocoding: 宜蘭縣冬山鄉丸山六路128號 (12227267065.md)
  -> Not found.

[581/602] Geocoding: 宜蘭縣五結鄉五結路二段117巷7之3號 (12227277622.md)
  -> Not found.

[582/602] Geocoding: 新北市中和區永貞路221號 (12227284465.md)
  -> Not found.

[583/602] Geocoding: 新北市土城區延和路18巷15弄1號1樓 (12227290762.md)
  -> Not found.

[584/602] Geocoding: 新北市新莊區化成路86號 (12227296090.md)
  -> Not found.

[585/602] Geocoding: 台北市中山區吉林路167號 (12227302747.md)
  -> Not found.

[586/602] Geocoding: 台北市松山區八德路三段74巷74號 (12227305798.md)
  -> Not found.

[587/602] Geocoding: 新北市萬里區大鵬里加投路249號 (12227309863.md)
  -> Not found.

[588/602] Geocoding: 新北市八里區中山路二段292號 (12227323030.md)
  -> Not found.

[589/602] Geocoding: 新北市板橋區民生路二段251號2樓 (12227348020.md)
  -> Not found.

[590/602] Geocoding: 新北市中和區更生街5號1樓 (12227356096.md)
  -> Not found.

[591/602] Geocoding: 台北市士林區克強路30號1樓 (12227399056.md)
  -> Not found.

[592/602] Geocoding: 新北市中和區中安街132號 (12227422954.md)
  -> Not found.

[593/602] Geocoding: 桃園市大溪區復興路346-3號 (12227432593.md)
  -> Not found.

[594/602] Geocoding: 台北市大安區安和路一段116號 (20260105-1jyip4.md)
  -> Not found.

[595/602] Geocoding: 台北市士林區克強路30號1樓 (20260105-5e511g.md)
  -> Not found.

[596/602] Geocoding: 桃園市大溪區復興路346-3號 (20260105-aulcwq.md)
  -> Not found.

[597/602] Geocoding: 新北市中和區中安街132號 (20260105-wan7t8.md)
  -> Not found.

[598/602] Geocoding: 新北市板橋區和平路161巷16號 (225049611.md)
  -> Not found.

[599/602] Geocoding: 新北市板橋區雙十路二段229號 (225077269.md)
  -> Not found.

[600/602] Geocoding: 新北市板橋區民生路二段234巷77號1樓​ (225105183.md)
  -> Not found.

[601/602] Geocoding: 基隆市中正區北寧路367號 (226941862.md)
  -> Not found.

[602/602] Geocoding: 新北市市民廣場、板橋車站站前廣場、萬坪公園、府中廣場 (227144089.md)
  -> Not found.

Job Complete. Updated 7 files.
