Loaded 602 addresses to process.
Starting Smart Geocoding (with fuzzy fallback)...

[3/602] Processing: 華山1914文化創意產業園區東3館烏梅酒廠 (12086445234.md)
  -> Truly Not Found (gave up).

[6/602] Processing: 台中市西屯區臺灣大道四段1727號 (12105933271.md)
    -> Recursing level 1: 台中市西屯區臺灣大道四段
  -> Found: 24.1794225, 120.623098 (used: 台中市西屯區臺灣大道四段)

[9/602] Processing: 桃園市大溪區大鶯路(沿路都有 (12117465766.md)
  -> Truly Not Found (gave up).

[11/602] Processing: 台北市中正區羅斯福路3段284巷11號 (12127932508.md)
    -> Recursing level 1: 台北市中正區羅斯福路3段284巷
  -> Found: 25.0161341, 121.5318468 (used: 台北市中正區羅斯福路3段284巷)

[12/602] Processing: 台北市中正區北平西路3號2樓 (12133723429.md)
    -> Recursing level 1: 台北市中正區北平西路
  -> Found: 25.0471667, 121.520245 (used: 台北市中正區北平西路)

[13/602] Processing: 新北市新店區安民街86號 (12135126367.md)
    -> Recursing level 1: 新北市新店區安民街
  -> Found: 24.9725311, 121.5173592 (used: 新北市新店區安民街)

[14/602] Processing: 台北市大同區民族西路296號 (12136694017.md)
    -> Recursing level 1: 台北市大同區民族西路
  -> Found: 25.0684859, 121.5197863 (used: 台北市大同區民族西路)

[15/602] Processing: 台北市松山區敦化北路222巷9號 (12138609760.md)
    -> Recursing level 1: 台北市松山區敦化北路222巷
  -> Found: 25.0596864, 121.5475949 (used: 台北市松山區敦化北路222巷)

[17/602] Processing: 台北市文山區指南路三段38巷33-5號 (12143431792.md)
    -> Recursing level 1: 台北市文山區指南路三段38巷
  -> Found: 24.9677748, 121.5916191 (used: 台北市文山區指南路三段38巷)

[18/602] Processing: 苗栗縣通霄鎮南和里166號 (12145543618.md)
    -> Recursing level 1: 苗栗縣通霄鎮南和里
  -> Found: 24.4410006, 120.7326567 (used: 苗栗縣通霄鎮南和里)

[19/602] Processing: 台北市信義區忠孝東路五段17-3號1F&amp;B1 (12152772457.md)
    -> Recursing level 1: 台北市信義區忠孝東路五段
  -> Found: 25.0410695, 121.5656148 (used: 台北市信義區忠孝東路五段)

[20/602] Processing: 新北市永和區保平路25號 (12159708082.md)
    -> Recursing level 1: 新北市永和區保平路
  -> Found: 25.0072371, 121.5118816 (used: 新北市永和區保平路)

[21/602] Processing: 新北市三重區忠孝路三段1號2樓營業時間：11:30-14:00、17:30-21:30官方網址：http://www.tkkinc.com.tw/ (12160517401.md)
    -> Recursing level 1: 新北市三重區忠孝路三段
  -> Found: 25.0638732, 121.4800129 (used: 新北市三重區忠孝路三段)

[22/602] Processing: 262宜蘭縣礁溪鄉仁愛路23號 (12164747068.md)
    -> Recursing level 1: 262宜蘭縣礁溪鄉仁愛路
  -> Truly Not Found (gave up).

[23/602] Processing: 宜蘭縣礁溪鄉信義路59號 (12165872218.md)
    -> Recursing level 1: 宜蘭縣礁溪鄉信義路
  -> Found: 24.8262104, 121.7705183 (used: 宜蘭縣礁溪鄉信義路)

[24/602] Processing: 新北市新店區北宜路一段178號 (12166988656.md)
    -> Recursing level 1: 新北市新店區北宜路一段
  -> Found: 24.9528421, 121.5418085 (used: 新北市新店區北宜路一段)

[25/602] Processing: 宜蘭縣礁溪鄉時潮村塭底路3-15號 (12172673044.md)
    -> Recursing level 1: 宜蘭縣礁溪鄉時潮村塭底路
  -> Found: 24.8180319, 121.8135037 (used: 宜蘭縣礁溪鄉時潮村塭底路)

[26/602] Processing: 宜蘭縣員山鄉員山路二段403號 (12174663532.md)
    -> Recursing level 1: 宜蘭縣員山鄉員山路二段
  -> Found: 24.7182136, 121.7020334 (used: 宜蘭縣員山鄉員山路二段)

[27/602] Processing: 台北市中正區濟南路二段71號 (12174749200.md)
    -> Recursing level 1: 台北市中正區濟南路二段
  -> Found: 25.040416, 121.5309804 (used: 台北市中正區濟南路二段)

[28/602] Processing: 宜蘭縣員山鄉八甲路15-6號 (12175534636.md)
    -> Recursing level 1: 宜蘭縣員山鄉八甲路
  -> Truly Not Found (gave up).

[29/602] Processing: 新北市新店區北新路三段65巷20號 (12177133849.md)
    -> Recursing level 1: 新北市新店區北新路三段65巷
  -> Found: 24.9810508, 121.5404856 (used: 新北市新店區北新路三段65巷)

[30/602] Processing: 台北市松江路259巷27號 (12178054786.md)
    -> Recursing level 1: 台北市松江路259巷
  -> Found: 25.0595751, 121.5340534 (used: 台北市松江路259巷)

[31/602] Processing: 新北市土城區裕民路97-1號 (12178702573.md)
    -> Recursing level 1: 新北市土城區裕民路
  -> Found: 24.9837841, 121.4538748 (used: 新北市土城區裕民路)

[32/602] Processing: 台北市忠孝東路5段68號4樓 (12178718344.md)
    -> Recursing level 1: 台北市忠孝東路5段
  -> Found: 25.0447108, 121.5823817 (used: 台北市忠孝東路5段)

[33/602] Processing: 新北市汐止區汐萬路三段88號 (12179377579.md)
    -> Recursing level 1: 新北市汐止區汐萬路三段
  -> Found: 25.1245631, 121.6066852 (used: 新北市汐止區汐萬路三段)

[34/602] Processing: 新北市板橋區中正路163號 (12179681200.md)
    -> Recursing level 1: 新北市板橋區中正路
  -> Found: 25.0195075, 121.4553129 (used: 新北市板橋區中正路)

[35/602] Processing: 台北市信義區忠孝東路五段68號B1F (12180249034.md)
    -> Recursing level 1: 台北市信義區忠孝東路五段
  -> Found: 25.0410695, 121.5656148 (used: 台北市信義區忠孝東路五段)

[36/602] Processing: 台北市信義區松壽路12號5F (12180463030.md)
    -> Recursing level 1: 台北市信義區松壽路
  -> Found: 25.0358513, 121.5665173 (used: 台北市信義區松壽路)

[37/602] Processing: 台北市萬華區雙園街88號 (12181676485.md)
    -> Recursing level 1: 台北市萬華區雙園街
  -> Found: 25.0297077, 121.4943666 (used: 台北市萬華區雙園街)

[38/602] Processing: 台北市萬華區萬大路333號( (12181838775.md)
    -> Recursing level 1: 台北市萬華區萬大路
  -> Found: 25.0228929, 121.4994687 (used: 台北市萬華區萬大路)

[40/602] Processing: 新竹市東大路二段105號 (12183285256.md)
    -> Recursing level 1: 新竹市東大路二段
  -> Found: 24.8225103, 120.9587827 (used: 新竹市東大路二段)

[41/602] Processing: 新竹縣北埔鄉水磜村六鄰32號之10 (12183302209.md)
    -> Recursing level 1: 新竹縣北埔鄉水磜村六鄰
  -> Truly Not Found (gave up).

[42/602] Processing: 台北市中正區北平西路3號1樓 (12184385107.md)
    -> Recursing level 1: 台北市中正區北平西路
  -> Found: 25.0471667, 121.520245 (used: 台北市中正區北平西路)

[43/602] Processing: 台北市大安區忠孝東路四段104號2樓-1 (12184639069.md)
    -> Recursing level 1: 台北市大安區忠孝東路四段
  -> Found: 25.0413623, 121.5533626 (used: 台北市大安區忠孝東路四段)

[44/602] Processing: 新北市八里區荖阡村荖阡坑路34之5號 (12184794781.md)
    -> Recursing level 1: 新北市八里區荖阡村荖阡坑路
  -> Truly Not Found (gave up).

[45/602] Processing: 新北市板橋區新海路95號 (12185601781.md)
    -> Recursing level 1: 新北市板橋區新海路
  -> Found: 25.0234917, 121.460719 (used: 新北市板橋區新海路)

[46/602] Processing: 新北市中和區中山路3段122號4樓 (12185800675.md)
    -> Recursing level 1: 新北市中和區中山路3段
  -> Found: 25.0058427, 121.4762413 (used: 新北市中和區中山路3段)

[47/602] Processing: 台北市信義區松壽路12號6樓 (12186987298.md)
    -> Recursing level 1: 台北市信義區松壽路
  -> Found: 25.0358513, 121.5665173 (used: 台北市信義區松壽路)

[48/602] Processing: 台北市文山區指南路三段38巷22之2號 (12188183914.md)
    -> Recursing level 1: 台北市文山區指南路三段38巷
  -> Found: 24.9677748, 121.5916191 (used: 台北市文山區指南路三段38巷)

[49/602] Processing: 宜蘭縣蘇澳鎮頂強路23號 (12189040429.md)
    -> Recursing level 1: 宜蘭縣蘇澳鎮頂強路
  -> Found: 24.6344206, 121.837261 (used: 宜蘭縣蘇澳鎮頂強路)

[50/602] Processing: 宜蘭縣蘇澳鎮江夏路52-2號 (12189265234.md)
    -> Recursing level 1: 宜蘭縣蘇澳鎮江夏路
  -> Found: 24.5843778, 121.8647558 (used: 宜蘭縣蘇澳鎮江夏路)

[51/602] Processing: 宜蘭縣礁溪鄉礁溪路五段108巷1號 (12189274486.md)
    -> Recursing level 1: 宜蘭縣礁溪鄉礁溪路五段108巷
  -> Truly Not Found (gave up).

[52/602] Processing: 宜蘭縣五結鄉親河路一段140號 (12189370822.md)
    -> Recursing level 1: 宜蘭縣五結鄉親河路一段
  -> Found: 24.6684135, 121.8225679 (used: 宜蘭縣五結鄉親河路一段)

[53/602] Processing: 宜蘭縣蘇澳鎮頂強路23號 (12189377245.md)
    -> Recursing level 1: 宜蘭縣蘇澳鎮頂強路
  -> Found: 24.6344206, 121.837261 (used: 宜蘭縣蘇澳鎮頂強路)

[54/602] Processing: 台北市哈密街93號 (12189467845.md)
    -> Recursing level 1: 台北市哈密街
  -> Found: 25.0730356, 121.5156741 (used: 台北市哈密街)

[55/602] Processing: 台北市大安區信義路四段２６５巷１２弄１１號 (12189562387.md)
  -> Truly Not Found (gave up).

[56/602] Processing: 宜蘭縣冬山鄉光華三路132巷12號 (12189650512.md)
    -> Recursing level 1: 宜蘭縣冬山鄉光華三路132巷
  -> Truly Not Found (gave up).

[57/602] Processing: 台北市中山北路三段３３１號 (12190367986.md)
  -> Truly Not Found (gave up).

[58/602] Processing: 新北市永和區竹林路66巷15號 (12190825186.md)
    -> Recursing level 1: 新北市永和區竹林路66巷
  -> Found: 25.0134496, 121.5182427 (used: 新北市永和區竹林路66巷)

[59/602] Processing: 新北市淡水區淡金路一段166號 (12190905775.md)
    -> Recursing level 1: 新北市淡水區淡金路一段
  -> Found: 25.1717984, 121.4595604 (used: 新北市淡水區淡金路一段)

[60/602] Processing: 台北市遼寧街39號 (12190940965.md)
    -> Recursing level 1: 台北市遼寧街
  -> Found: 25.0561689, 121.5421607 (used: 台北市遼寧街)

[61/602] Processing: 新竹縣竹北市吳濁流路77號 (12191339125.md)
    -> Recursing level 1: 新竹縣竹北市吳濁流路
  -> Found: 24.8299034, 121.0132243 (used: 新竹縣竹北市吳濁流路)

[62/602] Processing: 新竹縣橫山鄉力行村中山街1段17號 (12191368132.md)
    -> Recursing level 1: 新竹縣橫山鄉力行村中山街1段
  -> Found: 24.711865, 121.1711352 (used: 新竹縣橫山鄉力行村中山街1段)

[63/602] Processing: 新竹縣關西鎮中興路14號 (12191827687.md)
    -> Recursing level 1: 新竹縣關西鎮中興路
  -> Found: 24.79286, 121.1769454 (used: 新竹縣關西鎮中興路)

[64/602] Processing: 台北市松山區市民大道四段55號 (12192670144.md)
    -> Recursing level 1: 台北市松山區市民大道四段
  -> Found: 25.0445032, 121.5533967 (used: 台北市松山區市民大道四段)

[65/602] Processing: 台北市萬華區西寧南路83號 (12192709930.md)
    -> Recursing level 1: 台北市萬華區西寧南路
  -> Found: 25.0410803, 121.5060346 (used: 台北市萬華區西寧南路)

[66/602] Processing: 基隆市暖暖區碇內街90號 (12192814528.md)
    -> Recursing level 1: 基隆市暖暖區碇內街
  -> Found: 25.0907837, 121.753496 (used: 基隆市暖暖區碇內街)

[67/602] Processing: 台北市松山區南京東路五段32號2樓 (12194357269.md)
    -> Recursing level 1: 台北市松山區南京東路五段
  -> Found: 25.0513869, 121.562368 (used: 台北市松山區南京東路五段)

[68/602] Processing: 台北市中山區雙城街19巷5號 (12196361035.md)
    -> Recursing level 1: 台北市中山區雙城街19巷
  -> Found: 25.065401, 121.5249812 (used: 台北市中山區雙城街19巷)

[69/602] Processing: 台北市中正區市民大道三段2號B2 (12198747733.md)
    -> Recursing level 1: 台北市中正區市民大道三段
  -> Found: 25.0451256, 121.5336526 (used: 台北市中正區市民大道三段)

[70/602] Processing: 銅鑼灣仔駱克道421-425號 (12199042474.md)
    -> Recursing level 1: 銅鑼灣仔駱克道
  -> Truly Not Found (gave up).

[71/602] Processing: 台北市中山區南京東路三段8號2樓 (12201683488.md)
    -> Recursing level 1: 台北市中山區南京東路三段
  -> Found: 25.0519305, 121.5367805 (used: 台北市中山區南京東路三段)

[72/602] Processing: 新北市三峽區中正路二段87號 (12201987280.md)
    -> Recursing level 1: 新北市三峽區中正路二段
  -> Found: 24.9068624, 121.3628479 (used: 新北市三峽區中正路二段)

[73/602] Processing: 台北市大安區延吉街131巷41號 (12202165861.md)
    -> Recursing level 1: 台北市大安區延吉街131巷
  -> Found: 25.0429725, 121.5561496 (used: 台北市大安區延吉街131巷)

[74/602] Processing: 台北市士林區延平北路七段18-2號 (12202470244.md)
    -> Recursing level 1: 台北市士林區延平北路七段
  -> Found: 25.094259, 121.4974605 (used: 台北市士林區延平北路七段)

[75/602] Processing: 新北市淡水區屯山里石頭厝2-1號 (12202680460.md)
    -> Recursing level 1: 新北市淡水區屯山里石頭厝
  -> Found: 25.23665, 121.4643433 (used: 新北市淡水區屯山里石頭厝)

[76/602] Processing: 台北市大安區溫州街74巷6號1樓 (12203228653.md)
    -> Recursing level 1: 台北市大安區溫州街74巷
  -> Found: 25.0197173, 121.5323181 (used: 台北市大安區溫州街74巷)

[77/602] Processing: 台北市士林區東山路25巷81弄99號 (12203589934.md)
    -> Recursing level 1: 台北市士林區東山路25巷81弄
  -> Found: 25.1333228, 121.5380429 (used: 台北市士林區東山路25巷81弄)

[78/602] Processing: 台北市中山區八德路二段267巷5號 (12203627497.md)
    -> Recursing level 1: 台北市中山區八德路二段267巷
  -> Truly Not Found (gave up).

[79/602] Processing: 新北市中和區華新街65號 (12203672548.md)
    -> Recursing level 1: 新北市中和區華新街
  -> Found: 24.9842042, 121.5079675 (used: 新北市中和區華新街)

[80/602] Processing: 台北市中山區吉林路125-4號 (12204044770.md)
    -> Recursing level 1: 台北市中山區吉林路
  -> Found: 25.065439, 121.5303757 (used: 台北市中山區吉林路)

[81/602] Processing: 台北市大安區大安路1段84巷22號 (12204507580.md)
    -> Recursing level 1: 台北市大安區大安路1段84巷
  -> Found: 25.0410005, 121.5452708 (used: 台北市大安區大安路1段84巷)

[82/602] Processing: 新北市板橋區中山路一段2號2樓 (12204542842.md)
    -> Recursing level 1: 新北市板橋區中山路一段
  -> Found: 25.0140383, 121.4701937 (used: 新北市板橋區中山路一段)

[83/602] Processing: 新北市板橋區文化路二段181號 (12204544045.md)
    -> Recursing level 1: 新北市板橋區文化路二段
  -> Found: 25.0357357, 121.478762 (used: 新北市板橋區文化路二段)

[84/602] Processing: 台北市中正區臨沂街27巷4-1號 (12204962857.md)
    -> Recursing level 1: 台北市中正區臨沂街27巷
  -> Found: 25.0409958, 121.5308932 (used: 台北市中正區臨沂街27巷)

[85/602] Processing: 台北市松山區南京東路三段337號4樓 (12205038157.md)
    -> Recursing level 1: 台北市松山區南京東路三段
  -> Found: 25.0519105, 121.5450129 (used: 台北市松山區南京東路三段)

[86/602] Processing: 台北市中山區中山北路一段105巷18之1號 (12205040188.md)
    -> Recursing level 1: 台北市中山區中山北路一段105巷
  -> Found: 25.0506663, 121.5235773 (used: 台北市中山區中山北路一段105巷)

[87/602] Processing: 台北市信義區永吉路30巷28弄8號 (12205362427.md)
    -> Recursing level 1: 台北市信義區永吉路30巷28弄
  -> Found: 25.0447557, 121.5683401 (used: 台北市信義區永吉路30巷28弄)

[88/602] Processing: 國立臺灣科學教育館臺北市士林區士商路189號 (12205362622.md)
    -> Recursing level 1: 國立臺灣科學教育館臺北市士林區士商路
  -> Found: 25.0961266, 121.5167035 (used: 國立臺灣科學教育館臺北市士林區士商路)

[89/602] Processing: 新北市金山區海興路174號 (12205501021.md)
    -> Recursing level 1: 新北市金山區海興路
  -> Found: 25.2408201, 121.6331799 (used: 新北市金山區海興路)

[91/602] Processing: 台北市松山區民生東路5段191號 (12205652428.md)
    -> Recursing level 1: 台北市松山區民生東路5段
  -> Found: 25.0585527, 121.5583968 (used: 台北市松山區民生東路5段)

[92/602] Processing: 新北市三重區自強路一段200號 (12205911838.md)
    -> Recursing level 1: 新北市三重區自強路一段
  -> Found: 25.0664276, 121.4950628 (used: 新北市三重區自強路一段)

[93/602] Processing: 桃園市桃園區鎮三街52號 (12205923685.md)
    -> Recursing level 1: 桃園市桃園區鎮三街
  -> Found: 24.9995631, 121.3136536 (used: 桃園市桃園區鎮三街)

[94/602] Processing: 桃園市桃園區大興西路3段738號 (12206499607.md)
    -> Recursing level 1: 桃園市桃園區大興西路3段
  -> Found: 24.9962756, 121.2790282 (used: 桃園市桃園區大興西路3段)

[95/602] Processing: 台北市松山區復興南路一段39號GF樓 (12206779864.md)
    -> Recursing level 1: 台北市松山區復興南路一段
  -> Found: 25.0433313, 121.5438934 (used: 台北市松山區復興南路一段)

[96/602] Processing: 桃園市桃園區廈門街77號 (12207156352.md)
    -> Recursing level 1: 桃園市桃園區廈門街
  -> Found: 24.9945759, 121.2976138 (used: 桃園市桃園區廈門街)

[97/602] Processing: 新北市板橋區後埔街54號 (12207163234.md)
    -> Recursing level 1: 新北市板橋區後埔街
  -> Found: 25.0060262, 121.4605017 (used: 新北市板橋區後埔街)

[98/602] Processing: 新北市石門區德茂里下員坑15號 (12208155379.md)
    -> Recursing level 1: 新北市石門區德茂里下員坑
  -> Found: 25.2847122, 121.5257604 (used: 新北市石門區德茂里下員坑)

[99/602] Processing: 台北市大安區敦化南路一段160巷13號1樓 (12208205662.md)
    -> Recursing level 1: 台北市大安區敦化南路一段160巷
  -> Found: 25.0435505, 121.5474119 (used: 台北市大安區敦化南路一段160巷)

[100/602] Processing: 國立中正紀念堂民主大道 (12208388308.md)
  -> Truly Not Found (gave up).

[101/602] Processing: 新北市林口區文化三路一段356號2樓 (12208470850.md)
    -> Recursing level 1: 新北市林口區文化三路一段
  -> Found: 25.0756788, 121.3699122 (used: 新北市林口區文化三路一段)

[102/602] Processing: 台中市南屯區公益路二段106號 (12208699222.md)
    -> Recursing level 1: 台中市南屯區公益路二段
  -> Found: 24.1507908, 120.6321329 (used: 台中市南屯區公益路二段)

[104/602] Processing: 台中市西區五權路6號 (12208715311.md)
    -> Recursing level 1: 台中市西區五權路
  -> Truly Not Found (gave up).

[105/602] Processing: 桃園市龍潭區楊銅路二段688-1號 (12208873957.md)
    -> Recursing level 1: 桃園市龍潭區楊銅路二段
  -> Found: 24.8655134, 121.1866583 (used: 桃園市龍潭區楊銅路二段)

[106/602] Processing: 桃園市復興區三民村基國派101號 (12209010178.md)
    -> Recursing level 1: 桃園市復興區三民村基國派
  -> Truly Not Found (gave up).

[107/602] Processing: 新北市永和區得和路211號 (12209096401.md)
    -> Recursing level 1: 新北市永和區得和路
  -> Found: 25.0001608, 121.516068 (used: 新北市永和區得和路)

[108/602] Processing: 桃園市觀音區坑尾村7鄰48-6號 (12209114680.md)
    -> Recursing level 1: 桃園市觀音區坑尾村7鄰
  -> Truly Not Found (gave up).

[109/602] Processing: 新北市平溪區慶和橋26號 (12209279128.md)
    -> Recursing level 1: 新北市平溪區慶和橋
  -> Found: 25.033993, 121.7635426 (used: 新北市平溪區慶和橋)

[110/602] Processing: 台北市昆明街92-1號3樓 (12209332888.md)
    -> Recursing level 1: 台北市昆明街
  -> Found: 25.04374, 121.5050279 (used: 台北市昆明街)

[111/602] Processing: 新北市土城市國際路55號3樓 (12209653876.md)
    -> Recursing level 1: 新北市土城市國際路
  -> Found: 24.9794296, 121.465818 (used: 新北市土城市國際路)

[113/602] Processing: 宜蘭縣礁溪鄉礁溪路七段72號 (12210549349.md)
    -> Recursing level 1: 宜蘭縣礁溪鄉礁溪路七段
  -> Found: 24.8360202, 121.7843538 (used: 宜蘭縣礁溪鄉礁溪路七段)

[114/602] Processing: 台北市中山區松江路69巷8號 (12210573619.md)
    -> Recursing level 1: 台北市中山區松江路69巷
  -> Found: 25.0493493, 121.5339018 (used: 台北市中山區松江路69巷)

[115/602] Processing: 台北市信義區永吉路345號 (12210640042.md)
    -> Recursing level 1: 台北市信義區永吉路
  -> Found: 25.0456425, 121.568068 (used: 台北市信義區永吉路)

[116/602] Processing: 宜蘭縣五結鄉中興路二段66巷2-2號 (12210838447.md)
    -> Recursing level 1: 宜蘭縣五結鄉中興路二段66巷
  -> Found: 24.6913859, 121.7852464 (used: 宜蘭縣五結鄉中興路二段66巷)

[117/602] Processing: 宜蘭縣壯圍鄉古結路49號 (12211074433.md)
    -> Recursing level 1: 宜蘭縣壯圍鄉古結路
  -> Found: 24.7377141, 121.7996547 (used: 宜蘭縣壯圍鄉古結路)

[118/602] Processing: 宜蘭縣宜蘭市宜興路一段236號 (12211127140.md)
    -> Recursing level 1: 宜蘭縣宜蘭市宜興路一段
  -> Found: 24.7533884, 121.7570782 (used: 宜蘭縣宜蘭市宜興路一段)

[119/602] Processing: 宜蘭縣大同鄉三星路8段501巷139號 (12211686292.md)
    -> Recursing level 1: 宜蘭縣大同鄉三星路8段501巷
  -> Truly Not Found (gave up).

[120/602] Processing: 台北市南港區經貿二路168號1樓 (12211688131.md)
    -> Recursing level 1: 台北市南港區經貿二路
  -> Found: 25.0554604, 121.616746 (used: 台北市南港區經貿二路)

[121/602] Processing: 台北市大安區大安路一段51巷3號 (12211941988.md)
    -> Recursing level 1: 台北市大安區大安路一段51巷
  -> Found: 25.0430767, 121.5471387 (used: 台北市大安區大安路一段51巷)

[122/602] Processing: 台北市大安區延吉街160巷3號 (12212196619.md)
    -> Recursing level 1: 台北市大安區延吉街160巷
  -> Found: 25.0393847, 121.5545453 (used: 台北市大安區延吉街160巷)

[123/602] Processing: 宜蘭縣宜蘭市公園路435號 (12212410045.md)
    -> Recursing level 1: 宜蘭縣宜蘭市公園路
  -> Found: 24.7374252, 121.7546954 (used: 宜蘭縣宜蘭市公園路)

[124/602] Processing: 桃園市八德區霄裡里浮覓16鄰1號旁 (12212747860.md)
    -> Recursing level 1: 桃園市八德區霄裡里浮覓16鄰
  -> Truly Not Found (gave up).

[125/602] Processing: 桃園縣蘆竹鄉仁愛路三段580號 (12212881705.md)
    -> Recursing level 1: 桃園縣蘆竹鄉仁愛路三段
  -> Truly Not Found (gave up).

[126/602] Processing: 台南東區崇善路25巷55號 (12212917852.md)
    -> Recursing level 1: 台南東區崇善路25巷
  -> Found: 22.9833679, 120.2218084 (used: 台南東區崇善路25巷)

[127/602] Processing: 台南市安平區安平路612號 (12213123751.md)
    -> Recursing level 1: 台南市安平區安平路
  -> Found: 22.9987102, 120.1538811 (used: 台南市安平區安平路)

[128/602] Processing: 台南市東區民族路一段20號 (12213327118.md)
    -> Recursing level 1: 台南市東區民族路一段
  -> Found: 22.9943483, 120.2144045 (used: 台南市東區民族路一段)

[129/602] Processing: 台北市中山區大直街13號 (12213503005.md)
    -> Recursing level 1: 台北市中山區大直街
  -> Found: 25.0833799, 121.5463363 (used: 台北市中山區大直街)

[130/602] Processing: 台北市內湖區環山路二段68巷底 (12213527974.md)
  -> Truly Not Found (gave up).

[131/602] Processing: 宜蘭縣頭城鎮青雲路三段177號 (12213650668.md)
    -> Recursing level 1: 宜蘭縣頭城鎮青雲路三段
  -> Found: 24.8690882, 121.8317481 (used: 宜蘭縣頭城鎮青雲路三段)

[132/602] Processing: 台北市大同區重慶北路三段217號 (12213673300.md)
    -> Recursing level 1: 台北市大同區重慶北路三段
  -> Found: 25.0681291, 121.5138349 (used: 台北市大同區重慶北路三段)

[133/602] Processing: 台南市玉井區層林里10號 (12213714016.md)
    -> Recursing level 1: 台南市玉井區層林里
  -> Found: 23.0833869, 120.4324094 (used: 台南市玉井區層林里)

[134/602] Processing: 台北市中山區植福路8號 (12213742684.md)
    -> Recursing level 1: 台北市中山區植福路
  -> Found: 25.0839476, 121.5556771 (used: 台北市中山區植福路)

[136/602] Processing: 台北市大安區樂利路31-1號 (12213869236.md)
    -> Recursing level 1: 台北市大安區樂利路
  -> Found: 25.0264497, 121.5517609 (used: 台北市大安區樂利路)

[137/602] Processing: 台南市下營區營前村文明街45巷26號 (12213869413.md)
    -> Recursing level 1: 台南市下營區營前村文明街45巷
  -> Truly Not Found (gave up).

[138/602] Processing: 台北市中山區中山北路一段71號 (12214429172.md)
    -> Recursing level 1: 台北市中山區中山北路一段
  -> Found: 25.0509634, 121.522264 (used: 台北市中山區中山北路一段)

[139/602] Processing: 新北市新店區北新路二段128號2樓 (12214512650.md)
    -> Recursing level 1: 新北市新店區北新路二段
  -> Found: 24.959389, 121.5109579 (used: 新北市新店區北新路二段)

[140/602] Processing: 台北市士林區大北路10號 (12214598792.md)
    -> Recursing level 1: 台北市士林區大北路
  -> Found: 25.0900825, 121.5253223 (used: 台北市士林區大北路)

[141/602] Processing: 台北市士林區至善路二段221號 (12214678244.md)
    -> Recursing level 1: 台北市士林區至善路二段
  -> Found: 25.1048549, 121.5570127 (used: 台北市士林區至善路二段)

[142/602] Processing: 台北市市民大道四段85號 (12214746968.md)
    -> Recursing level 1: 台北市市民大道四段
  -> Found: 25.0442349, 121.5534328 (used: 台北市市民大道四段)

[143/602] Processing: 台北市松山區民生東路四段56巷1弄1號 (12214765550.md)
    -> Recursing level 1: 台北市松山區民生東路四段56巷1弄
  -> Found: 25.0575372, 121.5522856 (used: 台北市松山區民生東路四段56巷1弄)

[144/602] Processing: 新北市中和區中安街122號 (12214805411.md)
    -> Recursing level 1: 新北市中和區中安街
  -> Found: 25.0009646, 121.5114698 (used: 新北市中和區中安街)

[145/602] Processing: 新店北宜公路約14.5k (12214865279.md)
  -> Truly Not Found (gave up).

[146/602] Processing: 台北市中正區羅斯福路三段286巷16號 (12215200985.md)
    -> Recursing level 1: 台北市中正區羅斯福路三段286巷
  -> Found: 25.0163038, 121.5322475 (used: 台北市中正區羅斯福路三段286巷)

[147/602] Processing: 台北市北投區中央北路一段206號 (12215218634.md)
    -> Recursing level 1: 台北市北投區中央北路一段
  -> Found: 25.1341378, 121.500508 (used: 台北市北投區中央北路一段)

[148/602] Processing: 台北市中正區濟南路二段60之3號 (12215333222.md)
    -> Recursing level 1: 台北市中正區濟南路二段
  -> Found: 25.040416, 121.5309804 (used: 台北市中正區濟南路二段)

[149/602] Processing: 花蓮縣壽豐鄉壽豐村壽山路5號 (12215336210.md)
    -> Recursing level 1: 花蓮縣壽豐鄉壽豐村壽山路
  -> Found: 23.8410509, 121.5078648 (used: 花蓮縣壽豐鄉壽豐村壽山路)

[150/602] Processing: 新北市板橋區板新路136號 (12215606285.md)
    -> Recursing level 1: 新北市板橋區板新路
  -> Found: 25.0136955, 121.4735759 (used: 新北市板橋區板新路)

[151/602] Processing: 台北市中正區青島東路6-2號 (12215836445.md)
    -> Recursing level 1: 台北市中正區青島東路
  -> Found: 25.0438351, 121.5221408 (used: 台北市中正區青島東路)

[152/602] Processing: 台北市萬華區寶興街163號 (12216005504.md)
    -> Recursing level 1: 台北市萬華區寶興街
  -> Found: 25.0281015, 121.4925826 (used: 台北市萬華區寶興街)

[153/602] Processing: 台東縣卑南鄉明峰村試驗場8號 (12216040106.md)
    -> Recursing level 1: 台東縣卑南鄉明峰村試驗場
  -> Truly Not Found (gave up).

[154/602] Processing: 宜蘭縣五結鄉五濱路二段459號 (12216041258.md)
    -> Recursing level 1: 宜蘭縣五結鄉五濱路二段
  -> Truly Not Found (gave up).

[155/602] Processing: 台東市東峯街29巷58號 (12216153389.md)
    -> Recursing level 1: 台東市東峯街29巷
  -> Found: 22.743669, 121.132718 (used: 台東市東峯街29巷)

[156/602] Processing: 宜蘭縣蘇澳鎮造船路108號 (12216172910.md)
    -> Recursing level 1: 宜蘭縣蘇澳鎮造船路
  -> Found: 24.581796, 121.8721269 (used: 宜蘭縣蘇澳鎮造船路)

[157/602] Processing: 桃園市中壢區元化路125巷32號 (12216233690.md)
    -> Recursing level 1: 桃園市中壢區元化路125巷
  -> Found: 24.9591185, 121.2285687 (used: 桃園市中壢區元化路125巷)

[158/602] Processing: 宜蘭市舊城北路163-2號 (12216289445.md)
    -> Recursing level 1: 宜蘭市舊城北路
  -> Found: 24.7595688, 121.7551545 (used: 宜蘭市舊城北路)

[159/602] Processing: 台北市大安區金華街164巷1弄6號1樓 (12216584675.md)
    -> Recursing level 1: 台北市大安區金華街164巷1弄
    -> Recursing level 2: 台北市大安區金華街164巷
  -> Found: 25.0293174, 121.5306163 (used: 台北市大安區金華街164巷)

[160/602] Processing: 宜蘭縣冬山鄉廣興路205號 (12216627215.md)
    -> Recursing level 1: 宜蘭縣冬山鄉廣興路
  -> Found: 24.6695233, 121.7471133 (used: 宜蘭縣冬山鄉廣興路)

[161/602] Processing: 台北市中正區新生南路一段52-3號2樓 (12216629534.md)
    -> Recursing level 1: 台北市中正區新生南路一段
  -> Found: 25.0397307, 121.5327255 (used: 台北市中正區新生南路一段)

[162/602] Processing: 苗栗縣南庄鄉蓬萊村九鄰42份7-6號 (12216658091.md)
    -> Recursing level 1: 苗栗縣南庄鄉蓬萊村九鄰42份
  -> Truly Not Found (gave up).

[163/602] Processing: 台北市大同區赤峰街17巷18-1號(中山捷運站4號出口 (12216882764.md)
    -> Recursing level 1: 台北市大同區赤峰街17巷
  -> Found: 25.0537278, 121.5197713 (used: 台北市大同區赤峰街17巷)

[164/602] Processing: 宜蘭縣頭城鎮纘祥路38號 (12216910463.md)
    -> Recursing level 1: 宜蘭縣頭城鎮纘祥路
  -> Found: 24.8585644, 121.8229334 (used: 宜蘭縣頭城鎮纘祥路)

[165/602] Processing: 台北市大安區忠孝東路四段101巷14號 (12216914843.md)
    -> Recursing level 1: 台北市大安區忠孝東路四段101巷
  -> Found: 25.0432267, 121.5481009 (used: 台北市大安區忠孝東路四段101巷)

[166/602] Processing: 宜蘭縣員山鄉員山路二段175巷25號 (12216935858.md)
    -> Recursing level 1: 宜蘭縣員山鄉員山路二段175巷
  -> Found: 24.7155117, 121.6993113 (used: 宜蘭縣員山鄉員山路二段175巷)

[167/602] Processing: 苗栗縣三義鄉水美路48號 (12216951575.md)
    -> Recursing level 1: 苗栗縣三義鄉水美路
  -> Found: 24.3989443, 120.7616707 (used: 苗栗縣三義鄉水美路)

[168/602] Processing: 宜蘭縣冬山鄉中山村舊寮路73巷33號 (12216993296.md)
    -> Recursing level 1: 宜蘭縣冬山鄉中山村舊寮路73巷
  -> Truly Not Found (gave up).

[169/602] Processing: 苗栗縣獅潭鄉新店村7鄰62號 (12217011860.md)
    -> Recursing level 1: 苗栗縣獅潭鄉新店村7鄰
  -> Truly Not Found (gave up).

[170/602] Processing: 台中市北屯區松竹路二段396號 (12217026275.md)
    -> Recursing level 1: 台中市北屯區松竹路二段
  -> Found: 24.1823273, 120.700603 (used: 台中市北屯區松竹路二段)

[171/602] Processing: 苗栗縣三義鄉勝興村12鄰41號 (12217093155.md)
    -> Recursing level 1: 苗栗縣三義鄉勝興村12鄰
  -> Truly Not Found (gave up).

[172/602] Processing: 台北市大安區忠孝東路四段216巷19弄7號 (12217300842.md)
    -> Recursing level 1: 台北市大安區忠孝東路四段216巷19弄
  -> Found: 25.0403242, 121.553523 (used: 台北市大安區忠孝東路四段216巷19弄)

[173/602] Processing: 台北市中山區建國北路一段68號 (12217360209.md)
    -> Recursing level 1: 台北市中山區建國北路一段
  -> Found: 25.0501688, 121.5370085 (used: 台北市中山區建國北路一段)

[174/602] Processing: 台北市和平東路二段107巷23弄10號 (12217510860.md)
    -> Recursing level 1: 台北市和平東路二段107巷23弄
  -> Found: 25.0262194, 121.5410904 (used: 台北市和平東路二段107巷23弄)

[175/602] Processing: 新北市板橋區忠孝路126號 (12217544691.md)
    -> Recursing level 1: 新北市板橋區忠孝路
  -> Found: 25.00242, 121.46362 (used: 新北市板橋區忠孝路)

[176/602] Processing: 新北市林口區文化三路一段356號2樓 (12217598829.md)
    -> Recursing level 1: 新北市林口區文化三路一段
  -> Found: 25.0756788, 121.3699122 (used: 新北市林口區文化三路一段)

[177/602] Processing: 新北市林口區嘉寶里的西濱公路旁 (12217694646.md)
  -> Truly Not Found (gave up).

[178/602] Processing: 宜蘭縣五結鄉五濱路二段201號 (12217744974.md)
    -> Recursing level 1: 宜蘭縣五結鄉五濱路二段
  -> Truly Not Found (gave up).

[179/602] Processing: 宜蘭縣宜蘭市宜興路一段236號 (12217778310.md)
    -> Recursing level 1: 宜蘭縣宜蘭市宜興路一段
  -> Found: 24.7533884, 121.7570782 (used: 宜蘭縣宜蘭市宜興路一段)

[180/602] Processing: 台北市大安區臨江街87號 (12217857066.md)
    -> Recursing level 1: 台北市大安區臨江街
  -> Found: 25.0299268, 121.5552873 (used: 台北市大安區臨江街)

[181/602] Processing: 宜蘭縣羅東鎮中山路三段208號 (12217858536.md)
    -> Recursing level 1: 宜蘭縣羅東鎮中山路三段
  -> Found: 24.6747848, 121.7735923 (used: 宜蘭縣羅東鎮中山路三段)

[182/602] Processing: 台北市信義區光復南路421巷9-1號 (12217912731.md)
    -> Recursing level 1: 台北市信義區光復南路421巷
  -> Found: 25.0361253, 121.5594012 (used: 台北市信義區光復南路421巷)

[183/602] Processing: 台北市松山區民生東路215號 (12217965123.md)
    -> Recursing level 1: 台北市松山區民生東路
  -> Found: 25.0596995, 121.5637521 (used: 台北市松山區民生東路)

[184/602] Processing: 宜蘭縣員山鄉枕山一村15號 (12218016438.md)
    -> Recursing level 1: 宜蘭縣員山鄉枕山一村
  -> Truly Not Found (gave up).

[185/602] Processing: 台北市信義區和平東路三段377號 (12218068200.md)
    -> Recursing level 1: 台北市信義區和平東路三段
  -> Found: 25.0108711, 121.5640105 (used: 台北市信義區和平東路三段)

[186/602] Processing: 台北市大安區敦化南路一段177巷35號1樓 (12218141679.md)
    -> Recursing level 1: 台北市大安區敦化南路一段177巷
  -> Found: 25.0430246, 121.5507951 (used: 台北市大安區敦化南路一段177巷)

[188/602] Processing: 新北市瑞芳區祈堂路53號 (12218357571.md)
    -> Recursing level 1: 新北市瑞芳區祈堂路
  -> Found: 25.1142802, 121.8587908 (used: 新北市瑞芳區祈堂路)

[190/602] Processing: 新北市新莊區昌平街82巷13弄14號1樓 (12218517063.md)
    -> Recursing level 1: 新北市新莊區昌平街82巷13弄
  -> Found: 25.0529765, 121.4555549 (used: 新北市新莊區昌平街82巷13弄)

[192/602] Processing: 台北市大安區大安路19巷13號1樓 (12218679432.md)
    -> Recursing level 1: 台北市大安區大安路19巷
  -> Found: 25.0506388, 121.5206241 (used: 台北市大安區大安路19巷)

[193/602] Processing: 新北市新莊區中平路49號 (12218719965.md)
    -> Recursing level 1: 新北市新莊區中平路
  -> Found: 25.0428674, 121.4447695 (used: 新北市新莊區中平路)

[194/602] Processing: 台北市中山區林森北路428號2樓 (12218881626.md)
    -> Recursing level 1: 台北市中山區林森北路
  -> Found: 25.0653461, 121.5256777 (used: 台北市中山區林森北路)

[195/602] Processing: 台北市大安區光復南路240巷50號 (12219043518.md)
    -> Recursing level 1: 台北市大安區光復南路240巷
  -> Found: 25.0407507, 121.5556224 (used: 台北市大安區光復南路240巷)

[196/602] Processing: 台北市大安區忠孝東路三段217巷3弄22號1樓 (12219070230.md)
    -> Recursing level 1: 台北市大安區忠孝東路三段217巷3弄
  -> Found: 25.0428412, 121.5391097 (used: 台北市大安區忠孝東路三段217巷3弄)

[197/602] Processing: 台北市中山北路二段42巷38號 (12219253179.md)
    -> Recursing level 1: 台北市中山北路二段42巷
  -> Found: 25.0546429, 121.5216136 (used: 台北市中山北路二段42巷)

[198/602] Processing: 台北市內湖區民權東路六段286號1樓 (12219263757.md)
    -> Recursing level 1: 台北市內湖區民權東路六段
  -> Found: 25.0715419, 121.6045284 (used: 台北市內湖區民權東路六段)

[199/602] Processing: 桃園縣中壢市中山東路一段42號 (12219346491.md)
    -> Recursing level 1: 桃園縣中壢市中山東路一段
  -> Found: 24.9561591, 121.2306938 (used: 桃園縣中壢市中山東路一段)

[200/602] Processing: 台北市中山區南京東路一段31巷6號1樓 (12219480108.md)
    -> Recursing level 1: 台北市中山區南京東路一段31巷
  -> Found: 25.0527326, 121.5245029 (used: 台北市中山區南京東路一段31巷)

[201/602] Processing: 宜蘭縣礁溪鄉五峰路2號 (12219763278.md)
    -> Recursing level 1: 宜蘭縣礁溪鄉五峰路
  -> Truly Not Found (gave up).

[203/602] Processing: 台北市信義區松壽路12號4樓 (12220054077.md)
    -> Recursing level 1: 台北市信義區松壽路
  -> Found: 25.0358513, 121.5665173 (used: 台北市信義區松壽路)

[204/602] Processing: 台北市內湖區碧山路62號 (12220181664.md)
    -> Recursing level 1: 台北市內湖區碧山路
  -> Found: 25.1027339, 121.588731 (used: 台北市內湖區碧山路)

[205/602] Processing: 介於三義交流道、后里交流道中間 (12220183353.md)
  -> Truly Not Found (gave up).

[206/602] Processing: 桃園市中壢區崁頂路1039-1號 (12220612710.md)
    -> Recursing level 1: 桃園市中壢區崁頂路
  -> Found: 24.9440599, 121.2650892 (used: 桃園市中壢區崁頂路)

[207/602] Processing: 新北市樹林區樹新路28巷14號 (12220941999.md)
    -> Recursing level 1: 新北市樹林區樹新路28巷
  -> Found: 24.9940106, 121.4277727 (used: 新北市樹林區樹新路28巷)

[208/602] Processing: 新北市新店區北宜路一段178號 (12221169843.md)
    -> Recursing level 1: 新北市新店區北宜路一段
  -> Found: 24.9529182, 121.5418811 (used: 新北市新店區北宜路一段)

[210/602] Processing: 臺灣花蓮縣秀林鄉台8線東側入口處189k (12221449272.md)
  -> Truly Not Found (gave up).

[211/602] Processing: 花蓮縣壽豐鄉四維路68號 (12221475780.md)
    -> Recursing level 1: 花蓮縣壽豐鄉四維路
  -> Truly Not Found (gave up).

[212/602] Processing: 花蓮縣光復鄉農場路31號 (12221475849.md)
    -> Recursing level 1: 花蓮縣光復鄉農場路
  -> Found: 23.5960081, 121.4095442 (used: 花蓮縣光復鄉農場路)

[213/602] Processing: 台北市士林區德行西路48號 (12221510544.md)
    -> Recursing level 1: 台北市士林區德行西路
  -> Found: 25.1039845, 121.5208335 (used: 台北市士林區德行西路)

[214/602] Processing: 南京西路23巷5號之1 (12221549043.md)
    -> Recursing level 1: 南京西路23巷
  -> Found: 25.0536945, 121.5205921 (used: 南京西路23巷)

[215/602] Processing: 台北市大安區金華街126號 (12221549949.md)
    -> Recursing level 1: 台北市大安區金華街
  -> Found: 25.0308889, 121.5222871 (used: 台北市大安區金華街)

[216/602] Processing: 台北市大安區仁愛路四段91巷23-1號 (12221591628.md)
    -> Recursing level 1: 台北市大安區仁愛路四段91巷
  -> Found: 25.038589, 121.5470504 (used: 台北市大安區仁愛路四段91巷)

[217/602] Processing: 台北市大安區光復南路290巷48號 (12221592009.md)
    -> Recursing level 1: 台北市大安區光復南路290巷
  -> Found: 25.0393734, 121.5557594 (used: 台北市大安區光復南路290巷)

[218/602] Processing: 新北市新店區寶安街36號 (12221619996.md)
    -> Recursing level 1: 新北市新店區寶安街
  -> Found: 24.9851557, 121.5415579 (used: 新北市新店區寶安街)

[220/602] Processing: 新北市林口區瑞平里66號 (12221657781.md)
    -> Recursing level 1: 新北市林口區瑞平里
  -> Found: 25.1145812, 121.3620618 (used: 新北市林口區瑞平里)

[221/602] Processing: 新北市淡水區中山北路一段152號 (12221669775.md)
    -> Recursing level 1: 新北市淡水區中山北路一段
  -> Found: 25.1819505, 121.4446239 (used: 新北市淡水區中山北路一段)

[222/602] Processing: ＧＯＯＧＬＥ導航設定在鼻頭角公園，然後從新興宮旁走上去 (12221693832.md)
  -> Truly Not Found (gave up).

[223/602] Processing: 台北市中正區羅斯福路四段138號2樓 (12221780157.md)
    -> Recursing level 1: 台北市中正區羅斯福路四段
  -> Found: 25.0143227, 121.5346815 (used: 台北市中正區羅斯福路四段)

[225/602] Processing: 新北市淡水區中山路186號 (12221862207.md)
    -> Recursing level 1: 新北市淡水區中山路
  -> Found: 25.1704724, 121.4426082 (used: 新北市淡水區中山路)

[226/602] Processing: 台北市中山區濱江街5號 (12221908377.md)
    -> Recursing level 1: 台北市中山區濱江街
  -> Found: 25.073585, 121.5336859 (used: 台北市中山區濱江街)

[227/602] Processing: 台北市北投區竹子湖路112號 (12221911575.md)
    -> Recursing level 1: 台北市北投區竹子湖路
  -> Found: 25.1755846, 121.5330559 (used: 台北市北投區竹子湖路)

[228/602] Processing: 台北市大安區忠孝東路四段172號4樓 (12221916594.md)
    -> Recursing level 1: 台北市大安區忠孝東路四段
  -> Found: 25.0413623, 121.5533626 (used: 台北市大安區忠孝東路四段)

[229/602] Processing: 新北市板橋區文化路一段360號B1 (12221982471.md)
    -> Recursing level 1: 新北市板橋區文化路一段
  -> Found: 25.0152849, 121.4621748 (used: 新北市板橋區文化路一段)

[230/602] Processing: 新北市林口區下福里2鄰15號 (12222019104.md)
    -> Recursing level 1: 新北市林口區下福里2鄰
  -> Truly Not Found (gave up).

[231/602] Processing: 台北市中山區臨沂街31-1號 (12222067650.md)
    -> Recursing level 1: 台北市中山區臨沂街
  -> Found: 25.0394064, 121.5296899 (used: 台北市中山區臨沂街)

[232/602] Processing: 台北市士林區文林路173號2F (12222081936.md)
    -> Recursing level 1: 台北市士林區文林路
  -> Found: 25.0961914, 121.5243165 (used: 台北市士林區文林路)

[233/602] Processing: 台北市中山區天津街16號 (12222096135.md)
    -> Recursing level 1: 台北市中山區天津街
  -> Found: 25.0503673, 121.5230868 (used: 台北市中山區天津街)

[234/602] Processing: 宜蘭縣蘇澳鎮海山西路309號 (12222101406.md)
    -> Recursing level 1: 宜蘭縣蘇澳鎮海山西路
  -> Found: 24.6118608, 121.8338339 (used: 宜蘭縣蘇澳鎮海山西路)

[235/602] Processing: 宜蘭縣員山鄉內城路650號 (12222106764.md)
    -> Recursing level 1: 宜蘭縣員山鄉內城路
  -> Found: 24.7087407, 121.6778392 (used: 宜蘭縣員山鄉內城路)

[236/602] Processing: 台北市南港區忠孝東路七段369號 (12222111273.md)
    -> Recursing level 1: 台北市南港區忠孝東路七段
  -> Found: 25.0514768, 121.6018418 (used: 台北市南港區忠孝東路七段)

[237/602] Processing: 台北市文林路404巷9號2樓 (12222122079.md)
    -> Recursing level 1: 台北市文林路404巷
  -> Found: 25.0939616, 121.5251933 (used: 台北市文林路404巷)

[238/602] Processing: 宜蘭縣冬山鄉三奉路77號 (12222140157.md)
    -> Recursing level 1: 宜蘭縣冬山鄉三奉路
  -> Truly Not Found (gave up).

[239/602] Processing: 桃園縣觀音鄉大堀村下大堀184號 (12222162657.md)
    -> Recursing level 1: 桃園縣觀音鄉大堀村下大堀
  -> Truly Not Found (gave up).

[240/602] Processing: 台北市大安區永康街14巷3號 (12222165066.md)
    -> Recursing level 1: 台北市大安區永康街14巷
  -> Found: 25.0313392, 121.5291462 (used: 台北市大安區永康街14巷)

[241/602] Processing: 桃園市楊梅區四維路29號 (12222170085.md)
    -> Recursing level 1: 桃園市楊梅區四維路
  -> Truly Not Found (gave up).

[242/602] Processing: 桃園市大園區沙崙村1鄰10號 (12222183501.md)
    -> Recursing level 1: 桃園市大園區沙崙村1鄰
  -> Truly Not Found (gave up).

[243/602] Processing: 新北市新店區北新路三段90號 (12222188106.md)
    -> Recursing level 1: 新北市新店區北新路三段
  -> Found: 24.9824096, 121.5416009 (used: 新北市新店區北新路三段)

[244/602] Processing: 台北市中正區信陽街5號之1 (12222204975.md)
    -> Recursing level 1: 台北市中正區信陽街
  -> Found: 25.0446434, 121.5160375 (used: 台北市中正區信陽街)

[245/602] Processing: 台北市中正區信陽街29號 (12222209520.md)
    -> Recursing level 1: 台北市中正區信陽街
  -> Found: 25.0446434, 121.5160375 (used: 台北市中正區信陽街)

[246/602] Processing: 臺北市萬華區寶興街129號 (12222217209.md)
    -> Recursing level 1: 臺北市萬華區寶興街
  -> Found: 25.0273442, 121.4933313 (used: 臺北市萬華區寶興街)

[247/602] Processing: 台北市大同區延平北路二段91號 (12222220761.md)
    -> Recursing level 1: 台北市大同區延平北路二段
  -> Found: 25.0579694, 121.5115191 (used: 台北市大同區延平北路二段)

[248/602] Processing: 新北市淡水區淡金路五段172號 (12222221922.md)
    -> Recursing level 1: 新北市淡水區淡金路五段
  -> Found: 25.2339054, 121.4547794 (used: 新北市淡水區淡金路五段)

[249/602] Processing: 新北市板橋區國光路174號 (12222237756.md)
    -> Recursing level 1: 新北市板橋區國光路
  -> Found: 25.0179627, 121.4588251 (used: 新北市板橋區國光路)

[250/602] Processing: 台北市大安區市民大道四段210號 (12222251328.md)
    -> Recursing level 1: 台北市大安區市民大道四段
  -> Found: 25.0442349, 121.5534328 (used: 台北市大安區市民大道四段)

[251/602] Processing: 新北市永和區文化路9巷4號 (12222271890.md)
    -> Recursing level 1: 新北市永和區文化路9巷
  -> Found: 25.0145517, 121.5152579 (used: 新北市永和區文化路9巷)

[252/602] Processing: 台北市士林區士東路89巷2號 (12222281190.md)
    -> Recursing level 1: 台北市士林區士東路89巷
  -> Found: 25.1126727, 121.52862 (used: 台北市士林區士東路89巷)

[253/602] Processing: 台北市士林區德行西路70號 (12222286011.md)
    -> Recursing level 1: 台北市士林區德行西路
  -> Found: 25.1060204, 121.5239296 (used: 台北市士林區德行西路)

[254/602] Processing: 新北市鶯歌區中正一路401號 (12222287223.md)
    -> Recursing level 1: 新北市鶯歌區中正一路
  -> Found: 24.9570062, 121.3561467 (used: 新北市鶯歌區中正一路)

[255/602] Processing: 新北市鶯歌區中正一路157號 (12222288126.md)
    -> Recursing level 1: 新北市鶯歌區中正一路
  -> Found: 24.9564124, 121.3642764 (used: 新北市鶯歌區中正一路)

[256/602] Processing: 台北市松山區富錦街464號 (12222301743.md)
    -> Recursing level 1: 台北市松山區富錦街
  -> Found: 25.0606869, 121.5601469 (used: 台北市松山區富錦街)

[257/602] Processing: 台北市大安區臥龍街153號 (12222318477.md)
    -> Recursing level 1: 台北市大安區臥龍街
  -> Found: 25.0095929, 121.5654215 (used: 台北市大安區臥龍街)

[258/602] Processing: 台北市中山區中山北路二段24-3號 (12222322050.md)
    -> Recursing level 1: 台北市中山區中山北路二段
  -> Found: 25.0615193, 121.5227853 (used: 台北市中山區中山北路二段)

[260/602] Processing: 台北市長安東路一段45之2號2樓 (12222346128.md)
    -> Recursing level 1: 台北市長安東路一段
  -> Found: 25.0485868, 121.5270377 (used: 台北市長安東路一段)

[261/602] Processing: 台北市大安區信義路三段166巷4號 (12222373182.md)
    -> Recursing level 1: 台北市大安區信義路三段166巷
  -> Found: 25.0330467, 121.5418966 (used: 台北市大安區信義路三段166巷)

[262/602] Processing: 台北市中山區中山北路一段140巷11號 (12222381651.md)
    -> Recursing level 1: 台北市中山區中山北路一段140巷
  -> Found: 25.051447, 121.5209147 (used: 台北市中山區中山北路一段140巷)

[263/602] Processing: 台北市中山區中山北路一段140巷26弄1號 (12222382542.md)
    -> Recursing level 1: 台北市中山區中山北路一段140巷26弄
  -> Found: 25.0513479, 121.5210333 (used: 台北市中山區中山北路一段140巷26弄)

[264/602] Processing: 台北市信義區逸仙路42巷19號 (12222391554.md)
    -> Recursing level 1: 台北市信義區逸仙路42巷
  -> Found: 25.040211, 121.5623345 (used: 台北市信義區逸仙路42巷)

[265/602] Processing: 台北市士林區忠誠路二段56號 (12222401151.md)
    -> Recursing level 1: 台北市士林區忠誠路二段
  -> Found: 25.1151277, 121.5329879 (used: 台北市士林區忠誠路二段)

[266/602] Processing: 新北市淡水區中正路220號 (12222426732.md)
    -> Recursing level 1: 新北市淡水區中正路
  -> Found: 25.1748187, 121.4320943 (used: 新北市淡水區中正路)

[267/602] Processing: 新北市蘆洲區集賢路348號 (12222450813.md)
    -> Recursing level 1: 新北市蘆洲區集賢路
  -> Found: 25.0859898, 121.4821108 (used: 新北市蘆洲區集賢路)

[268/602] Processing: 台北市萬華區西園路一段242號 (12222466077.md)
    -> Recursing level 1: 台北市萬華區西園路一段
  -> Found: 25.0342251, 121.4987123 (used: 台北市萬華區西園路一段)

[269/602] Processing: 台北市中山區八德路二段322號 (12222472086.md)
    -> Recursing level 1: 台北市中山區八德路二段
  -> Truly Not Found (gave up).

[270/602] Processing: 台北市大安區安東街35巷4之1號 (12222472512.md)
    -> Recursing level 1: 台北市大安區安東街35巷
  -> Found: 25.0441369, 121.543213 (used: 台北市大安區安東街35巷)

[271/602] Processing: 宜蘭縣冬山鄉冬山路二段63號 (12222489126.md)
    -> Recursing level 1: 宜蘭縣冬山鄉冬山路二段
  -> Found: 24.6466725, 121.785058 (used: 宜蘭縣冬山鄉冬山路二段)

[272/602] Processing: 宜蘭縣頭城鎮協天路400號 (12222492327.md)
    -> Recursing level 1: 宜蘭縣頭城鎮協天路
  -> Found: 24.8518563, 121.8280151 (used: 宜蘭縣頭城鎮協天路)

[273/602] Processing: 宜蘭縣五結鄉親河路二段157號 (12222497469.md)
    -> Recursing level 1: 宜蘭縣五結鄉親河路二段
  -> Found: 24.6734527, 121.807308 (used: 宜蘭縣五結鄉親河路二段)

[274/602] Processing: 宜蘭縣礁溪鄉吳沙村開蘭路209號 (12222513225.md)
    -> Recursing level 1: 宜蘭縣礁溪鄉吳沙村開蘭路
  -> Found: 24.7897553, 121.7552944 (used: 宜蘭縣礁溪鄉吳沙村開蘭路)

[275/602] Processing: 宜蘭市宜興路二段3之2號 (12222513993.md)
    -> Recursing level 1: 宜蘭市宜興路二段
  -> Found: 24.7596501, 121.7594569 (used: 宜蘭市宜興路二段)

[276/602] Processing: 宜蘭縣礁溪鄉礁溪路六段12號 (12222518160.md)
    -> Recursing level 1: 宜蘭縣礁溪鄉礁溪路六段
  -> Found: 24.8314554, 121.7783869 (used: 宜蘭縣礁溪鄉礁溪路六段)

[277/602] Processing: 宜蘭縣冬山鄉新寮路500號 (12222538101.md)
    -> Recursing level 1: 宜蘭縣冬山鄉新寮路
  -> Found: 24.6252559, 121.7523768 (used: 宜蘭縣冬山鄉新寮路)

[278/602] Processing: 宜蘭縣員山鄉茄苳路76-10號 (12222538449.md)
    -> Recursing level 1: 宜蘭縣員山鄉茄苳路
  -> Found: 24.7465769, 121.705986 (used: 宜蘭縣員山鄉茄苳路)

[279/602] Processing: 台北市長春路168號 (12222542751.md)
    -> Recursing level 1: 台北市長春路
  -> Found: 25.0546298, 121.541329 (used: 台北市長春路)

[280/602] Processing: 宜蘭縣壯圍鄉過嶺村壯濱路3段510 (12222543198.md)
  -> Truly Not Found (gave up).

[281/602] Processing: 台北市中山區林森北路119巷63號 (12222551871.md)
    -> Recursing level 1: 台北市中山區林森北路119巷
  -> Found: 25.0503851, 121.5265903 (used: 台北市中山區林森北路119巷)

[282/602] Processing: 台北市松山區南京東路四段53巷3弄5號1樓之2號 (12222570474.md)
    -> Recursing level 1: 台北市松山區南京東路四段53巷3弄
  -> Found: 25.052332, 121.5507152 (used: 台北市松山區南京東路四段53巷3弄)

[283/602] Processing: 新北市中和區中山路3段122號4樓 (12222585387.md)
    -> Recursing level 1: 新北市中和區中山路3段
  -> Found: 25.0057504, 121.4762784 (used: 新北市中和區中山路3段)

[284/602] Processing: 臺南市東區東平路131號 (12222618789.md)
    -> Recursing level 1: 臺南市東區東平路
  -> Found: 22.9948346, 120.2332204 (used: 臺南市東區東平路)

[285/602] Processing: 臺南市北門區永華里井仔腳興安宮旁 (12222631200.md)
  -> Truly Not Found (gave up).

[287/602] Processing: 台南市白河區六重溪21-1號 (12222659328.md)
    -> Recursing level 1: 台南市白河區六重溪
  -> Truly Not Found (gave up).

[288/602] Processing: 台南市仁德區文華路二段326號 (12222687849.md)
    -> Recursing level 1: 台南市仁德區文華路二段
  -> Found: 22.9483002, 120.2320701 (used: 台南市仁德區文華路二段)

[289/602] Processing: 新北市中和區連城路363號 (12222721587.md)
    -> Recursing level 1: 新北市中和區連城路
  -> Found: 24.9922433, 121.477253 (used: 新北市中和區連城路)

[290/602] Processing: 台南市南區萬年二街61號 (12222726009.md)
    -> Recursing level 1: 台南市南區萬年二街
  -> Found: 22.9329645, 120.1867848 (used: 台南市南區萬年二街)

[291/602] Processing: 新北市新莊區四維路201號 (12222754656.md)
    -> Recursing level 1: 新北市新莊區四維路
  -> Truly Not Found (gave up).

[292/602] Processing: 台南市龍崎區牛埔里22號之2 (12222758691.md)
    -> Recursing level 1: 台南市龍崎區牛埔里
  -> Found: 22.9315211, 120.4095453 (used: 台南市龍崎區牛埔里)

[293/602] Processing: 台南市學甲區美豐49之26號 (12222787395.md)
    -> Recursing level 1: 台南市學甲區美豐
  -> Found: 23.2149358, 120.2032994 (used: 台南市學甲區美豐)

[294/602] Processing: 台南市北區西門路四段101號 (12222790032.md)
    -> Recursing level 1: 台南市北區西門路四段
  -> Found: 23.0087572, 120.2074706 (used: 台南市北區西門路四段)

[295/602] Processing: 彰化縣和美鎮孝義路391巷5號 (12222823665.md)
    -> Recursing level 1: 彰化縣和美鎮孝義路391巷
  -> Found: 24.1222613, 120.5184396 (used: 彰化縣和美鎮孝義路391巷)

[296/602] Processing: 彰化縣鹿港鎮鹿工南四路30號 (12222827667.md)
    -> Recursing level 1: 彰化縣鹿港鎮鹿工南四路
  -> Found: 24.0693831, 120.3957317 (used: 彰化縣鹿港鎮鹿工南四路)

[297/602] Processing: 彰化縣員林市中山路二段481號 (12222841185.md)
    -> Recursing level 1: 彰化縣員林市中山路二段
  -> Found: 23.9603747, 120.5706142 (used: 彰化縣員林市中山路二段)

[298/602] Processing: 彰化縣田尾鄉民族路一段19號 (12222850968.md)
    -> Recursing level 1: 彰化縣田尾鄉民族路一段
  -> Found: 23.8950653, 120.5303997 (used: 彰化縣田尾鄉民族路一段)

[299/602] Processing: 台北市松山區敦化北路100號 (12222863751.md)
    -> Recursing level 1: 台北市松山區敦化北路
  -> Found: 25.0593898, 121.5500071 (used: 台北市松山區敦化北路)

[300/602] Processing: 台北市中山區南京東路三段91-2號 (12222874917.md)
    -> Recursing level 1: 台北市中山區南京東路三段
  -> Found: 25.0519305, 121.5367805 (used: 台北市中山區南京東路三段)

[301/602] Processing: 新北市中和區中和路350巷12號 (12222894153.md)
    -> Recursing level 1: 新北市中和區中和路350巷
  -> Found: 25.0005413, 121.5106388 (used: 新北市中和區中和路350巷)

[302/602] Processing: 台北市信義區忠孝東路4段553巷46弄14號 (12222929421.md)
    -> Recursing level 1: 台北市信義區忠孝東路4段553巷46弄
  -> Found: 25.0441835, 121.5632507 (used: 台北市信義區忠孝東路4段553巷46弄)

[304/602] Processing: 新北市淡水區英專路139號1樓 (12222992559.md)
    -> Recursing level 1: 新北市淡水區英專路
  -> Found: 25.1730374, 121.4476578 (used: 新北市淡水區英專路)

[305/602] Processing: 台北市萬華區艋舺大道167號 (12223031292.md)
    -> Recursing level 1: 台北市萬華區艋舺大道
  -> Found: 25.0341133, 121.5052442 (used: 台北市萬華區艋舺大道)

[306/602] Processing: 台北市大安區光復南路280巷29號 (12223049217.md)
    -> Recursing level 1: 台北市大安區光復南路280巷
  -> Found: 25.0398194, 121.555781 (used: 台北市大安區光復南路280巷)

[307/602] Processing: 台北市中山區大直街13號1樓 (12223085133.md)
    -> Recursing level 1: 台北市中山區大直街
  -> Found: 25.0833799, 121.5463363 (used: 台北市中山區大直街)

[308/602] Processing: 桃園市楊梅區東森路5號 (12223092090.md)
    -> Recursing level 1: 桃園市楊梅區東森路
  -> Found: 24.8889294, 121.1641668 (used: 桃園市楊梅區東森路)

[309/602] Processing: 台北市內湖區內湖路二段192號 (12223101816.md)
    -> Recursing level 1: 台北市內湖區內湖路二段
  -> Found: 25.0800919, 121.5835923 (used: 台北市內湖區內湖路二段)

[310/602] Processing: 桃園市中壢區環西路二段185-1號 (12223118796.md)
    -> Recursing level 1: 桃園市中壢區環西路二段
  -> Found: 24.964556, 121.2116968 (used: 桃園市中壢區環西路二段)

[311/602] Processing: 桃園市楊梅區東森路3號 (12223119597.md)
    -> Recursing level 1: 桃園市楊梅區東森路
  -> Found: 24.8889294, 121.1641668 (used: 桃園市楊梅區東森路)

[312/602] Processing: 台北市中山區八德路二段292號 (12223143585.md)
    -> Recursing level 1: 台北市中山區八德路二段
  -> Truly Not Found (gave up).

[313/602] Processing: 新北市三重區自強路一段11號 (12223155567.md)
    -> Recursing level 1: 新北市三重區自強路一段
  -> Found: 25.0664276, 121.4950628 (used: 新北市三重區自強路一段)

[314/602] Processing: 新竹市東區中正路96巷8號 (12223162143.md)
    -> Recursing level 1: 新竹市東區中正路96巷
  -> Found: 24.8057386, 120.970074 (used: 新竹市東區中正路96巷)

[315/602] Processing: 新竹縣關西鎮石光里石岡子76巷7號 (12223162365.md)
    -> Recursing level 1: 新竹縣關西鎮石光里石岡子76巷
  -> Truly Not Found (gave up).

[316/602] Processing: 新竹市東區金山十一街33號 (12223164393.md)
    -> Recursing level 1: 新竹市東區金山十一街
  -> Found: 24.7784024, 121.0222381 (used: 新竹市東區金山十一街)

[317/602] Processing: 台北市南京西路12號B1 (12223164771.md)
    -> Recursing level 1: 台北市南京西路
  -> Found: 25.0538076, 121.5107493 (used: 台北市南京西路)

[318/602] Processing: 台北市松山區敦化北路167號B1 (12223168962.md)
    -> Recursing level 1: 台北市松山區敦化北路
  -> Found: 25.0593898, 121.5500071 (used: 台北市松山區敦化北路)

[321/602] Processing: 新竹縣湖口鄉新興路306號 (12223199655.md)
    -> Recursing level 1: 新竹縣湖口鄉新興路
  -> Found: 24.8795477, 121.0070285 (used: 新竹縣湖口鄉新興路)

[322/602] Processing: 苗栗市獅潭鄉新店村小東勢19號 (12223221954.md)
    -> Recursing level 1: 苗栗市獅潭鄉新店村小東勢
  -> Found: 24.53925, 120.931188 (used: 苗栗市獅潭鄉新店村小東勢)

[323/602] Processing: 台北市松山區南京東路三段256巷28弄1號 (12223226886.md)
    -> Recursing level 1: 台北市松山區南京東路三段256巷28弄
  -> Found: 25.0497069, 121.5454374 (used: 台北市松山區南京東路三段256巷28弄)

[324/602] Processing: 新北市板橋區公館街110號 (12223226952.md)
    -> Recursing level 1: 新北市板橋區公館街
  -> Found: 25.0126463, 121.4574068 (used: 新北市板橋區公館街)

[325/602] Processing: 苗栗市中山路713號 (12223237371.md)
    -> Recursing level 1: 苗栗市中山路
  -> Found: 24.5665698, 120.8234702 (used: 苗栗市中山路)

[326/602] Processing: 新北市淡水區中山北路一段257號 (12223243191.md)
    -> Recursing level 1: 新北市淡水區中山北路一段
  -> Found: 25.1795506, 121.4442756 (used: 新北市淡水區中山北路一段)

[327/602] Processing: 苗栗縣南庄鄉文化路10號 (12223253736.md)
    -> Recursing level 1: 苗栗縣南庄鄉文化路
  -> Found: 24.5991847, 120.9992365 (used: 苗栗縣南庄鄉文化路)

[328/602] Processing: 新北市板橋區萬板路11號 (12223279038.md)
    -> Recursing level 1: 新北市板橋區萬板路
  -> Found: 25.0230805, 121.4720378 (used: 新北市板橋區萬板路)

[329/602] Processing: 新北市中和區平河里建一路175號 (12223303719.md)
    -> Recursing level 1: 新北市中和區平河里建一路
  -> Found: 24.9994048, 121.4880672 (used: 新北市中和區平河里建一路)

[330/602] Processing: 苗栗縣泰安鄉大興村3鄰63-10號 (12223306788.md)
    -> Recursing level 1: 苗栗縣泰安鄉大興村3鄰
  -> Truly Not Found (gave up).

[332/602] Processing: 南京西路23巷5號之1 (12223355343.md)
    -> Recursing level 1: 南京西路23巷
  -> Found: 25.0536945, 121.5205921 (used: 南京西路23巷)

[333/602] Processing: 台北市大安區大安路一段83巷14號 (12223376820.md)
    -> Recursing level 1: 台北市大安區大安路一段83巷
  -> Found: 25.0409624, 121.5473354 (used: 台北市大安區大安路一段83巷)

[334/602] Processing: 台北市松山區市民大道四段173號 (12223382313.md)
    -> Recursing level 1: 台北市松山區市民大道四段
  -> Found: 25.0445032, 121.5533967 (used: 台北市松山區市民大道四段)

[335/602] Processing: 台北市文山區羅斯福路四段200號 (12223389495.md)
    -> Recursing level 1: 台北市文山區羅斯福路四段
  -> Found: 25.0103997, 121.5371773 (used: 台北市文山區羅斯福路四段)

[336/602] Processing: 台北市內湖區石潭路1號 (12223402476.md)
    -> Recursing level 1: 台北市內湖區石潭路
  -> Found: 25.0627432, 121.5876364 (used: 台北市內湖區石潭路)

[337/602] Processing: 台北市中山區八德路二段284號 (12223424544.md)
    -> Recursing level 1: 台北市中山區八德路二段
  -> Truly Not Found (gave up).

[338/602] Processing: 台北市松山區復興北路81巷12號 (12223464903.md)
    -> Recursing level 1: 台北市松山區復興北路81巷
  -> Found: 25.0511848, 121.5448953 (used: 台北市松山區復興北路81巷)

[339/602] Processing: 台北市中山區遼寧街63巷25號 (12223472718.md)
    -> Recursing level 1: 台北市中山區遼寧街63巷
  -> Found: 25.0491453, 121.5427772 (used: 台北市中山區遼寧街63巷)

[340/602] Processing: 台北市中山區長安東路二段169-12號2樓 (12223484025.md)
    -> Recursing level 1: 台北市中山區長安東路二段
  -> Found: 25.0484269, 121.5347539 (used: 台北市中山區長安東路二段)

[341/602] Processing: 新北市板橋區莒光路53號​ (12223484784.md)
    -> Recursing level 1: 新北市板橋區莒光路
  -> Found: 25.0241142, 121.4715876 (used: 新北市板橋區莒光路)

[342/602] Processing: 台北市中山區中山北路二段39巷3號2F (12223488060.md)
    -> Recursing level 1: 台北市中山區中山北路二段39巷
  -> Found: 25.0539518, 121.5240946 (used: 台北市中山區中山北路二段39巷)

[343/602] Processing: 臺北市中山區新生北路一段66號 (12223508826.md)
    -> Recursing level 1: 臺北市中山區新生北路一段
  -> Found: 24.9855987, 121.4184079 (used: 臺北市中山區新生北路一段)

[344/602] Processing: 台北市中山區敦化北路167號B1(宏國大樓內） (12223535880.md)
    -> Recursing level 1: 台北市中山區敦化北路
  -> Found: 25.0628101, 121.5507776 (used: 台北市中山區敦化北路)

[345/602] Processing: 台北市北投區竹子湖路63-1號旁 (12223548513.md)
    -> Recursing level 1: 台北市北投區竹子湖路
  -> Found: 25.1827697, 121.5565809 (used: 台北市北投區竹子湖路)

[346/602] Processing: 台北市陽明山永公路５４６號 (12223565088.md)
  -> Truly Not Found (gave up).

[347/602] Processing: 台北市大安區信義路四段311號 (12223593342.md)
    -> Recursing level 1: 台北市大安區信義路四段
  -> Found: 25.0332637, 121.5534067 (used: 台北市大安區信義路四段)

[348/602] Processing: 台中市南屯區南屯路二段99號 (12223620966.md)
    -> Recursing level 1: 台中市南屯區南屯路二段
  -> Found: 24.1404887, 120.6372278 (used: 台中市南屯區南屯路二段)

[349/602] Processing: 台中市西屯路二段287號 (12223629591.md)
    -> Recursing level 1: 台中市西屯路二段
  -> Found: 24.1653901, 120.6563552 (used: 台中市西屯路二段)

[350/602] Processing: 台北市中山區長春路322號 (12223641558.md)
    -> Recursing level 1: 台北市中山區長春路
  -> Found: 25.0547849, 121.5348835 (used: 台北市中山區長春路)

[352/602] Processing: 桃園市蘆竹區坑菓路663號 (12223651014.md)
    -> Recursing level 1: 桃園市蘆竹區坑菓路
  -> Found: 25.0843956, 121.2685907 (used: 桃園市蘆竹區坑菓路)

[353/602] Processing: 桃園縣大園鄉海口村港口7-7號2樓16號攤位 (12223655469.md)
    -> Recursing level 1: 桃園縣大園鄉海口村港口
  -> Truly Not Found (gave up).

[354/602] Processing: 台北市大同區赤峰街71巷34號 (12223658727.md)
    -> Recursing level 1: 台北市大同區赤峰街71巷
  -> Found: 25.0566248, 121.5200963 (used: 台北市大同區赤峰街71巷)

[355/602] Processing: 台中市石岡區和盛街南巷10號 (12223673613.md)
    -> Recursing level 1: 台中市石岡區和盛街南巷
  -> Truly Not Found (gave up).

[356/602] Processing: 台北市中正區忠孝東路一段108號 (12223676184.md)
    -> Recursing level 1: 台北市中正區忠孝東路一段
  -> Found: 25.0457485, 121.5197218 (used: 台北市中正區忠孝東路一段)

[357/602] Processing: 台北市中正區信陽街29號 (12223682214.md)
    -> Recursing level 1: 台北市中正區信陽街
  -> Found: 25.0446434, 121.5160375 (used: 台北市中正區信陽街)

[358/602] Processing: 台中市東區旱溪東路一段456號 (12223695057.md)
    -> Recursing level 1: 台中市東區旱溪東路一段
  -> Found: 24.1371307, 120.6989604 (used: 台中市東區旱溪東路一段)

[359/602] Processing: 台北市大安區延吉街99號 (12223705311.md)
    -> Recursing level 1: 台北市大安區延吉街
  -> Found: 25.035507, 121.5557163 (used: 台北市大安區延吉街)

[360/602] Processing: 台中市西屯區文華路11號 (12223722312.md)
    -> Recursing level 1: 台中市西屯區文華路
  -> Found: 24.1752995, 120.6448934 (used: 台中市西屯區文華路)

[361/602] Processing: 臺中市新社區中興嶺98號 (12223725003.md)
    -> Recursing level 1: 臺中市新社區中興嶺
  -> Found: 24.2091, 120.79043 (used: 臺中市新社區中興嶺)

[362/602] Processing: 台中市西區模範街23巷3號 (12223725771.md)
    -> Recursing level 1: 台中市西區模範街23巷
  -> Found: 24.1490173, 120.665956 (used: 台中市西區模範街23巷)

[363/602] Processing: 台北市中山區南京東路二段21巷24號 (12223733652.md)
    -> Recursing level 1: 台北市中山區南京東路二段21巷
  -> Found: 25.0527685, 121.5287863 (used: 台北市中山區南京東路二段21巷)

[364/602] Processing: 雲林縣斗南鎮中正路174號 (12223749156.md)
    -> Recursing level 1: 雲林縣斗南鎮中正路
  -> Found: 23.676484, 120.4779445 (used: 雲林縣斗南鎮中正路)

[365/602] Processing: 新北市中和區中山路二段311號2樓 (12223759701.md)
    -> Recursing level 1: 新北市中和區中山路二段
  -> Found: 25.003711, 121.5027762 (used: 新北市中和區中山路二段)

[366/602] Processing: 台北市信義區忠孝東路五段8號B2 (12223789755.md)
    -> Recursing level 1: 台北市信義區忠孝東路五段
  -> Found: 25.0419129, 121.5796468 (used: 台北市信義區忠孝東路五段)

[367/602] Processing: 台中市梧棲區海濱里北堤路 (12223794690.md)
  -> Truly Not Found (gave up).

[368/602] Processing: 台中市龍井區臺灣大道五段3巷6弄32號 (12223800363.md)
    -> Recursing level 1: 台中市龍井區臺灣大道五段3巷6弄
  -> Found: 24.1824011, 120.5926817 (used: 台中市龍井區臺灣大道五段3巷6弄)

[369/602] Processing: 新北市板橋區文化路一段270巷3弄24號 (12223816287.md)
    -> Recursing level 1: 新北市板橋區文化路一段270巷3弄
  -> Found: 25.0204334, 121.468911 (used: 新北市板橋區文化路一段270巷3弄)

[370/602] Processing: 台北市中山區中山北路三段26號 (12223844829.md)
    -> Recursing level 1: 台北市中山區中山北路三段
  -> Found: 25.0658813, 121.5222853 (used: 台北市中山區中山北路三段)

[371/602] Processing: 宜蘭縣三星鄉大義村大義二路238號 (12223860111.md)
    -> Recursing level 1: 宜蘭縣三星鄉大義村大義二路
  -> Found: 24.6806195, 121.7051912 (used: 宜蘭縣三星鄉大義村大義二路)

[372/602] Processing: 台北市中山區南京西路1號3樓 (12223864857.md)
    -> Recursing level 1: 台北市中山區南京西路
  -> Found: 25.0521989, 121.522489 (used: 台北市中山區南京西路)

[373/602] Processing: 台北市中山區建國北路一段96號B1 (12223868457.md)
    -> Recursing level 1: 台北市中山區建國北路一段
  -> Found: 25.0501688, 121.5370085 (used: 台北市中山區建國北路一段)

[374/602] Processing: 宜蘭縣礁溪鄉中山路二段117號 (12223883601.md)
    -> Recursing level 1: 宜蘭縣礁溪鄉中山路二段
  -> Found: 24.8291509, 121.7764553 (used: 宜蘭縣礁溪鄉中山路二段)

[375/602] Processing: 宜蘭縣礁溪鄉淇武蘭路162-13號 (12223887111.md)
    -> Recursing level 1: 宜蘭縣礁溪鄉淇武蘭路
  -> Found: 24.8086453, 121.7861746 (used: 宜蘭縣礁溪鄉淇武蘭路)

[376/602] Processing: 新北市淡水區北新路182巷13號 (12223905480.md)
    -> Recursing level 1: 新北市淡水區北新路182巷
  -> Found: 25.1774578, 121.4485552 (used: 新北市淡水區北新路182巷)

[377/602] Processing: 台北市中正區汀州路三段295號 (12223906062.md)
    -> Recursing level 1: 台北市中正區汀州路三段
  -> Found: 25.018165, 121.5274466 (used: 台北市中正區汀州路三段)

[378/602] Processing: 新北市淡水區中山北路一段120-1號 (12223909893.md)
    -> Recursing level 1: 新北市淡水區中山北路一段
  -> Found: 25.1795506, 121.4442756 (used: 新北市淡水區中山北路一段)

[379/602] Processing: 新北市淡水區北新路182巷21弄13號 (12223909956.md)
    -> Recursing level 1: 新北市淡水區北新路182巷21弄
  -> Found: 25.1771804, 121.4487884 (used: 新北市淡水區北新路182巷21弄)

[380/602] Processing: 新北市新店區北新路三段206巷1弄7號 (12223918824.md)
    -> Recursing level 1: 新北市新店區北新路三段206巷1弄
    -> Recursing level 2: 新北市新店區北新路三段206巷
  -> Found: 24.9841997, 121.5414444 (used: 新北市新店區北新路三段206巷)

[381/602] Processing: 台北市中山區五常街53巷13號 (12223930587.md)
    -> Recursing level 1: 台北市中山區五常街53巷
  -> Truly Not Found (gave up).

[382/602] Processing: 宜蘭縣宜蘭市泰山路11號 (12223933560.md)
    -> Recursing level 1: 宜蘭縣宜蘭市泰山路
  -> Found: 24.7541834, 121.7439893 (used: 宜蘭縣宜蘭市泰山路)

[383/602] Processing: 新北市淡水區新春街148之2號 (12223937856.md)
    -> Recursing level 1: 新北市淡水區新春街
  -> Found: 25.1818426, 121.441386 (used: 新北市淡水區新春街)

[384/602] Processing: 台北市北投區中山路1-8號 (12223939818.md)
    -> Recursing level 1: 台北市北投區中山路
  -> Found: 25.1369415, 121.5050176 (used: 台北市北投區中山路)

[385/602] Processing: 宜蘭縣員山鄉八甲路15-6號 (12223942641.md)
    -> Recursing level 1: 宜蘭縣員山鄉八甲路
  -> Truly Not Found (gave up).

[386/602] Processing: 新北市淡水區北新路113號 (12223948386.md)
    -> Recursing level 1: 新北市淡水區北新路
  -> Found: 25.1997758, 121.4941503 (used: 新北市淡水區北新路)

[387/602] Processing: 新北市淡水區北新路182巷21弄9號 (12223948497.md)
    -> Recursing level 1: 新北市淡水區北新路182巷21弄
  -> Found: 25.1771804, 121.4487884 (used: 新北市淡水區北新路182巷21弄)

[388/602] Processing: 新北市淡水區水源街二段46號 (12223974036.md)
    -> Recursing level 1: 新北市淡水區水源街二段
  -> Found: 25.1765104, 121.4598839 (used: 新北市淡水區水源街二段)

[389/602] Processing: 新北市淡水區義山路二段301號 (12223982916.md)
    -> Recursing level 1: 新北市淡水區義山路二段
  -> Found: 25.1983817, 121.4392634 (used: 新北市淡水區義山路二段)

[390/602] Processing: 宜蘭冬山鄉得安村下湖路285號 (12224000814.md)
    -> Recursing level 1: 宜蘭冬山鄉得安村下湖路
  -> Found: 24.6443812, 121.7483035 (used: 宜蘭冬山鄉得安村下湖路)

[391/602] Processing: 宜蘭縣羅東鎮中山路三段255號 (12224047068.md)
    -> Recursing level 1: 宜蘭縣羅東鎮中山路三段
  -> Found: 24.6744209, 121.7723104 (used: 宜蘭縣羅東鎮中山路三段)

[392/602] Processing: 新北市淡水區大忠街115號 (12224047179.md)
    -> Recursing level 1: 新北市淡水區大忠街
  -> Found: 25.176353, 121.4445918 (used: 新北市淡水區大忠街)

[393/602] Processing: 宜蘭縣羅東鎮站東路170巷3號 (12224048061.md)
    -> Recursing level 1: 宜蘭縣羅東鎮站東路170巷
  -> Truly Not Found (gave up).

[394/602] Processing: 宜蘭縣員山鄉惠深二路二段125號 (12224048958.md)
    -> Recursing level 1: 宜蘭縣員山鄉惠深二路二段
  -> Found: 24.7160225, 121.7136311 (used: 宜蘭縣員山鄉惠深二路二段)

[395/602] Processing: 宜蘭縣宜蘭市大坡路二段255號 (12224061483.md)
    -> Recursing level 1: 宜蘭縣宜蘭市大坡路二段
  -> Found: 24.7815393, 121.7388095 (used: 宜蘭縣宜蘭市大坡路二段)

[396/602] Processing: 宜蘭縣頭城鎮協天路636巷36-2號 (12224076342.md)
    -> Recursing level 1: 宜蘭縣頭城鎮協天路636巷
  -> Truly Not Found (gave up).

[397/602] Processing: 新北市板橋區文化路二段419號 (12224364543.md)
    -> Recursing level 1: 新北市板橋區文化路二段
  -> Found: 25.0357357, 121.478762 (used: 新北市板橋區文化路二段)

[398/602] Processing: 台北市士林區大東路131號 (12224378139.md)
    -> Recursing level 1: 台北市士林區大東路
  -> Found: 25.0885349, 121.5250606 (used: 台北市士林區大東路)

[399/602] Processing: 宜蘭縣宜蘭市宜興路一段271號 (12224393250.md)
    -> Recursing level 1: 宜蘭縣宜蘭市宜興路一段
  -> Found: 24.7533884, 121.7570782 (used: 宜蘭縣宜蘭市宜興路一段)

[400/602] Processing: 新北市三峽區國際一街3號2樓 (12224438397.md)
    -> Recursing level 1: 新北市三峽區國際一街
  -> Found: 24.9420433, 121.3726096 (used: 新北市三峽區國際一街)

[401/602] Processing: 台北市中正區杭州南路一段63-1號 (12224480058.md)
    -> Recursing level 1: 台北市中正區杭州南路一段
  -> Found: 25.03924, 121.5254728 (used: 台北市中正區杭州南路一段)

[402/602] Processing: 台北市中山區長安東路二段218號2樓 (12224534361.md)
    -> Recursing level 1: 台北市中山區長安東路二段
  -> Found: 25.0483488, 121.5404066 (used: 台北市中山區長安東路二段)

[403/602] Processing: 台南市中西區西門路二段372巷10號 (12224559453.md)
    -> Recursing level 1: 台南市中西區西門路二段372巷
  -> Found: 22.9982233, 120.2008528 (used: 台南市中西區西門路二段372巷)

[404/602] Processing: 台南市中西區西門路二段372巷10號 (12224566929.md)
    -> Recursing level 1: 台南市中西區西門路二段372巷
  -> Found: 22.9982233, 120.2008528 (used: 台南市中西區西門路二段372巷)

[405/602] Processing: 臺南市新化區大坑里82號 (12224572173.md)
    -> Recursing level 1: 臺南市新化區大坑里
  -> Found: 23.0126272, 120.372782 (used: 臺南市新化區大坑里)

[406/602] Processing: 台南市中西區西門路二段350號 (12224588028.md)
    -> Recursing level 1: 台南市中西區西門路二段
  -> Found: 22.9910952, 120.1980359 (used: 台南市中西區西門路二段)

[407/602] Processing: 新北市淡水區中山北路一段193號 (12224611506.md)
    -> Recursing level 1: 新北市淡水區中山北路一段
  -> Found: 25.1795506, 121.4442756 (used: 新北市淡水區中山北路一段)

[408/602] Processing: 台南市中西區永福路一段72號 (12224630838.md)
    -> Recursing level 1: 台南市中西區永福路一段
  -> Found: 22.9873153, 120.2001865 (used: 台南市中西區永福路一段)

[410/602] Processing: 新北市板橋區雙十路三段10巷13號 (12224713596.md)
    -> Recursing level 1: 新北市板橋區雙十路三段10巷
  -> Found: 25.0306267, 121.4719752 (used: 新北市板橋區雙十路三段10巷)

[411/602] Processing: 新北市板橋區文化路二段410巷2弄3號1樓 (12224720034.md)
    -> Recursing level 1: 新北市板橋區文化路二段410巷2弄
  -> Found: 25.0305441, 121.4743043 (used: 新北市板橋區文化路二段410巷2弄)

[412/602] Processing: 新北市板橋區文化路二段125巷38號 (12224732166.md)
    -> Recursing level 1: 新北市板橋區文化路二段125巷
  -> Found: 25.0270198, 121.46951 (used: 新北市板橋區文化路二段125巷)

[413/602] Processing: 台北市大安區敦化南路1段151號1樓 (12224738298.md)
    -> Recursing level 1: 台北市大安區敦化南路1段
  -> Found: 25.0351384, 121.5488058 (used: 台北市大安區敦化南路1段)

[414/602] Processing: 台北市中山區長安東路二段169-12號2樓 (12224775378.md)
    -> Recursing level 1: 台北市中山區長安東路二段
  -> Found: 25.0483488, 121.5404066 (used: 台北市中山區長安東路二段)

[415/602] Processing: 新竹縣竹東鎮明星一路138號 (12224799882.md)
    -> Recursing level 1: 新竹縣竹東鎮明星一路
  -> Found: 24.7739586, 121.0535291 (used: 新竹縣竹東鎮明星一路)

[416/602] Processing: 台北市信義區忠孝東路四段553巷46弄11號 (12224824947.md)
    -> Recursing level 1: 台北市信義區忠孝東路四段553巷46弄
  -> Found: 25.0441835, 121.5632507 (used: 台北市信義區忠孝東路四段553巷46弄)

[417/602] Processing: 新北市板橋區民生路三段193號 (12224825070.md)
    -> Recursing level 1: 新北市板橋區民生路三段
  -> Found: 25.0261388, 121.4666043 (used: 新北市板橋區民生路三段)

[418/602] Processing: 宜蘭縣礁溪鄉五峰路81巷6號 (12224837835.md)
    -> Recursing level 1: 宜蘭縣礁溪鄉五峰路81巷
  -> Truly Not Found (gave up).

[419/602] Processing: 宜蘭縣礁溪鄉礁溪路七段7號 (12224840658.md)
    -> Recursing level 1: 宜蘭縣礁溪鄉礁溪路七段
  -> Found: 24.8370987, 121.7872131 (used: 宜蘭縣礁溪鄉礁溪路七段)

[420/602] Processing: 宜蘭市中山路二段272號 (12224851383.md)
    -> Recursing level 1: 宜蘭市中山路二段
  -> Found: 24.7512454, 121.7533587 (used: 宜蘭市中山路二段)

[421/602] Processing: 台北市中山區南京西路23巷5號之1 (12224870159.md)
    -> Recursing level 1: 台北市中山區南京西路23巷
  -> Found: 25.0536945, 121.5205921 (used: 台北市中山區南京西路23巷)

[422/602] Processing: 台北市信義區逸仙路42巷9號 (12224886283.md)
    -> Recursing level 1: 台北市信義區逸仙路42巷
  -> Found: 25.040211, 121.5623345 (used: 台北市信義區逸仙路42巷)

[423/602] Processing: 台北市大安區光復南路280巷34號 (12224894767.md)
    -> Recursing level 1: 台北市大安區光復南路280巷
  -> Found: 25.0398194, 121.555781 (used: 台北市大安區光復南路280巷)

[424/602] Processing: 新北市板橋區館前西路3號 (12224901227.md)
    -> Recursing level 1: 新北市板橋區館前西路
  -> Found: 25.0072668, 121.4572797 (used: 新北市板橋區館前西路)

[425/602] Processing: 新北市淡水區中山路8號9樓 (12224908225.md)
    -> Recursing level 1: 新北市淡水區中山路
  -> Found: 25.1704724, 121.4426082 (used: 新北市淡水區中山路)

[426/602] Processing: 桃園市大溪區員林路一段299號 (12224914711.md)
    -> Recursing level 1: 桃園市大溪區員林路一段
  -> Found: 24.8895472, 121.2702819 (used: 桃園市大溪區員林路一段)

[427/602] Processing: 台北市萬華區昆明街278號 (12224922589.md)
    -> Recursing level 1: 台北市萬華區昆明街
  -> Found: 25.04374, 121.5050279 (used: 台北市萬華區昆明街)

[428/602] Processing: 新北市板橋區館前東路23-1號2樓 (12224932571.md)
    -> Recursing level 1: 新北市板橋區館前東路
  -> Found: 25.0072526, 121.460556 (used: 新北市板橋區館前東路)

[429/602] Processing: 新北市板橋區文化路一段311之2號​⠀ (12224935979.md)
    -> Recursing level 1: 新北市板橋區文化路一段
  -> Found: 25.0209978, 121.4669374 (used: 新北市板橋區文化路一段)

[430/602] Processing: 新北市板橋區四維路98-1號 (12224938807.md)
    -> Recursing level 1: 新北市板橋區四維路
  -> Truly Not Found (gave up).

[431/602] Processing: 新北市板橋區縣民大道二段7號2樓 (12224940847.md)
    -> Recursing level 1: 新北市板橋區縣民大道二段
  -> Found: 25.0162351, 121.4680596 (used: 新北市板橋區縣民大道二段)

[432/602] Processing: 新北市板橋區松柏街2號 (12224944963.md)
    -> Recursing level 1: 新北市板橋區松柏街
  -> Found: 25.0301462, 121.4753708 (used: 新北市板橋區松柏街)

[433/602] Processing: 宜蘭縣頭城鎮頭濱路三段110號 (12224946877.md)
    -> Recursing level 1: 宜蘭縣頭城鎮頭濱路三段
  -> Found: 24.8461594, 121.8231392 (used: 宜蘭縣頭城鎮頭濱路三段)

[434/602] Processing: 宜蘭縣員山鄉坡城路23-12號 (12224951061.md)
    -> Recursing level 1: 宜蘭縣員山鄉坡城路
  -> Found: 24.7802764, 121.6968141 (used: 宜蘭縣員山鄉坡城路)

[435/602] Processing: 新北市板橋區介壽街8號 (12224954621.md)
    -> Recursing level 1: 新北市板橋區介壽街
  -> Found: 25.0200925, 121.4680128 (used: 新北市板橋區介壽街)

[436/602] Processing: 台北市士林區美德街2-3號 (12224962061.md)
    -> Recursing level 1: 台北市士林區美德街
  -> Found: 25.0972535, 121.5246411 (used: 台北市士林區美德街)

[437/602] Processing: 台北市中正區開封街一段71號 (12224971047.md)
    -> Recursing level 1: 台北市中正區開封街一段
  -> Found: 25.0459566, 121.5104087 (used: 台北市中正區開封街一段)

[438/602] Processing: 新竹市培英街35巷5號1樓 (12224983575.md)
    -> Recursing level 1: 新竹市培英街35巷
  -> Found: 24.7963053, 120.97847 (used: 新竹市培英街35巷)

[439/602] Processing: 新北市林口區文化二路一段230巷3號 (12224990277.md)
    -> Recursing level 1: 新北市林口區文化二路一段230巷
  -> Found: 25.0719102, 121.3704262 (used: 新北市林口區文化二路一段230巷)

[440/602] Processing: 新北市板橋區銘傳街76巷22號 (12224991869.md)
    -> Recursing level 1: 新北市板橋區銘傳街76巷
  -> Found: 25.0311835, 121.4694265 (used: 新北市板橋區銘傳街76巷)

[441/602] Processing: 宜蘭縣五結鄉公園一路3號 (12224994635.md)
    -> Recursing level 1: 宜蘭縣五結鄉公園一路
  -> Found: 24.6790107, 121.8180241 (used: 宜蘭縣五結鄉公園一路)

[442/602] Processing: 新北市板橋區莒光路43號 (12225007103.md)
    -> Recursing level 1: 新北市板橋區莒光路
  -> Found: 25.0241142, 121.4715876 (used: 新北市板橋區莒光路)

[443/602] Processing: 台北市萬華區中華路一段144號-13號 (12225020743.md)
    -> Recursing level 1: 台北市萬華區中華路一段
  -> Found: 25.0474948, 121.509625 (used: 台北市萬華區中華路一段)

[444/602] Processing: 新北市新莊區中港路269號 (12225032704.md)
    -> Recursing level 1: 新北市新莊區中港路
  -> Found: 25.040882, 121.455132 (used: 新北市新莊區中港路)

[445/602] Processing: 台北市士林區中正路223巷11號 (12225045759.md)
    -> Recursing level 1: 台北市士林區中正路223巷
  -> Found: 25.0945225, 121.5264466 (used: 台北市士林區中正路223巷)

[446/602] Processing: 新北市板橋區和平路161巷16號 (12225049611.md)
    -> Recursing level 1: 新北市板橋區和平路161巷
  -> Found: 24.9962711, 121.4634867 (used: 新北市板橋區和平路161巷)

[447/602] Processing: 台北市⼤安區忠孝東路四段181巷35弄8號1樓 (12225058447.md)
    -> Recursing level 1: 台北市⼤安區忠孝東路四段181巷35弄
  -> Found: 25.0439464, 121.5513888 (used: 台北市⼤安區忠孝東路四段181巷35弄)

[448/602] Processing: 台北市中正區武昌街一段16巷11號 (12225064469.md)
    -> Recursing level 1: 台北市中正區武昌街一段16巷
  -> Found: 25.0434446, 121.5125732 (used: 台北市中正區武昌街一段16巷)

[449/602] Processing: 台北市大安區仁愛路四段107號( (12225070125.md)
    -> Recursing level 1: 台北市大安區仁愛路四段
  -> Found: 25.0366083, 121.5511194 (used: 台北市大安區仁愛路四段)

[450/602] Processing: 新北市板橋區雙十路二段229號 (12225077269.md)
    -> Recursing level 1: 新北市板橋區雙十路二段
  -> Found: 25.02989, 121.4722819 (used: 新北市板橋區雙十路二段)

[451/602] Processing: 新北市板橋區莒光路53號​ (12225083367.md)
    -> Recursing level 1: 新北市板橋區莒光路
  -> Found: 25.0241142, 121.4715876 (used: 新北市板橋區莒光路)

[452/602] Processing: 台北市士林區中山北路六段160號 (12225088649.md)
    -> Recursing level 1: 台北市士林區中山北路六段
  -> Found: 25.1052315, 121.5247907 (used: 台北市士林區中山北路六段)

[453/602] Processing: 桃園市龍潭區大同路329號 (12225098633.md)
    -> Recursing level 1: 桃園市龍潭區大同路
  -> Found: 24.8639202, 121.2189385 (used: 桃園市龍潭區大同路)

[454/602] Processing: 新北市板橋區公館街23號 (12225100513.md)
    -> Recursing level 1: 新北市板橋區公館街
  -> Found: 25.0126463, 121.4574068 (used: 新北市板橋區公館街)

[455/602] Processing: 新北市板橋區民生路二段234巷77號1樓​ (12225105183.md)
    -> Recursing level 1: 新北市板橋區民生路二段234巷
  -> Found: 25.0227296, 121.4690138 (used: 新北市板橋區民生路二段234巷)

[456/602] Processing: 新北市板橋區仁化街64巷3號 (12225111539.md)
    -> Recursing level 1: 新北市板橋區仁化街64巷
  -> Found: 25.0312556, 121.4759194 (used: 新北市板橋區仁化街64巷)

[457/602] Processing: 南投縣仁愛鄉信義巷52號 (12225118195.md)
    -> Recursing level 1: 南投縣仁愛鄉信義巷
  -> Found: 24.0439845, 121.156739 (used: 南投縣仁愛鄉信義巷)

[458/602] Processing: 新北市板橋區雙十路三段10巷16號 (12225127439.md)
    -> Recursing level 1: 新北市板橋區雙十路三段10巷
  -> Found: 25.0306267, 121.4719752 (used: 新北市板橋區雙十路三段10巷)

[459/602] Processing: 新北市板橋區縣民大道二段7號B1樓 (12225135213.md)
    -> Recursing level 1: 新北市板橋區縣民大道二段
  -> Found: 25.0162351, 121.4680596 (used: 新北市板橋區縣民大道二段)

[460/602] Processing: 桃園市中壢區春德路189號 (12225137075.md)
    -> Recursing level 1: 桃園市中壢區春德路
  -> Found: 25.0157652, 121.2132693 (used: 桃園市中壢區春德路)

[461/602] Processing: 桃園市復興區基國派路520巷133之1號 (12225140371.md)
    -> Recursing level 1: 桃園市復興區基國派路520巷
  -> Found: 24.8365159, 121.3478438 (used: 桃園市復興區基國派路520巷)

[462/602] Processing: 台北市南港區南港路一段289-2號 (12225144783.md)
    -> Recursing level 1: 台北市南港區南港路一段
  -> Found: 25.0550438, 121.6176836 (used: 台北市南港區南港路一段)

[464/602] Processing: 新北市板橋區民權路202巷24號 (12225160077.md)
    -> Recursing level 1: 新北市板橋區民權路202巷
  -> Found: 25.0150647, 121.4603067 (used: 新北市板橋區民權路202巷)

[465/602] Processing: 新北市淡水區英專路145號 (12225166245.md)
    -> Recursing level 1: 新北市淡水區英專路
  -> Found: 25.1730374, 121.4476578 (used: 新北市淡水區英專路)

[466/602] Processing: 新北市板橋區文化路二段319號 (12225169027.md)
    -> Recursing level 1: 新北市板橋區文化路二段
  -> Found: 25.0357357, 121.478762 (used: 新北市板橋區文化路二段)

[467/602] Processing: 新北市板橋區四維路127號 (12225173417.md)
    -> Recursing level 1: 新北市板橋區四維路
  -> Truly Not Found (gave up).

[468/602] Processing: 新北市板橋區民生路三段46號 (12225175841.md)
    -> Recursing level 1: 新北市板橋區民生路三段
  -> Found: 25.0261388, 121.4666043 (used: 新北市板橋區民生路三段)

[469/602] Processing: 新北市中和區景新街312號 (12225185957.md)
    -> Recursing level 1: 新北市中和區景新街
  -> Found: 24.9946917, 121.5077841 (used: 新北市中和區景新街)

[470/602] Processing: 台北市信義區莊敬路361號 (12225189555.md)
    -> Recursing level 1: 台北市信義區莊敬路
  -> Found: 25.0278477, 121.5642505 (used: 台北市信義區莊敬路)

[471/602] Processing: 新北市板橋區文化路一段280號2樓 (12225200561.md)
    -> Recursing level 1: 新北市板橋區文化路一段
  -> Found: 25.0209978, 121.4669374 (used: 新北市板橋區文化路一段)

[472/602] Processing: 台北市松山區市民大道四段211號 (12225201735.md)
    -> Recursing level 1: 台北市松山區市民大道四段
  -> Found: 25.0445032, 121.5533967 (used: 台北市松山區市民大道四段)

[473/602] Processing: 桃園市復興區5鄰丸山52-3號 (12225204205.md)
    -> Recursing level 1: 桃園市復興區5鄰丸山
  -> Truly Not Found (gave up).

[474/602] Processing: 新北市板橋區四維路196號 (12225207439.md)
    -> Recursing level 1: 新北市板橋區四維路
  -> Truly Not Found (gave up).

[475/602] Processing: 新北市新莊區建福路64號 (12225209395.md)
    -> Recursing level 1: 新北市新莊區建福路
  -> Found: 25.029074, 121.4262566 (used: 新北市新莊區建福路)

[476/602] Processing: 台北市士林區天母東路41號 (12225213219.md)
    -> Recursing level 1: 台北市士林區天母東路
  -> Found: 25.1180037, 121.5323363 (used: 台北市士林區天母東路)

[477/602] Processing: 新北市板橋區文化路二段182巷9弄9號 (12225220027.md)
    -> Recursing level 1: 新北市板橋區文化路二段182巷9弄
    -> Recursing level 2: 新北市板橋區文化路二段182巷
  -> Found: 25.0269927, 121.4716648 (used: 新北市板橋區文化路二段182巷)

[478/602] Processing: 新北市板橋區縣民大道二段275號 (12225224535.md)
    -> Recursing level 1: 新北市板橋區縣民大道二段
  -> Found: 25.0177082, 121.4701126 (used: 新北市板橋區縣民大道二段)

[479/602] Processing: 宜蘭縣冬山鄉水井一路246巷45號 (12225228883.md)
    -> Recursing level 1: 宜蘭縣冬山鄉水井一路246巷
  -> Found: 24.6767542, 121.7499971 (used: 宜蘭縣冬山鄉水井一路246巷)

[481/602] Processing: 宜蘭縣五結鄉五結路一段92號 (12225234341.md)
    -> Recursing level 1: 宜蘭縣五結鄉五結路一段
  -> Truly Not Found (gave up).

[482/602] Processing: 台北市中正區信義路二段79巷19號 (12225251865.md)
    -> Recursing level 1: 台北市中正區信義路二段79巷
  -> Found: 25.035027, 121.5268145 (used: 台北市中正區信義路二段79巷)

[483/602] Processing: 桃園市復興區中心路143-1號 (12225257089.md)
    -> Recursing level 1: 桃園市復興區中心路
  -> Found: 24.6956315, 121.4247599 (used: 桃園市復興區中心路)

[484/602] Processing: 新北市新莊區幸福路694號 (12225259261.md)
    -> Recursing level 1: 新北市新莊區幸福路
  -> Found: 25.0489793, 121.4393102 (used: 新北市新莊區幸福路)

[485/602] Processing: 新北市板橋區莒光路133巷12之3號 (12225261489.md)
    -> Recursing level 1: 新北市板橋區莒光路133巷
  -> Found: 25.0244971, 121.4727094 (used: 新北市板橋區莒光路133巷)

[486/602] Processing: 新北市板橋區國光路188號1樓 (12225262455.md)
    -> Recursing level 1: 新北市板橋區國光路
  -> Found: 25.0179627, 121.4588251 (used: 新北市板橋區國光路)

[487/602] Processing: 新北市板橋區和平路161巷16號 (12225263177.md)
    -> Recursing level 1: 新北市板橋區和平路161巷
  -> Found: 24.9962711, 121.4634867 (used: 新北市板橋區和平路161巷)

[488/602] Processing: 台北市文山區興隆路三段34號2樓 (12225278719.md)
    -> Recursing level 1: 台北市文山區興隆路三段
  -> Found: 25.0008097, 121.5545662 (used: 台北市文山區興隆路三段)

[489/602] Processing: 新北市板橋區民生路二段240巷21號 (12225282953.md)
    -> Recursing level 1: 新北市板橋區民生路二段240巷
  -> Found: 25.0230418, 121.4690134 (used: 新北市板橋區民生路二段240巷)

[490/602] Processing: 新北市板橋區館前西路11號 (12225292025.md)
    -> Recursing level 1: 新北市板橋區館前西路
  -> Found: 25.0072668, 121.4572797 (used: 新北市板橋區館前西路)

[491/602] Processing: 新北市板橋區文化路二段182巷3弄55號 (12225304415.md)
    -> Recursing level 1: 新北市板橋區文化路二段182巷3弄
  -> Found: 25.0282705, 121.4721955 (used: 新北市板橋區文化路二段182巷3弄)

[492/602] Processing: 新北市板橋區文化路二段182巷1弄22號 (12225305859.md)
    -> Recursing level 1: 新北市板橋區文化路二段182巷1弄
  -> Found: 25.0284821, 121.4718713 (used: 新北市板橋區文化路二段182巷1弄)

[493/602] Processing: 台北市士林區大北路38號 (12225307315.md)
    -> Recursing level 1: 台北市士林區大北路
  -> Found: 25.0900825, 121.5253223 (used: 台北市士林區大北路)

[494/602] Processing: 新北市板橋區漢生東路117-2號 (12225309859.md)
    -> Recursing level 1: 新北市板橋區漢生東路
  -> Found: 25.0126076, 121.4691256 (used: 新北市板橋區漢生東路)

[496/602] Processing: 新北市板橋區縣民大道一段296號 (12225351749.md)
    -> Recursing level 1: 新北市板橋區縣民大道一段
  -> Found: 25.0061243, 121.4571719 (used: 新北市板橋區縣民大道一段)

[497/602] Processing: 台北市士林區天母東路88號 (12225365821.md)
    -> Recursing level 1: 台北市士林區天母東路
  -> Found: 25.1180037, 121.5323363 (used: 台北市士林區天母東路)

[498/602] Processing: 花蓮縣花蓮市海濱街55-2號​ (12225384527.md)
    -> Recursing level 1: 花蓮縣花蓮市海濱街
  -> Found: 23.9740972, 121.6154882 (used: 花蓮縣花蓮市海濱街)

[499/602] Processing: 新北市板橋區雙十路二段229號 (12225423001.md)
    -> Recursing level 1: 新北市板橋區雙十路二段
  -> Found: 25.02989, 121.4722819 (used: 新北市板橋區雙十路二段)

[500/602] Processing: 花蓮縣壽豐鄉牛山39-5號​ (12225512941.md)
    -> Recursing level 1: 花蓮縣壽豐鄉牛山
  -> Found: 23.7503103, 121.5602605 (used: 花蓮縣壽豐鄉牛山)

[501/602] Processing: 新北市新莊區中原路145-1號 (12225523923.md)
    -> Recursing level 1: 新北市新莊區中原路
  -> Found: 25.0543859, 121.4588556 (used: 新北市新莊區中原路)

[502/602] Processing: 新北市板橋區雙十路二段42-4號 (12225561680.md)
    -> Recursing level 1: 新北市板橋區雙十路二段
  -> Found: 25.02989, 121.4722819 (used: 新北市板橋區雙十路二段)

[503/602] Processing: 台北市大安區仁愛路四段345巷5弄17號 (12225575741.md)
    -> Recursing level 1: 台北市大安區仁愛路四段345巷5弄
  -> Found: 25.038456, 121.5546676 (used: 台北市大安區仁愛路四段345巷5弄)

[504/602] Processing: 台北市中山區南京西路23巷5號之1 (12225597389.md)
    -> Recursing level 1: 台北市中山區南京西路23巷
  -> Found: 25.0536945, 121.5205921 (used: 台北市中山區南京西路23巷)

[505/602] Processing: 新北市三重區忠孝路二段73號 (12225613967.md)
    -> Recursing level 1: 新北市三重區忠孝路二段
  -> Found: 25.0707627, 121.4854528 (used: 新北市三重區忠孝路二段)

[506/602] Processing: 台北市大同區長安西路129號 (12225709190.md)
    -> Recursing level 1: 台北市大同區長安西路
  -> Found: 25.0502374, 121.5198774 (used: 台北市大同區長安西路)

[507/602] Processing: 台北市大安區市民大道四段78號 (12225772880.md)
    -> Recursing level 1: 台北市大安區市民大道四段
  -> Found: 25.0442349, 121.5534328 (used: 台北市大安區市民大道四段)

[508/602] Processing: 新北市萬里區漁澳路2號 (12225781448.md)
    -> Recursing level 1: 新北市萬里區漁澳路
  -> Found: 25.1952245, 121.6872362 (used: 新北市萬里區漁澳路)

[509/602] Processing: 宜蘭縣宜蘭市民權路二段36號6樓​ (12225809258.md)
    -> Recursing level 1: 宜蘭縣宜蘭市民權路二段
  -> Found: 24.7537122, 121.7496937 (used: 宜蘭縣宜蘭市民權路二段)

[510/602] Processing: 宜蘭縣五結鄉公園三路5-1號​ (12225832109.md)
    -> Recursing level 1: 宜蘭縣五結鄉公園三路
  -> Found: 24.6789879, 121.8068928 (used: 宜蘭縣五結鄉公園三路)

[511/602] Processing: 新北市板橋區陽明街23巷6弄15號A店面 (12225842849.md)
    -> Recursing level 1: 新北市板橋區陽明街23巷6弄
    -> Recursing level 2: 新北市板橋區陽明街23巷
  -> Found: 25.021236, 121.4662288 (used: 新北市板橋區陽明街23巷)

[512/602] Processing: 台北市大安區安和路二段209巷2號1樓 (12225853484.md)
    -> Recursing level 1: 台北市大安區安和路二段209巷
  -> Found: 25.0262975, 121.5505633 (used: 台北市大安區安和路二段209巷)

[513/602] Processing: 苗栗縣頭屋鄉明德路12鄰156號 (12225879956.md)
    -> Recursing level 1: 苗栗縣頭屋鄉明德路12鄰
  -> Truly Not Found (gave up).

[514/602] Processing: 台北市大安區瑞安街118號 (12225924365.md)
    -> Recursing level 1: 台北市大安區瑞安街
  -> Found: 25.0281801, 121.5408594 (used: 台北市大安區瑞安街)

[515/602] Processing: 新北市淡水區中正路117號1樓 (12225944258.md)
    -> Recursing level 1: 新北市淡水區中正路
  -> Found: 25.1748187, 121.4320943 (used: 新北市淡水區中正路)

[516/602] Processing: 桃園市大溪區公園路39號 (12225952037.md)
    -> Recursing level 1: 桃園市大溪區公園路
  -> Found: 24.9056646, 121.2815692 (used: 桃園市大溪區公園路)

[517/602] Processing: 台北市大安區敦化南路二段81巷55號 (12225963608.md)
    -> Recursing level 1: 台北市大安區敦化南路二段81巷
  -> Found: 25.0299479, 121.5497346 (used: 台北市大安區敦化南路二段81巷)

[518/602] Processing: 苗栗縣大湖鄉義和村淋漓坪96-6號​ (12225993887.md)
    -> Recursing level 1: 苗栗縣大湖鄉義和村淋漓坪
  -> Found: 24.383891, 120.867825 (used: 苗栗縣大湖鄉義和村淋漓坪)

[519/602] Processing: 台北市中山區天津街63號1樓 (12225998360.md)
    -> Recursing level 1: 台北市中山區天津街
  -> Found: 25.0503673, 121.5230868 (used: 台北市中山區天津街)

[520/602] Processing: 新北市淡水區中正路123號 (12226006379.md)
    -> Recursing level 1: 新北市淡水區中正路
  -> Found: 25.1696483, 121.442993 (used: 新北市淡水區中正路)

[521/602] Processing: 新北市新莊區民安路188巷5號8樓 (12226116811.md)
    -> Recursing level 1: 新北市新莊區民安路188巷
  -> Found: 25.0232386, 121.424669 (used: 新北市新莊區民安路188巷)

[522/602] Processing: 桃園市中壢區領航北路二段50號 (12226133137.md)
    -> Recursing level 1: 桃園市中壢區領航北路二段
  -> Found: 25.0095855, 121.2050836 (used: 桃園市中壢區領航北路二段)

[524/602] Processing: 新北市板橋區大同街63號 (12226202407.md)
    -> Recursing level 1: 新北市板橋區大同街
  -> Found: 25.0270629, 121.477604 (used: 新北市板橋區大同街)

[525/602] Processing: 台北市士林區中山北路七段219巷163號 (12226297012.md)
    -> Recursing level 1: 台北市士林區中山北路七段219巷
  -> Found: 25.1271225, 121.5321292 (used: 台北市士林區中山北路七段219巷)

[526/602] Processing: 桃園市大溪區承恩路438號 (12226302211.md)
    -> Recursing level 1: 桃園市大溪區承恩路
  -> Found: 24.8246813, 121.29381 (used: 桃園市大溪區承恩路)

[527/602] Processing: 新北市板橋區公館街58號 (12226324915.md)
    -> Recursing level 1: 新北市板橋區公館街
  -> Found: 25.0126463, 121.4574068 (used: 新北市板橋區公館街)

[528/602] Processing: 新北市板橋區永豐街1號 (12226354762.md)
    -> Recursing level 1: 新北市板橋區永豐街
  -> Found: 25.020814, 121.476238 (used: 新北市板橋區永豐街)

[529/602] Processing: 新北市三峽區竹崙路228號 (12226380106.md)
    -> Recursing level 1: 新北市三峽區竹崙路
  -> Found: 24.8853107, 121.4528193 (used: 新北市三峽區竹崙路)

[530/602] Processing: 彰化縣員林市員水路一段676巷12號 (12226402240.md)
    -> Recursing level 1: 彰化縣員林市員水路一段676巷
  -> Found: 23.9546191, 120.5893389 (used: 彰化縣員林市員水路一段676巷)

[531/602] Processing: 台北市中正區金門街24巷26號 (12226402261.md)
    -> Recursing level 1: 台北市中正區金門街24巷
  -> Found: 25.0223536, 121.522088 (used: 台北市中正區金門街24巷)

[532/602] Processing: 台中市中區綠川西街123號 (12226421263.md)
    -> Recursing level 1: 台中市中區綠川西街
  -> Found: 24.1379928, 120.683049 (used: 台中市中區綠川西街)

[533/602] Processing: 台北市中山區長安東路一段46-1號 (12226442047.md)
    -> Recursing level 1: 台北市中山區長安東路一段
  -> Found: 25.0485868, 121.5270377 (used: 台北市中山區長安東路一段)

[534/602] Processing: 台北市士林區小北街1號 (12226448776.md)
    -> Recursing level 1: 台北市士林區小北街
  -> Found: 25.090786, 121.52488 (used: 台北市士林區小北街)

[535/602] Processing: 宜蘭縣冬山鄉東五路81號 (12226449010.md)
    -> Recursing level 1: 宜蘭縣冬山鄉東五路
  -> Found: 24.6647999, 121.8040653 (used: 宜蘭縣冬山鄉東五路)

[536/602] Processing: 宜蘭縣礁溪鄉塭底路3-15號 (12226523101.md)
    -> Recursing level 1: 宜蘭縣礁溪鄉塭底路
  -> Found: 24.8180319, 121.8135037 (used: 宜蘭縣礁溪鄉塭底路)

[537/602] Processing: 台北市中山區長春路128-1號 (12226533793.md)
    -> Recursing level 1: 台北市中山區長春路
  -> Found: 25.0546298, 121.541329 (used: 台北市中山區長春路)

[538/602] Processing: 新北市林口區文化三路一段402巷2號3樓 (12226544017.md)
    -> Recursing level 1: 新北市林口區文化三路一段402巷
  -> Truly Not Found (gave up).

[539/602] Processing: 台北市南港區忠孝東路七段371號B1AF (12226546567.md)
    -> Recursing level 1: 台北市南港區忠孝東路七段
  -> Found: 25.0514208, 121.6006269 (used: 台北市南港區忠孝東路七段)

[540/602] Processing: 新北市淡水區北新路182巷16號2樓之1 (12226552972.md)
    -> Recursing level 1: 新北市淡水區北新路182巷
  -> Found: 25.1774578, 121.4485552 (used: 新北市淡水區北新路182巷)

[541/602] Processing: 台北市文山區指南路三段38巷16-2號 (12226553104.md)
    -> Recursing level 1: 台北市文山區指南路三段38巷
  -> Found: 24.9677748, 121.5916191 (used: 台北市文山區指南路三段38巷)

[542/602] Processing: 桃園市桃園區成功路三段200號 (12226564303.md)
    -> Recursing level 1: 桃園市桃園區成功路三段
  -> Found: 25.0071025, 121.3248202 (used: 桃園市桃園區成功路三段)

[543/602] Processing: 新北市板橋區四川路一段20號 (12226578319.md)
    -> Recursing level 1: 新北市板橋區四川路一段
  -> Truly Not Found (gave up).

[544/602] Processing: 桃園市桃園區成功路三段200號 (12226587805.md)
    -> Recursing level 1: 桃園市桃園區成功路三段
  -> Found: 25.0071025, 121.3248202 (used: 桃園市桃園區成功路三段)

[545/602] Processing: 宜蘭縣宜蘭市東津一路192號 (12226614604.md)
    -> Recursing level 1: 宜蘭縣宜蘭市東津一路
  -> Found: 24.7306446, 121.7743208 (used: 宜蘭縣宜蘭市東津一路)

[546/602] Processing: 新北市烏來區新烏路五段99號 (12226617511.md)
    -> Recursing level 1: 新北市烏來區新烏路五段
  -> Found: 24.8750126, 121.5466704 (used: 新北市烏來區新烏路五段)

[547/602] Processing: 台北市大安區信義路四段218號1F (12226651207.md)
    -> Recursing level 1: 台北市大安區信義路四段
  -> Found: 25.0332637, 121.5534067 (used: 台北市大安區信義路四段)

[548/602] Processing: 台北市萬華區峨眉街37號4樓 (12226663813.md)
    -> Recursing level 1: 台北市萬華區峨眉街
  -> Found: 25.0444536, 121.5029764 (used: 台北市萬華區峨眉街)

[549/602] Processing: 台北市大安區信義路四段218號1F (12226677535.md)
    -> Recursing level 1: 台北市大安區信義路四段
  -> Found: 25.0332637, 121.5534067 (used: 台北市大安區信義路四段)

[550/602] Processing: 桃園市八德區興仁路54號 (12226682845.md)
    -> Recursing level 1: 桃園市八德區興仁路
  -> Found: 24.9257701, 121.2833995 (used: 桃園市八德區興仁路)

[551/602] Processing: 台北市大安區延吉街70巷5弄6號 (12226697344.md)
    -> Recursing level 1: 台北市大安區延吉街70巷5弄
  -> Found: 25.0419889, 121.5537946 (used: 台北市大安區延吉街70巷5弄)

[552/602] Processing: 屏東縣佳冬鄉塭田路29號 (12226720042.md)
    -> Recursing level 1: 屏東縣佳冬鄉塭田路
  -> Found: 22.4115457, 120.5220424 (used: 屏東縣佳冬鄉塭田路)

[553/602] Processing: 新北市新莊區中港三街11號1樓 (12226728649.md)
    -> Recursing level 1: 新北市新莊區中港三街
  -> Found: 25.0463032, 121.4497143 (used: 新北市新莊區中港三街)

[554/602] Processing: 新北市淡水區水源街一段122巷37號 (12226756384.md)
    -> Recursing level 1: 新北市淡水區水源街一段122巷
  -> Found: 25.1710896, 121.4471716 (used: 新北市淡水區水源街一段122巷)

[555/602] Processing: 新北市新莊區中央路469號2樓 (12226793989.md)
    -> Recursing level 1: 新北市新莊區中央路
  -> Found: 25.0571658, 121.4463238 (used: 新北市新莊區中央路)

[556/602] Processing: 新北市新莊區中央路469號2樓 (12226820674.md)
    -> Recursing level 1: 新北市新莊區中央路
  -> Found: 25.0571658, 121.4463238 (used: 新北市新莊區中央路)

[557/602] Processing: 新北市中和區景安路175號 (12226841701.md)
    -> Recursing level 1: 新北市中和區景安路
  -> Found: 24.9969914, 121.5060889 (used: 新北市中和區景安路)

[558/602] Processing: 新北市三峽區民權街110號 (12226851625.md)
    -> Recursing level 1: 新北市三峽區民權街
  -> Found: 24.9306003, 121.3680672 (used: 新北市三峽區民權街)

[559/602] Processing: 宜蘭縣五結鄉孝威南路41-11號 (12226867429.md)
    -> Recursing level 1: 宜蘭縣五結鄉孝威南路
  -> Found: 24.6848839, 121.8114036 (used: 宜蘭縣五結鄉孝威南路)

[560/602] Processing: 基隆市中正區北寧路446巷51號 (12226928467.md)
    -> Recursing level 1: 基隆市中正區北寧路446巷
  -> Found: 25.1394945, 121.7983423 (used: 基隆市中正區北寧路446巷)

[562/602] Processing: 基隆市中正區北寧路446巷51號 (12226941805.md)
    -> Recursing level 1: 基隆市中正區北寧路446巷
  -> Found: 25.1394945, 121.7983423 (used: 基隆市中正區北寧路446巷)

[563/602] Processing: 基隆市中正區北寧路367號 (12226941862.md)
    -> Recursing level 1: 基隆市中正區北寧路
  -> Found: 25.1356113, 121.8025045 (used: 基隆市中正區北寧路)

[564/602] Processing: 基隆市中正區北寧路446巷51號 (12226970329.md)
    -> Recursing level 1: 基隆市中正區北寧路446巷
  -> Found: 25.1394945, 121.7983423 (used: 基隆市中正區北寧路446巷)

[565/602] Processing: 宜蘭縣蘇澳鎮中山路二段162巷2號 (12226979965.md)
    -> Recursing level 1: 宜蘭縣蘇澳鎮中山路二段162巷
  -> Found: 24.6069048, 121.8298795 (used: 宜蘭縣蘇澳鎮中山路二段162巷)

[566/602] Processing: 台北市信義區基隆路一段89號 (12226996390.md)
    -> Recursing level 1: 台北市信義區基隆路一段
  -> Found: 25.0443753, 121.566303 (used: 台北市信義區基隆路一段)

[567/602] Processing: 宜蘭縣宜蘭市大坡路二段255號 (12227045410.md)
    -> Recursing level 1: 宜蘭縣宜蘭市大坡路二段
  -> Found: 24.7815393, 121.7388095 (used: 宜蘭縣宜蘭市大坡路二段)

[568/602] Processing: 新北市新莊區思源路555號38樓 (12227056513.md)
    -> Recursing level 1: 新北市新莊區思源路
  -> Found: 25.0384615, 121.460785 (used: 新北市新莊區思源路)

[569/602] Processing: 台北市松山區富錦街350號1樓 (12227098108.md)
    -> Recursing level 1: 台北市松山區富錦街
  -> Found: 25.0606869, 121.5601469 (used: 台北市松山區富錦街)

[570/602] Processing: 台北市南港區興中路68巷14號 (12227107204.md)
    -> Recursing level 1: 台北市南港區興中路68巷
  -> Found: 25.0568806, 121.6062778 (used: 台北市南港區興中路68巷)

[571/602] Processing: 新北市汐止區新台五路一段95號3樓 (12227138161.md)
    -> Recursing level 1: 新北市汐止區新台五路一段
  -> Found: 25.0627451, 121.6553962 (used: 新北市汐止區新台五路一段)

[572/602] Processing: 新北市市民廣場、板橋車站站前廣場、萬坪公園、府中廣場 (12227144089.md)
  -> Truly Not Found (gave up).

[573/602] Processing: 新北市板橋區縣民大道二段7號2F (12227153941.md)
    -> Recursing level 1: 新北市板橋區縣民大道二段
  -> Found: 25.0162351, 121.4680596 (used: 新北市板橋區縣民大道二段)

[574/602] Processing: 新北市新莊區幸福路803號2樓 (12227166280.md)
    -> Recursing level 1: 新北市新莊區幸福路
  -> Found: 25.0489793, 121.4393102 (used: 新北市新莊區幸福路)

[575/602] Processing: 新北市板橋區雙十路二段42號 (12227175160.md)
    -> Recursing level 1: 新北市板橋區雙十路二段
  -> Found: 25.02989, 121.4722819 (used: 新北市板橋區雙十路二段)

[576/602] Processing: 台北市南港區經貿一路168號2樓 (12227182288.md)
    -> Recursing level 1: 台北市南港區經貿一路
  -> Found: 25.0548576, 121.6186422 (used: 台北市南港區經貿一路)

[577/602] Processing: 新北市新店區花園六路1號 (12227221990.md)
    -> Recursing level 1: 新北市新店區花園六路
  -> Truly Not Found (gave up).

[578/602] Processing: 台北市大安區辛亥路一段136號 (12227226481.md)
    -> Recursing level 1: 台北市大安區辛亥路一段
  -> Found: 25.0198674, 121.5290821 (used: 台北市大安區辛亥路一段)

[579/602] Processing: 台北市大安區仁愛路四段345巷4弄3號1F (12227257294.md)
    -> Recursing level 1: 台北市大安區仁愛路四段345巷4弄
  -> Found: 25.0389776, 121.5524113 (used: 台北市大安區仁愛路四段345巷4弄)

[580/602] Processing: 宜蘭縣冬山鄉丸山六路128號 (12227267065.md)
    -> Recursing level 1: 宜蘭縣冬山鄉丸山六路
  -> Found: 24.6419271, 121.7543654 (used: 宜蘭縣冬山鄉丸山六路)

[581/602] Processing: 宜蘭縣五結鄉五結路二段117巷7之3號 (12227277622.md)
    -> Recursing level 1: 宜蘭縣五結鄉五結路二段117巷
  -> Truly Not Found (gave up).

[582/602] Processing: 新北市中和區永貞路221號 (12227284465.md)
    -> Recursing level 1: 新北市中和區永貞路
  -> Found: 25.0039178, 121.5131255 (used: 新北市中和區永貞路)

[583/602] Processing: 新北市土城區延和路18巷15弄1號1樓 (12227290762.md)
    -> Recursing level 1: 新北市土城區延和路18巷15弄
  -> Found: 24.9878641, 121.4652078 (used: 新北市土城區延和路18巷15弄)

[584/602] Processing: 新北市新莊區化成路86號 (12227296090.md)
    -> Recursing level 1: 新北市新莊區化成路
  -> Found: 25.0578702, 121.4654689 (used: 新北市新莊區化成路)

[585/602] Processing: 台北市中山區吉林路167號 (12227302747.md)
    -> Recursing level 1: 台北市中山區吉林路
  -> Found: 25.0520584, 121.5300913 (used: 台北市中山區吉林路)

[586/602] Processing: 台北市松山區八德路三段74巷74號 (12227305798.md)
    -> Recursing level 1: 台北市松山區八德路三段74巷
  -> Truly Not Found (gave up).

[587/602] Processing: 新北市萬里區大鵬里加投路249號 (12227309863.md)
    -> Recursing level 1: 新北市萬里區大鵬里加投路
  -> Found: 25.2126557, 121.6461636 (used: 新北市萬里區大鵬里加投路)

[588/602] Processing: 新北市八里區中山路二段292號 (12227323030.md)
    -> Recursing level 1: 新北市八里區中山路二段
  -> Found: 25.1541239, 121.4071411 (used: 新北市八里區中山路二段)

[589/602] Processing: 新北市板橋區民生路二段251號2樓 (12227348020.md)
    -> Recursing level 1: 新北市板橋區民生路二段
  -> Found: 25.0180772, 121.4717265 (used: 新北市板橋區民生路二段)

[590/602] Processing: 新北市中和區更生街5號1樓 (12227356096.md)
    -> Recursing level 1: 新北市中和區更生街
  -> Found: 24.9962955, 121.5212828 (used: 新北市中和區更生街)

[591/602] Processing: 台北市士林區克強路30號1樓 (12227399056.md)
    -> Recursing level 1: 台北市士林區克強路
  -> Found: 25.1088602, 121.5242884 (used: 台北市士林區克強路)

[592/602] Processing: 新北市中和區中安街132號 (12227422954.md)
    -> Recursing level 1: 新北市中和區中安街
  -> Found: 25.0009646, 121.5114698 (used: 新北市中和區中安街)

[593/602] Processing: 桃園市大溪區復興路346-3號 (12227432593.md)
    -> Recursing level 1: 桃園市大溪區復興路
  -> Found: 24.8765149, 121.2953513 (used: 桃園市大溪區復興路)

[594/602] Processing: 台北市大安區安和路一段116號 (20260105-1jyip4.md)
    -> Recursing level 1: 台北市大安區安和路一段
  -> Found: 25.0365763, 121.5520703 (used: 台北市大安區安和路一段)

[595/602] Processing: 台北市士林區克強路30號1樓 (20260105-5e511g.md)
    -> Recursing level 1: 台北市士林區克強路
  -> Found: 25.1088602, 121.5242884 (used: 台北市士林區克強路)

[596/602] Processing: 桃園市大溪區復興路346-3號 (20260105-aulcwq.md)
    -> Recursing level 1: 桃園市大溪區復興路
  -> Found: 24.8765149, 121.2953513 (used: 桃園市大溪區復興路)

[597/602] Processing: 新北市中和區中安街132號 (20260105-wan7t8.md)
    -> Recursing level 1: 新北市中和區中安街
  -> Found: 25.0009646, 121.5114698 (used: 新北市中和區中安街)

[598/602] Processing: 新北市板橋區和平路161巷16號 (225049611.md)
    -> Recursing level 1: 新北市板橋區和平路161巷
  -> Found: 24.9962711, 121.4634867 (used: 新北市板橋區和平路161巷)

[599/602] Processing: 新北市板橋區雙十路二段229號 (225077269.md)
    -> Recursing level 1: 新北市板橋區雙十路二段
  -> Found: 25.02989, 121.4722819 (used: 新北市板橋區雙十路二段)

[600/602] Processing: 新北市板橋區民生路二段234巷77號1樓​ (225105183.md)
    -> Recursing level 1: 新北市板橋區民生路二段234巷
  -> Found: 25.0227296, 121.4690138 (used: 新北市板橋區民生路二段234巷)

[601/602] Processing: 基隆市中正區北寧路367號 (226941862.md)
    -> Recursing level 1: 基隆市中正區北寧路
  -> Found: 25.1356113, 121.8025045 (used: 基隆市中正區北寧路)

[602/602] Processing: 新北市市民廣場、板橋車站站前廣場、萬坪公園、府中廣場 (227144089.md)
  -> Truly Not Found (gave up).

Job Complete. Updated 497 files.
