Loaded 602 addresses.
Starting V3 Hybrid Geocoding (Global + TW Aware)...

[3/602] Processing: 華山1914文化創意產業園區東3館烏梅酒廠 (12086445234.md)
  -> Not Found.

[9/602] Processing: 桃園市大溪區大鶯路(沿路都有 (12117465766.md)
  -> Not Found.

[22/602] Processing: 262宜蘭縣礁溪鄉仁愛路23號 (12164747068.md)
    -> Recursing level 1: 262宜蘭縣礁溪鄉仁愛路
  -> Not Found.

[28/602] Processing: 宜蘭縣員山鄉八甲路15-6號 (12175534636.md)
    -> Recursing level 1: 宜蘭縣員山鄉八甲路
  -> Not Found.

[41/602] Processing: 新竹縣北埔鄉水磜村六鄰32號之10 (12183302209.md)
    -> Recursing level 1: 新竹縣北埔鄉水磜村六鄰
  -> Not Found.

[44/602] Processing: 新北市八里區荖阡村荖阡坑路34之5號 (12184794781.md)
    -> Recursing level 1: 新北市八里區荖阡村荖阡坑路
  -> Not Found.

[51/602] Processing: 宜蘭縣礁溪鄉礁溪路五段108巷1號 (12189274486.md)
    -> Recursing level 1: 宜蘭縣礁溪鄉礁溪路五段108巷
  -> Not Found.

[55/602] Processing: 台北市大安區信義路四段２６５巷１２弄１１號 (12189562387.md)
  -> Not Found.

[56/602] Processing: 宜蘭縣冬山鄉光華三路132巷12號 (12189650512.md)
    -> Recursing level 1: 宜蘭縣冬山鄉光華三路132巷
  -> Not Found.

[57/602] Processing: 台北市中山北路三段３３１號 (12190367986.md)
  -> Not Found.

[70/602] Processing: 銅鑼灣仔駱克道421-425號 (12199042474.md)
    -> Recursing level 1: 銅鑼灣仔駱克道
  -> Found: 22.2799087, 114.1810797 [TW_Mode:false]

[78/602] Processing: 台北市中山區八德路二段267巷5號 (12203627497.md)
    -> Recursing level 1: 台北市中山區八德路二段267巷
  -> Not Found.

[100/602] Processing: 國立中正紀念堂民主大道 (12208388308.md)
  -> Not Found.

[104/602] Processing: 台中市西區五權路6號 (12208715311.md)
    -> Recursing level 1: 台中市西區五權路
  -> Not Found.

[106/602] Processing: 桃園市復興區三民村基國派101號 (12209010178.md)
    -> Recursing level 1: 桃園市復興區三民村基國派
  -> Not Found.

[108/602] Processing: 桃園市觀音區坑尾村7鄰48-6號 (12209114680.md)
    -> Recursing level 1: 桃園市觀音區坑尾村7鄰
  -> Not Found.

[119/602] Processing: 宜蘭縣大同鄉三星路8段501巷139號 (12211686292.md)
    -> Recursing level 1: 宜蘭縣大同鄉三星路8段501巷
  -> Not Found.

[124/602] Processing: 桃園市八德區霄裡里浮覓16鄰1號旁 (12212747860.md)
    -> Recursing level 1: 桃園市八德區霄裡里浮覓16鄰
  -> Not Found.

[125/602] Processing: 桃園縣蘆竹鄉仁愛路三段580號 (12212881705.md)
    -> Recursing level 1: 桃園縣蘆竹鄉仁愛路三段
  -> Not Found.

[130/602] Processing: 台北市內湖區環山路二段68巷底 (12213527974.md)
  -> Not Found.

[137/602] Processing: 台南市下營區營前村文明街45巷26號 (12213869413.md)
    -> Recursing level 1: 台南市下營區營前村文明街45巷
  -> Not Found.

[145/602] Processing: 新店北宜公路約14.5k (12214865279.md)
  -> Not Found.

[153/602] Processing: 台東縣卑南鄉明峰村試驗場8號 (12216040106.md)
    -> Recursing level 1: 台東縣卑南鄉明峰村試驗場
  -> Not Found.

[154/602] Processing: 宜蘭縣五結鄉五濱路二段459號 (12216041258.md)
    -> Recursing level 1: 宜蘭縣五結鄉五濱路二段
  -> Not Found.

[162/602] Processing: 苗栗縣南庄鄉蓬萊村九鄰42份7-6號 (12216658091.md)
    -> Recursing level 1: 苗栗縣南庄鄉蓬萊村九鄰42份
  -> Not Found.

[168/602] Processing: 宜蘭縣冬山鄉中山村舊寮路73巷33號 (12216993296.md)
    -> Recursing level 1: 宜蘭縣冬山鄉中山村舊寮路73巷
  -> Not Found.

[169/602] Processing: 苗栗縣獅潭鄉新店村7鄰62號 (12217011860.md)
    -> Recursing level 1: 苗栗縣獅潭鄉新店村7鄰
  -> Not Found.

[171/602] Processing: 苗栗縣三義鄉勝興村12鄰41號 (12217093155.md)
    -> Recursing level 1: 苗栗縣三義鄉勝興村12鄰
  -> Not Found.

[177/602] Processing: 新北市林口區嘉寶里的西濱公路旁 (12217694646.md)
  -> Not Found.

[178/602] Processing: 宜蘭縣五結鄉五濱路二段201號 (12217744974.md)
    -> Recursing level 1: 宜蘭縣五結鄉五濱路二段
  -> Not Found.

[184/602] Processing: 宜蘭縣員山鄉枕山一村15號 (12218016438.md)
    -> Recursing level 1: 宜蘭縣員山鄉枕山一村
  -> Not Found.

[201/602] Processing: 宜蘭縣礁溪鄉五峰路2號 (12219763278.md)
    -> Recursing level 1: 宜蘭縣礁溪鄉五峰路
  -> Not Found.

[205/602] Processing: 介於三義交流道、后里交流道中間 (12220183353.md)
  -> Not Found.

[210/602] Processing: 臺灣花蓮縣秀林鄉台8線東側入口處189k (12221449272.md)
  -> Not Found.

[211/602] Processing: 花蓮縣壽豐鄉四維路68號 (12221475780.md)
    -> Recursing level 1: 花蓮縣壽豐鄉四維路
  -> Not Found.

[222/602] Processing: ＧＯＯＧＬＥ導航設定在鼻頭角公園，然後從新興宮旁走上去 (12221693832.md)
  -> Not Found.

[230/602] Processing: 新北市林口區下福里2鄰15號 (12222019104.md)
    -> Recursing level 1: 新北市林口區下福里2鄰
  -> Not Found.

[238/602] Processing: 宜蘭縣冬山鄉三奉路77號 (12222140157.md)
    -> Recursing level 1: 宜蘭縣冬山鄉三奉路
  -> Not Found.

[239/602] Processing: 桃園縣觀音鄉大堀村下大堀184號 (12222162657.md)
    -> Recursing level 1: 桃園縣觀音鄉大堀村下大堀
  -> Not Found.

[241/602] Processing: 桃園市楊梅區四維路29號 (12222170085.md)
    -> Recursing level 1: 桃園市楊梅區四維路
  -> Not Found.

[242/602] Processing: 桃園市大園區沙崙村1鄰10號 (12222183501.md)
    -> Recursing level 1: 桃園市大園區沙崙村1鄰
  -> Not Found.

[269/602] Processing: 台北市中山區八德路二段322號 (12222472086.md)
    -> Recursing level 1: 台北市中山區八德路二段
  -> Not Found.

[280/602] Processing: 宜蘭縣壯圍鄉過嶺村壯濱路3段510 (12222543198.md)
  -> Not Found.

[285/602] Processing: 臺南市北門區永華里井仔腳興安宮旁 (12222631200.md)
  -> Not Found.

[287/602] Processing: 台南市白河區六重溪21-1號 (12222659328.md)
    -> Recursing level 1: 台南市白河區六重溪
  -> Not Found.

[291/602] Processing: 新北市新莊區四維路201號 (12222754656.md)
    -> Recursing level 1: 新北市新莊區四維路
  -> Not Found.

[312/602] Processing: 台北市中山區八德路二段292號 (12223143585.md)
    -> Recursing level 1: 台北市中山區八德路二段
  -> Not Found.

[315/602] Processing: 新竹縣關西鎮石光里石岡子76巷7號 (12223162365.md)
    -> Recursing level 1: 新竹縣關西鎮石光里石岡子76巷
  -> Not Found.

[330/602] Processing: 苗栗縣泰安鄉大興村3鄰63-10號 (12223306788.md)
    -> Recursing level 1: 苗栗縣泰安鄉大興村3鄰
  -> Not Found.

[337/602] Processing: 台北市中山區八德路二段284號 (12223424544.md)
    -> Recursing level 1: 台北市中山區八德路二段
  -> Not Found.

[346/602] Processing: 台北市陽明山永公路５４６號 (12223565088.md)
  -> Not Found.

[353/602] Processing: 桃園縣大園鄉海口村港口7-7號2樓16號攤位 (12223655469.md)
    -> Recursing level 1: 桃園縣大園鄉海口村港口
  -> Not Found.

[355/602] Processing: 台中市石岡區和盛街南巷10號 (12223673613.md)
    -> Recursing level 1: 台中市石岡區和盛街南巷
  -> Not Found.

[367/602] Processing: 台中市梧棲區海濱里北堤路 (12223794690.md)
  -> Not Found.

[381/602] Processing: 台北市中山區五常街53巷13號 (12223930587.md)
    -> Recursing level 1: 台北市中山區五常街53巷
  -> Not Found.

[385/602] Processing: 宜蘭縣員山鄉八甲路15-6號 (12223942641.md)
    -> Recursing level 1: 宜蘭縣員山鄉八甲路
  -> Not Found.

[393/602] Processing: 宜蘭縣羅東鎮站東路170巷3號 (12224048061.md)
    -> Recursing level 1: 宜蘭縣羅東鎮站東路170巷
  -> Not Found.

[396/602] Processing: 宜蘭縣頭城鎮協天路636巷36-2號 (12224076342.md)
    -> Recursing level 1: 宜蘭縣頭城鎮協天路636巷
  -> Not Found.

[418/602] Processing: 宜蘭縣礁溪鄉五峰路81巷6號 (12224837835.md)
    -> Recursing level 1: 宜蘭縣礁溪鄉五峰路81巷
  -> Not Found.

[430/602] Processing: 新北市板橋區四維路98-1號 (12224938807.md)
    -> Recursing level 1: 新北市板橋區四維路
  -> Not Found.

[467/602] Processing: 新北市板橋區四維路127號 (12225173417.md)
    -> Recursing level 1: 新北市板橋區四維路
  -> Not Found.

[473/602] Processing: 桃園市復興區5鄰丸山52-3號 (12225204205.md)
    -> Recursing level 1: 桃園市復興區5鄰丸山
  -> Not Found.

[474/602] Processing: 新北市板橋區四維路196號 (12225207439.md)
    -> Recursing level 1: 新北市板橋區四維路
  -> Not Found.

[481/602] Processing: 宜蘭縣五結鄉五結路一段92號 (12225234341.md)
    -> Recursing level 1: 宜蘭縣五結鄉五結路一段
  -> Not Found.

[513/602] Processing: 苗栗縣頭屋鄉明德路12鄰156號 (12225879956.md)
    -> Recursing level 1: 苗栗縣頭屋鄉明德路12鄰
  -> Not Found.

[538/602] Processing: 新北市林口區文化三路一段402巷2號3樓 (12226544017.md)
    -> Recursing level 1: 新北市林口區文化三路一段402巷
  -> Not Found.

[543/602] Processing: 新北市板橋區四川路一段20號 (12226578319.md)
    -> Recursing level 1: 新北市板橋區四川路一段
  -> Not Found.

[572/602] Processing: 新北市市民廣場、板橋車站站前廣場、萬坪公園、府中廣場 (12227144089.md)
  -> Not Found.

[577/602] Processing: 新北市新店區花園六路1號 (12227221990.md)
    -> Recursing level 1: 新北市新店區花園六路
  -> Not Found.

[581/602] Processing: 宜蘭縣五結鄉五結路二段117巷7之3號 (12227277622.md)
    -> Recursing level 1: 宜蘭縣五結鄉五結路二段117巷
  -> Not Found.

[586/602] Processing: 台北市松山區八德路三段74巷74號 (12227305798.md)
    -> Recursing level 1: 台北市松山區八德路三段74巷
  -> Not Found.

[602/602] Processing: 新北市市民廣場、板橋車站站前廣場、萬坪公園、府中廣場 (227144089.md)
  -> Not Found.

Job Complete. Updated 1 files.
