Uncategorized Files: 710
--- Sample Uncategorized Titles ---
兩隻小豬
兩隻小豬
兩隻小豬
兩隻小豬
兩隻小豬
兩隻小豬
*教學*Arduino WIFI(ESP8266) 初次上手應用
兩隻小豬
兩隻小豬
兩隻小豬
兩隻小豬
兩隻小豬
兩隻小豬
兩隻小豬
兩隻小豬
兩隻小豬
兩隻小豬
兩隻小豬
兩隻小豬
兩隻小豬
兩隻小豬
兩隻小豬
兩隻小豬
兩隻小豬
兩隻小豬
兩隻小豬
兩隻小豬
兩隻小豬
兩隻小豬
兩隻小豬
兩隻小豬
兩隻小豬
兩隻小豬
兩隻小豬
兩隻小豬
兩隻小豬
兩隻小豬
兩隻小豬
兩隻小豬
兩隻小豬
兩隻小豬
兩隻小豬
兩隻小豬
兩隻小豬
兩隻小豬
兩隻小豬
兩隻小豬
兩隻小豬
兩隻小豬
兩隻小豬
Top 50 Unmapped Tags:
unread: 704
life: 5
FB粉絲團: 1
T.ME Café: 1
境星空Jing star-sky: 1
湯蒸火鍋: 1
網路購物網: 1
莊涮鍋物料理: 1
禾 多 靜巷 - Herdor Near: 1
請點這: 1
久留米日式咖哩: 1
萃年華滷味: 1
噠啵曲奇餅乾: 1
